[0.006s] Invoking command in '/home/zjh/vrx_ws/build/vrx_ros': CMAKE_PREFIX_PATH=/opt/ros/humble /usr/bin/cmake /home/zjh/vrx_ws/src/vrx/vrx_ros -DCMAKE_INSTALL_PREFIX=/home/zjh/vrx_ws/install
[0.039s] -- The C compiler identification is GNU 11.4.0
[0.075s] -- The CXX compiler identification is GNU 11.4.0
[0.080s] -- Detecting C compiler ABI info
[0.123s] -- Detecting C compiler ABI info - done
[0.132s] -- Check for working C compiler: /usr/bin/cc - skipped
[0.132s] -- Detecting C compile features
[0.132s] -- Detecting C compile features - done
[0.132s] -- Detecting CXX compiler ABI info
[0.180s] -- Detecting CXX compiler ABI info - done
[0.184s] -- Check for working CXX compiler: /usr/bin/c++ - skipped
[0.184s] -- Detecting CXX compile features
[0.184s] -- Detecting CXX compile features - done
[0.185s] -- Found ament_cmake: 1.3.10 (/opt/ros/humble/share/ament_cmake/cmake)
[0.274s] -- Found Python3: /usr/bin/python3 (found version "3.10.12") found components: Interpreter 
[0.323s] -- Found geometry_msgs: 4.2.4 (/opt/ros/humble/share/geometry_msgs/cmake)
[0.341s] -- Found rosidl_generator_c: 3.1.5 (/opt/ros/humble/share/rosidl_generator_c/cmake)
[0.343s] -- Found rosidl_adapter: 3.1.5 (/opt/ros/humble/share/rosidl_adapter/cmake)
[0.347s] -- Found rosidl_generator_cpp: 3.1.5 (/opt/ros/humble/share/rosidl_generator_cpp/cmake)
[0.354s] -- Using all available rosidl_typesupport_c: rosidl_typesupport_fastrtps_c;rosidl_typesupport_introspection_c
[0.365s] -- Using all available rosidl_typesupport_cpp: rosidl_typesupport_fastrtps_cpp;rosidl_typesupport_introspection_cpp
[0.386s] -- Looking for gz-msgs9 -- found version 9.5.1
[0.389s] -- Searching for dependencies of gz-msgs9
[0.493s] -- Found Protobuf: /usr/lib/x86_64-linux-gnu/libprotobuf.so (found version "3.12.4") 
[0.495s] -- Looking for gz-math7 -- found version 7.5.1
[0.495s] -- Searching for dependencies of gz-math7
[0.496s] -- Looking for gz-utils2 -- found version 2.2.0
[0.496s] -- Searching for dependencies of gz-utils2
[0.501s] -- Checking for module 'tinyxml2'
[0.508s] --   Found tinyxml2, version 9.0.0
[0.529s] -- Looking for gz-transport12 -- found version 12.2.2
[0.529s] -- Searching for dependencies of gz-transport12
[0.547s] -- Config-file not installed for ZeroMQ -- checking for pkg-config
[0.549s] -- Checking for module 'libzmq >= 4'
[0.557s] --   Found libzmq , version 4.3.4
[0.578s] -- Found ZeroMQ: TRUE (Required is at least version "4") 
[0.583s] -- Checking for module 'uuid'
[0.590s] --   Found uuid, version 2.37.2
[0.611s] -- Found UUID: TRUE  
[0.611s] -- Looking for gz-utils2 -- found version 2.2.0
[0.611s] -- Searching for dependencies of gz-utils2
[0.611s] -- Searching for <gz-utils2> component [cli]
[0.612s] -- Looking for gz-utils2-cli -- found version 2.2.0
[0.612s] -- Searching for dependencies of gz-utils2-cli
[0.612s] -- Looking for gz-msgs9 -- found version 9.5.1
[0.613s] -- Found rclcpp: 16.0.10 (/opt/ros/humble/share/rclcpp/cmake)
[0.634s] -- Found rmw_implementation_cmake: 6.1.2 (/opt/ros/humble/share/rmw_implementation_cmake/cmake)
[0.634s] -- Found rmw_fastrtps_cpp: 6.2.7 (/opt/ros/humble/share/rmw_fastrtps_cpp/cmake)
[0.685s] -- Found OpenSSL: /usr/lib/x86_64-linux-gnu/libcrypto.so (found version "3.0.2")  
[0.700s] -- Found FastRTPS: /opt/ros/humble/include  
[0.727s] -- Using RMW implementation 'rmw_fastrtps_cpp' as default
[0.730s] -- Found Threads: TRUE  
[0.754s] -- Found ros_gz_interfaces: 0.244.11 (/opt/ros/humble/share/ros_gz_interfaces/cmake)
[0.765s] -- Found sensor_msgs: 4.2.4 (/opt/ros/humble/share/sensor_msgs/cmake)
[0.774s] -- Found tf2: 0.25.8 (/opt/ros/humble/share/tf2/cmake)
[0.779s] -- Found tf2_msgs: 0.25.8 (/opt/ros/humble/share/tf2_msgs/cmake)
[0.806s] -- Found tf2_ros: 0.25.8 (/opt/ros/humble/share/tf2_ros/cmake)
[0.869s] -- Configuring done
[0.876s] -- Generating done
[0.877s] -- Build files have been written to: /home/zjh/vrx_ws/build/vrx_ros
[0.883s] Invoked command in '/home/zjh/vrx_ws/build/vrx_ros' returned '0': CMAKE_PREFIX_PATH=/opt/ros/humble /usr/bin/cmake /home/zjh/vrx_ws/src/vrx/vrx_ros -DCMAKE_INSTALL_PREFIX=/home/zjh/vrx_ws/install
[0.884s] Invoking command in '/home/zjh/vrx_ws/build/vrx_ros': CMAKE_PREFIX_PATH=/opt/ros/humble /usr/bin/cmake --build /home/zjh/vrx_ws/build/vrx_ros -- -j24 -l24
[0.916s] [ 25%] [32mBuilding CXX object CMakeFiles/pose_tf_broadcaster.dir/src/pose_tf_broadcaster.cc.o[0m
[0.916s] [ 50%] [32mBuilding CXX object CMakeFiles/optical_frame_publisher.dir/src/optical_frame_publisher.cc.o[0m
[5.629s] [ 75%] [32m[1mLinking CXX executable pose_tf_broadcaster[0m
[5.877s] [ 75%] Built target pose_tf_broadcaster
[7.586s] [100%] [32m[1mLinking CXX executable optical_frame_publisher[0m
[7.930s] [100%] Built target optical_frame_publisher
[7.941s] Invoked command in '/home/zjh/vrx_ws/build/vrx_ros' returned '0': CMAKE_PREFIX_PATH=/opt/ros/humble /usr/bin/cmake --build /home/zjh/vrx_ws/build/vrx_ros -- -j24 -l24
[7.958s] Invoking command in '/home/zjh/vrx_ws/build/vrx_ros': CMAKE_PREFIX_PATH=/opt/ros/humble /usr/bin/cmake --install /home/zjh/vrx_ws/build/vrx_ros
[7.963s] -- Install configuration: ""
[7.963s] -- Installing: /home/zjh/vrx_ws/install/lib/vrx_ros/optical_frame_publisher
[7.967s] -- Set runtime path of "/home/zjh/vrx_ws/install/lib/vrx_ros/optical_frame_publisher" to ""
[7.967s] -- Installing: /home/zjh/vrx_ws/install/lib/vrx_ros/pose_tf_broadcaster
[7.968s] -- Set runtime path of "/home/zjh/vrx_ws/install/lib/vrx_ros/pose_tf_broadcaster" to ""
[7.968s] -- Installing: /home/zjh/vrx_ws/install/share/vrx_ros/launch
[7.968s] -- Installing: /home/zjh/vrx_ws/install/share/vrx_ros/launch/monitor_sim.py
[7.968s] -- Installing: /home/zjh/vrx_ws/install/share/ament_index/resource_index/package_run_dependencies/vrx_ros
[7.968s] -- Installing: /home/zjh/vrx_ws/install/share/ament_index/resource_index/parent_prefix_path/vrx_ros
[7.968s] -- Installing: /home/zjh/vrx_ws/install/share/vrx_ros/environment/ament_prefix_path.sh
[7.968s] -- Installing: /home/zjh/vrx_ws/install/share/vrx_ros/environment/ament_prefix_path.dsv
[7.968s] -- Installing: /home/zjh/vrx_ws/install/share/vrx_ros/environment/path.sh
[7.968s] -- Installing: /home/zjh/vrx_ws/install/share/vrx_ros/environment/path.dsv
[7.968s] -- Installing: /home/zjh/vrx_ws/install/share/vrx_ros/local_setup.bash
[7.968s] -- Installing: /home/zjh/vrx_ws/install/share/vrx_ros/local_setup.sh
[7.968s] -- Installing: /home/zjh/vrx_ws/install/share/vrx_ros/local_setup.zsh
[7.968s] -- Installing: /home/zjh/vrx_ws/install/share/vrx_ros/local_setup.dsv
[7.968s] -- Installing: /home/zjh/vrx_ws/install/share/vrx_ros/package.dsv
[7.968s] -- Installing: /home/zjh/vrx_ws/install/share/ament_index/resource_index/packages/vrx_ros
[7.969s] -- Installing: /home/zjh/vrx_ws/install/share/vrx_ros/cmake/vrx_rosConfig.cmake
[7.969s] -- Installing: /home/zjh/vrx_ws/install/share/vrx_ros/cmake/vrx_rosConfig-version.cmake
[7.969s] -- Installing: /home/zjh/vrx_ws/install/share/vrx_ros/package.xml
[7.970s] Invoked command in '/home/zjh/vrx_ws/build/vrx_ros' returned '0': CMAKE_PREFIX_PATH=/opt/ros/humble /usr/bin/cmake --install /home/zjh/vrx_ws/build/vrx_ros
