[0.005s] Invoking command in '/home/zjh/vrx_ws/build/wamv_gazebo': CMAKE_PREFIX_PATH=${CMAKE_PREFIX_PATH}:/home/zjh/dev_ws/install/learning_urdf:/home/zjh/dev_ws/install/learning_topic:/home/zjh/dev_ws/install/learning_tf:/home/zjh/dev_ws/install/learning_service:/home/zjh/dev_ws/install/learning_qos:/home/zjh/dev_ws/install/learning_pkg_python:/home/zjh/dev_ws/install/learning_parameter:/home/zjh/dev_ws/install/learning_node:/home/zjh/dev_ws/install/learning_launch:/home/zjh/dev_ws/install/learning_action:/home/zjh/dev_ws/install/learning_gazebo_harmonic:/home/zjh/dev_ws/install/learning_gazebo:/home/zjh/dev_ws/install/learning_cv:/opt/ros/humble GZ_SIM_RESOURCE_PATH=/home/zjh/vrx_ws/install/share:${GZ_SIM_RESOURCE_PATH} LD_LIBRARY_PATH=/home/zjh/vrx_ws/install/lib:/usr/local/openmpi/lib:/usr/local/openmpi/lib:/usr/local/openmpi/lib:/usr/local/openmpi/lib:/usr/local/openmpi/lib:/home/zjh/dev_ws/install/learning_interface/lib:/opt/ros/humble/opt/rviz_ogre_vendor/lib:/opt/ros/humble/lib/x86_64-linux-gnu:/opt/ros/humble/lib /usr/bin/cmake --build /home/zjh/vrx_ws/build/wamv_gazebo -- -j24 -l24
[0.028s] Invoked command in '/home/zjh/vrx_ws/build/wamv_gazebo' returned '0': CMAKE_PREFIX_PATH=${CMAKE_PREFIX_PATH}:/home/zjh/dev_ws/install/learning_urdf:/home/zjh/dev_ws/install/learning_topic:/home/zjh/dev_ws/install/learning_tf:/home/zjh/dev_ws/install/learning_service:/home/zjh/dev_ws/install/learning_qos:/home/zjh/dev_ws/install/learning_pkg_python:/home/zjh/dev_ws/install/learning_parameter:/home/zjh/dev_ws/install/learning_node:/home/zjh/dev_ws/install/learning_launch:/home/zjh/dev_ws/install/learning_action:/home/zjh/dev_ws/install/learning_gazebo_harmonic:/home/zjh/dev_ws/install/learning_gazebo:/home/zjh/dev_ws/install/learning_cv:/opt/ros/humble GZ_SIM_RESOURCE_PATH=/home/zjh/vrx_ws/install/share:${GZ_SIM_RESOURCE_PATH} LD_LIBRARY_PATH=/home/zjh/vrx_ws/install/lib:/usr/local/openmpi/lib:/usr/local/openmpi/lib:/usr/local/openmpi/lib:/usr/local/openmpi/lib:/usr/local/openmpi/lib:/home/zjh/dev_ws/install/learning_interface/lib:/opt/ros/humble/opt/rviz_ogre_vendor/lib:/opt/ros/humble/lib/x86_64-linux-gnu:/opt/ros/humble/lib /usr/bin/cmake --build /home/zjh/vrx_ws/build/wamv_gazebo -- -j24 -l24
[0.043s] Invoking command in '/home/zjh/vrx_ws/build/wamv_gazebo': CMAKE_PREFIX_PATH=${CMAKE_PREFIX_PATH}:/home/zjh/dev_ws/install/learning_urdf:/home/zjh/dev_ws/install/learning_topic:/home/zjh/dev_ws/install/learning_tf:/home/zjh/dev_ws/install/learning_service:/home/zjh/dev_ws/install/learning_qos:/home/zjh/dev_ws/install/learning_pkg_python:/home/zjh/dev_ws/install/learning_parameter:/home/zjh/dev_ws/install/learning_node:/home/zjh/dev_ws/install/learning_launch:/home/zjh/dev_ws/install/learning_action:/home/zjh/dev_ws/install/learning_gazebo_harmonic:/home/zjh/dev_ws/install/learning_gazebo:/home/zjh/dev_ws/install/learning_cv:/opt/ros/humble GZ_SIM_RESOURCE_PATH=/home/zjh/vrx_ws/install/share:${GZ_SIM_RESOURCE_PATH} LD_LIBRARY_PATH=/home/zjh/vrx_ws/install/lib:/usr/local/openmpi/lib:/usr/local/openmpi/lib:/usr/local/openmpi/lib:/usr/local/openmpi/lib:/usr/local/openmpi/lib:/home/zjh/dev_ws/install/learning_interface/lib:/opt/ros/humble/opt/rviz_ogre_vendor/lib:/opt/ros/humble/lib/x86_64-linux-gnu:/opt/ros/humble/lib /usr/bin/cmake --install /home/zjh/vrx_ws/build/wamv_gazebo
[0.048s] -- Install configuration: ""
[0.048s] -- Up-to-date: /home/zjh/vrx_ws/install/share/wamv_gazebo/models
[0.048s] -- Up-to-date: /home/zjh/vrx_ws/install/share/wamv_gazebo/models/gps
[0.048s] -- Up-to-date: /home/zjh/vrx_ws/install/share/wamv_gazebo/models/gps/mesh
[0.048s] -- Up-to-date: /home/zjh/vrx_ws/install/share/wamv_gazebo/models/gps/mesh/gps.png
[0.048s] -- Up-to-date: /home/zjh/vrx_ws/install/share/wamv_gazebo/models/gps/mesh/gps.dae
[0.048s] -- Up-to-date: /home/zjh/vrx_ws/install/share/wamv_gazebo/models/gps/model.config
[0.048s] -- Up-to-date: /home/zjh/vrx_ws/install/share/wamv_gazebo/urdf
[0.048s] -- Up-to-date: /home/zjh/vrx_ws/install/share/wamv_gazebo/urdf/macros.xacro
[0.048s] -- Up-to-date: /home/zjh/vrx_ws/install/share/wamv_gazebo/urdf/wamv_gazebo.xacro
[0.048s] -- Up-to-date: /home/zjh/vrx_ws/install/share/wamv_gazebo/urdf/dynamics
[0.048s] -- Up-to-date: /home/zjh/vrx_ws/install/share/wamv_gazebo/urdf/dynamics/wamv_gazebo_dynamics_plugin.xacro
[0.048s] -- Up-to-date: /home/zjh/vrx_ws/install/share/wamv_gazebo/urdf/components
[0.048s] -- Up-to-date: /home/zjh/vrx_ws/install/share/wamv_gazebo/urdf/components/wamv_imu.xacro
[0.048s] -- Up-to-date: /home/zjh/vrx_ws/install/share/wamv_gazebo/urdf/components/wamv_camera.xacro
[0.048s] -- Up-to-date: /home/zjh/vrx_ws/install/share/wamv_gazebo/urdf/components/lidar.xacro
[0.049s] -- Up-to-date: /home/zjh/vrx_ws/install/share/wamv_gazebo/urdf/components/wamv_3d_lidar.xacro
[0.049s] -- Up-to-date: /home/zjh/vrx_ws/install/share/wamv_gazebo/urdf/components/wamv_gps.xacro
[0.049s] -- Up-to-date: /home/zjh/vrx_ws/install/share/wamv_gazebo/urdf/components/wamv_planar_lidar.xacro
[0.049s] -- Up-to-date: /home/zjh/vrx_ws/install/share/wamv_gazebo/urdf/components/wamv_p3d.xacro
[0.049s] -- Up-to-date: /home/zjh/vrx_ws/install/share/wamv_gazebo/urdf/components/wamv_pinger.xacro
[0.049s] -- Up-to-date: /home/zjh/vrx_ws/install/share/wamv_gazebo/urdf/components/ball_shooter.xacro
[0.049s] -- Up-to-date: /home/zjh/vrx_ws/install/share/wamv_gazebo/urdf/thruster_layouts
[0.049s] -- Up-to-date: /home/zjh/vrx_ws/install/share/wamv_gazebo/urdf/thruster_layouts/wamv_gazebo_thruster_config.xacro
[0.049s] -- Up-to-date: /home/zjh/vrx_ws/install/share/wamv_gazebo/urdf/thruster_layouts/wamv_aft_thrusters.xacro
[0.049s] -- Up-to-date: /home/zjh/vrx_ws/install/share/wamv_gazebo/urdf/thruster_layouts/wamv_x_thrusters.xacro
[0.049s] -- Up-to-date: /home/zjh/vrx_ws/install/share/wamv_gazebo/urdf/thruster_layouts/wamv_t_thrusters.xacro
[0.049s] -- Up-to-date: /home/zjh/vrx_ws/install/share/wamv_gazebo/urdf/wamv_gazebo.urdf.xacro
[0.049s] -- Up-to-date: /home/zjh/vrx_ws/install/share/ament_index/resource_index/package_run_dependencies/wamv_gazebo
[0.049s] -- Up-to-date: /home/zjh/vrx_ws/install/share/ament_index/resource_index/parent_prefix_path/wamv_gazebo
[0.049s] -- Up-to-date: /home/zjh/vrx_ws/install/share/wamv_gazebo/environment/ament_prefix_path.sh
[0.049s] -- Up-to-date: /home/zjh/vrx_ws/install/share/wamv_gazebo/environment/ament_prefix_path.dsv
[0.049s] -- Up-to-date: /home/zjh/vrx_ws/install/share/wamv_gazebo/environment/path.sh
[0.049s] -- Up-to-date: /home/zjh/vrx_ws/install/share/wamv_gazebo/environment/path.dsv
[0.049s] -- Up-to-date: /home/zjh/vrx_ws/install/share/wamv_gazebo/local_setup.bash
[0.049s] -- Up-to-date: /home/zjh/vrx_ws/install/share/wamv_gazebo/local_setup.sh
[0.049s] -- Up-to-date: /home/zjh/vrx_ws/install/share/wamv_gazebo/local_setup.zsh
[0.049s] -- Up-to-date: /home/zjh/vrx_ws/install/share/wamv_gazebo/local_setup.dsv
[0.049s] -- Installing: /home/zjh/vrx_ws/install/share/wamv_gazebo/package.dsv
[0.049s] -- Up-to-date: /home/zjh/vrx_ws/install/share/ament_index/resource_index/packages/wamv_gazebo
[0.049s] -- Up-to-date: /home/zjh/vrx_ws/install/share/wamv_gazebo/cmake/wamv_gazeboConfig.cmake
[0.049s] -- Up-to-date: /home/zjh/vrx_ws/install/share/wamv_gazebo/cmake/wamv_gazeboConfig-version.cmake
[0.049s] -- Up-to-date: /home/zjh/vrx_ws/install/share/wamv_gazebo/package.xml
[0.050s] Invoked command in '/home/zjh/vrx_ws/build/wamv_gazebo' returned '0': CMAKE_PREFIX_PATH=${CMAKE_PREFIX_PATH}:/home/zjh/dev_ws/install/learning_urdf:/home/zjh/dev_ws/install/learning_topic:/home/zjh/dev_ws/install/learning_tf:/home/zjh/dev_ws/install/learning_service:/home/zjh/dev_ws/install/learning_qos:/home/zjh/dev_ws/install/learning_pkg_python:/home/zjh/dev_ws/install/learning_parameter:/home/zjh/dev_ws/install/learning_node:/home/zjh/dev_ws/install/learning_launch:/home/zjh/dev_ws/install/learning_action:/home/zjh/dev_ws/install/learning_gazebo_harmonic:/home/zjh/dev_ws/install/learning_gazebo:/home/zjh/dev_ws/install/learning_cv:/opt/ros/humble GZ_SIM_RESOURCE_PATH=/home/zjh/vrx_ws/install/share:${GZ_SIM_RESOURCE_PATH} LD_LIBRARY_PATH=/home/zjh/vrx_ws/install/lib:/usr/local/openmpi/lib:/usr/local/openmpi/lib:/usr/local/openmpi/lib:/usr/local/openmpi/lib:/usr/local/openmpi/lib:/home/zjh/dev_ws/install/learning_interface/lib:/opt/ros/humble/opt/rviz_ogre_vendor/lib:/opt/ros/humble/lib/x86_64-linux-gnu:/opt/ros/humble/lib /usr/bin/cmake --install /home/zjh/vrx_ws/build/wamv_gazebo
