[0.004s] Invoking command in '/home/zjh/vrx_ws/build/wamv_description': AMENT_PREFIX_PATH=/home/zjh/vrx_ws/install:${AMENT_PREFIX_PATH} CMAKE_PREFIX_PATH=/home/zjh/vrx_ws/install:/opt/ros/humble GZ_SIM_RESOURCE_PATH=/home/zjh/vrx_ws/install/share/vrx_gazebo/models:/home/zjh/vrx_ws/install/share PYTHONPATH=/home/zjh/vrx_ws/install/local/lib/python3.10/dist-packages:${PYTHONPATH} /usr/bin/cmake /home/zjh/vrx_ws/src/vrx/vrx_urdf/wamv_description -DCMAKE_INSTALL_PREFIX=/home/zjh/vrx_ws/install
[0.043s] -- The C compiler identification is GNU 11.4.0
[0.075s] -- The CXX compiler identification is GNU 11.4.0
[0.079s] -- Detecting C compiler ABI info
[0.129s] -- Detecting C compiler ABI info - done
[0.133s] -- Check for working C compiler: /usr/bin/cc - skipped
[0.133s] -- Detecting C compile features
[0.133s] -- Detecting C compile features - done
[0.135s] -- Detecting CXX compiler ABI info
[0.189s] -- Detecting CXX compiler ABI info - done
[0.193s] -- Check for working CXX compiler: /usr/bin/c++ - skipped
[0.193s] -- Detecting CXX compile features
[0.193s] -- Detecting CXX compile features - done
[0.194s] -- Found ament_cmake: 1.3.10 (/opt/ros/humble/share/ament_cmake/cmake)
[0.289s] -- Found Python3: /usr/bin/python3 (found version "3.10.12") found components: Interpreter 
[0.344s] -- Found xacro: 2.0.8 (/opt/ros/humble/share/xacro/cmake)
[0.344s] -- xacro: determining deps for: urdf/wamv_base.urdf.xacro ...
[0.446s] -- Configuring done
[0.447s] -- Generating done
[0.448s] -- Build files have been written to: /home/zjh/vrx_ws/build/wamv_description
[0.450s] Invoked command in '/home/zjh/vrx_ws/build/wamv_description' returned '0': AMENT_PREFIX_PATH=/home/zjh/vrx_ws/install:${AMENT_PREFIX_PATH} CMAKE_PREFIX_PATH=/home/zjh/vrx_ws/install:/opt/ros/humble GZ_SIM_RESOURCE_PATH=/home/zjh/vrx_ws/install/share/vrx_gazebo/models:/home/zjh/vrx_ws/install/share PYTHONPATH=/home/zjh/vrx_ws/install/local/lib/python3.10/dist-packages:${PYTHONPATH} /usr/bin/cmake /home/zjh/vrx_ws/src/vrx/vrx_urdf/wamv_description -DCMAKE_INSTALL_PREFIX=/home/zjh/vrx_ws/install
[0.451s] Invoking command in '/home/zjh/vrx_ws/build/wamv_description': AMENT_PREFIX_PATH=/home/zjh/vrx_ws/install:${AMENT_PREFIX_PATH} CMAKE_PREFIX_PATH=/home/zjh/vrx_ws/install:/opt/ros/humble GZ_SIM_RESOURCE_PATH=/home/zjh/vrx_ws/install/share/vrx_gazebo/models:/home/zjh/vrx_ws/install/share PYTHONPATH=/home/zjh/vrx_ws/install/local/lib/python3.10/dist-packages:${PYTHONPATH} /usr/bin/cmake --build /home/zjh/vrx_ws/build/wamv_description -- -j24 -l24
[0.482s] [100%] [34m[1mxacro: generating urdf/wamv_base.urdf from urdf/wamv_base.urdf.xacro[0m
[0.558s] [100%] Built target wamv_description__xacro_auto_generate
[0.566s] Invoked command in '/home/zjh/vrx_ws/build/wamv_description' returned '0': AMENT_PREFIX_PATH=/home/zjh/vrx_ws/install:${AMENT_PREFIX_PATH} CMAKE_PREFIX_PATH=/home/zjh/vrx_ws/install:/opt/ros/humble GZ_SIM_RESOURCE_PATH=/home/zjh/vrx_ws/install/share/vrx_gazebo/models:/home/zjh/vrx_ws/install/share PYTHONPATH=/home/zjh/vrx_ws/install/local/lib/python3.10/dist-packages:${PYTHONPATH} /usr/bin/cmake --build /home/zjh/vrx_ws/build/wamv_description -- -j24 -l24
[0.584s] Invoking command in '/home/zjh/vrx_ws/build/wamv_description': AMENT_PREFIX_PATH=/home/zjh/vrx_ws/install:${AMENT_PREFIX_PATH} CMAKE_PREFIX_PATH=/home/zjh/vrx_ws/install:/opt/ros/humble GZ_SIM_RESOURCE_PATH=/home/zjh/vrx_ws/install/share/vrx_gazebo/models:/home/zjh/vrx_ws/install/share PYTHONPATH=/home/zjh/vrx_ws/install/local/lib/python3.10/dist-packages:${PYTHONPATH} /usr/bin/cmake --install /home/zjh/vrx_ws/build/wamv_description
[0.588s] -- Install configuration: ""
[0.588s] -- Installing: /home/zjh/vrx_ws/install/share/wamv_description/environment/resource_paths.dsv
[0.588s] -- Installing: /home/zjh/vrx_ws/install/share/wamv_description/environment/resource_paths.sh
[0.588s] -- Installing: /home/zjh/vrx_ws/install/share/wamv_description/urdf/wamv_base.urdf
[0.588s] -- Installing: /home/zjh/vrx_ws/install/share/wamv_description/models
[0.588s] -- Installing: /home/zjh/vrx_ws/install/share/wamv_description/models/engine
[0.588s] -- Installing: /home/zjh/vrx_ws/install/share/wamv_description/models/engine/mesh
[0.588s] -- Installing: /home/zjh/vrx_ws/install/share/wamv_description/models/engine/mesh/engine.dae
[0.588s] -- Installing: /home/zjh/vrx_ws/install/share/wamv_description/models/engine/model.config
[0.588s] -- Installing: /home/zjh/vrx_ws/install/share/wamv_description/models/propeller
[0.588s] -- Installing: /home/zjh/vrx_ws/install/share/wamv_description/models/propeller/mesh
[0.588s] -- Installing: /home/zjh/vrx_ws/install/share/wamv_description/models/propeller/mesh/propeller.dae
[0.588s] -- Installing: /home/zjh/vrx_ws/install/share/wamv_description/models/propeller/model.config
[0.588s] -- Installing: /home/zjh/vrx_ws/install/share/wamv_description/models/WAM-V-Base
[0.588s] -- Installing: /home/zjh/vrx_ws/install/share/wamv_description/models/WAM-V-Base/mesh
[0.588s] -- Installing: /home/zjh/vrx_ws/install/share/wamv_description/models/WAM-V-Base/mesh/WAM-V-Base.dae
[0.589s] -- Installing: /home/zjh/vrx_ws/install/share/wamv_description/models/WAM-V-Base/mesh/WamV.png
[0.589s] -- Installing: /home/zjh/vrx_ws/install/share/wamv_description/models/WAM-V-Base/mesh/WAM-V_Normal.png
[0.593s] -- Installing: /home/zjh/vrx_ws/install/share/wamv_description/models/WAM-V-Base/mesh/WAM-V_Albedo.png
[0.595s] -- Installing: /home/zjh/vrx_ws/install/share/wamv_description/models/WAM-V-Base/mesh/WAM-V_Metalness.png
[0.595s] -- Installing: /home/zjh/vrx_ws/install/share/wamv_description/models/WAM-V-Base/mesh/WAM-V_Roughness.png
[0.596s] -- Installing: /home/zjh/vrx_ws/install/share/wamv_description/models/WAM-V-Base/model.config
[0.597s] -- Up-to-date: /home/zjh/vrx_ws/install/share/wamv_description/urdf
[0.597s] -- Installing: /home/zjh/vrx_ws/install/share/wamv_description/urdf/thrusters
[0.597s] -- Installing: /home/zjh/vrx_ws/install/share/wamv_description/urdf/thrusters/engine.xacro
[0.597s] -- Installing: /home/zjh/vrx_ws/install/share/wamv_description/urdf/battery.xacro
[0.597s] -- Installing: /home/zjh/vrx_ws/install/share/wamv_description/urdf/wamv_base.urdf.xacro
[0.597s] -- Installing: /home/zjh/vrx_ws/install/share/wamv_description/urdf/cpu_cases.xacro
[0.597s] -- Installing: /home/zjh/vrx_ws/install/share/ament_index/resource_index/package_run_dependencies/wamv_description
[0.597s] -- Installing: /home/zjh/vrx_ws/install/share/ament_index/resource_index/parent_prefix_path/wamv_description
[0.597s] -- Installing: /home/zjh/vrx_ws/install/share/wamv_description/environment/ament_prefix_path.sh
[0.597s] -- Installing: /home/zjh/vrx_ws/install/share/wamv_description/environment/ament_prefix_path.dsv
[0.597s] -- Installing: /home/zjh/vrx_ws/install/share/wamv_description/environment/path.sh
[0.598s] -- Installing: /home/zjh/vrx_ws/install/share/wamv_description/environment/path.dsv
[0.598s] -- Installing: /home/zjh/vrx_ws/install/share/wamv_description/local_setup.bash
[0.598s] -- Installing: /home/zjh/vrx_ws/install/share/wamv_description/local_setup.sh
[0.598s] -- Installing: /home/zjh/vrx_ws/install/share/wamv_description/local_setup.zsh
[0.598s] -- Installing: /home/zjh/vrx_ws/install/share/wamv_description/local_setup.dsv
[0.598s] -- Installing: /home/zjh/vrx_ws/install/share/wamv_description/package.dsv
[0.598s] -- Installing: /home/zjh/vrx_ws/install/share/ament_index/resource_index/packages/wamv_description
[0.598s] -- Installing: /home/zjh/vrx_ws/install/share/wamv_description/cmake/wamv_descriptionConfig.cmake
[0.598s] -- Installing: /home/zjh/vrx_ws/install/share/wamv_description/cmake/wamv_descriptionConfig-version.cmake
[0.598s] -- Installing: /home/zjh/vrx_ws/install/share/wamv_description/package.xml
[0.600s] Invoked command in '/home/zjh/vrx_ws/build/wamv_description' returned '0': AMENT_PREFIX_PATH=/home/zjh/vrx_ws/install:${AMENT_PREFIX_PATH} CMAKE_PREFIX_PATH=/home/zjh/vrx_ws/install:/opt/ros/humble GZ_SIM_RESOURCE_PATH=/home/zjh/vrx_ws/install/share/vrx_gazebo/models:/home/zjh/vrx_ws/install/share PYTHONPATH=/home/zjh/vrx_ws/install/local/lib/python3.10/dist-packages:${PYTHONPATH} /usr/bin/cmake --install /home/zjh/vrx_ws/build/wamv_description
