[0.054s] DEBUG:colcon:Command line arguments: ['/usr/bin/colcon', 'build', '--merge-install']
[0.054s] DEBUG:colcon:Parsed command line arguments: Namespace(log_base=None, log_level=None, verb_name='build', build_base='build', install_base='install', merge_install=True, symlink_install=False, test_result_base=None, continue_on_error=False, executor='parallel', parallel_workers=24, event_handlers=None, ignore_user_meta=False, metas=['./colcon.meta'], base_paths=['.'], packages_ignore=None, packages_ignore_regex=None, paths=None, packages_up_to=None, packages_up_to_regex=None, packages_above=None, packages_above_and_dependencies=None, packages_above_depth=None, packages_select_by_dep=None, packages_skip_by_dep=None, packages_skip_up_to=None, packages_select_build_failed=False, packages_skip_build_finished=False, packages_select_test_failures=False, packages_skip_test_passed=False, packages_select=None, packages_skip=None, packages_select_regex=None, packages_skip_regex=None, packages_start=None, packages_end=None, allow_overriding=[], cmake_args=None, cmake_target=None, cmake_target_skip_unavailable=False, cmake_clean_cache=False, cmake_clean_first=False, cmake_force_configure=False, ament_cmake_args=None, catkin_cmake_args=None, catkin_skip_building_tests=False, verb_parser=<colcon_defaults.argument_parser.defaults.DefaultArgumentsDecorator object at 0x765a5112ada0>, verb_extension=<colcon_core.verb.build.BuildVerb object at 0x765a5112a860>, main=<bound method BuildVerb.main of <colcon_core.verb.build.BuildVerb object at 0x765a5112a860>>)
[0.131s] Level 1:colcon.colcon_core.package_discovery:discover_packages(colcon_meta) check parameters
[0.131s] Level 1:colcon.colcon_core.package_discovery:discover_packages(recursive) check parameters
[0.131s] Level 1:colcon.colcon_core.package_discovery:discover_packages(ignore) check parameters
[0.131s] Level 1:colcon.colcon_core.package_discovery:discover_packages(path) check parameters
[0.131s] Level 1:colcon.colcon_core.package_discovery:discover_packages(colcon_meta) discover
[0.131s] Level 1:colcon.colcon_core.package_discovery:discover_packages(recursive) discover
[0.131s] INFO:colcon.colcon_core.package_discovery:Crawling recursively for packages in '/home/zjh/vrx_ws'
[0.131s] Level 1:colcon.colcon_core.package_identification:_identify(.) by extensions ['ignore', 'ignore_ament_install']
[0.131s] Level 1:colcon.colcon_core.package_identification:_identify(.) by extension 'ignore'
[0.131s] Level 1:colcon.colcon_core.package_identification:_identify(.) by extension 'ignore_ament_install'
[0.131s] Level 1:colcon.colcon_core.package_identification:_identify(.) by extensions ['colcon_pkg']
[0.131s] Level 1:colcon.colcon_core.package_identification:_identify(.) by extension 'colcon_pkg'
[0.131s] Level 1:colcon.colcon_core.package_identification:_identify(.) by extensions ['colcon_meta']
[0.131s] Level 1:colcon.colcon_core.package_identification:_identify(.) by extension 'colcon_meta'
[0.131s] Level 1:colcon.colcon_core.package_identification:_identify(.) by extensions ['ros']
[0.131s] Level 1:colcon.colcon_core.package_identification:_identify(.) by extension 'ros'
[0.137s] Level 1:colcon.colcon_core.package_identification:_identify(.) by extensions ['cmake', 'python']
[0.137s] Level 1:colcon.colcon_core.package_identification:_identify(.) by extension 'cmake'
[0.137s] Level 1:colcon.colcon_core.package_identification:_identify(.) by extension 'python'
[0.137s] Level 1:colcon.colcon_core.package_identification:_identify(.) by extensions ['python_setup_py']
[0.137s] Level 1:colcon.colcon_core.package_identification:_identify(.) by extension 'python_setup_py'
[0.137s] Level 1:colcon.colcon_core.package_identification:_identify(build) by extensions ['ignore', 'ignore_ament_install']
[0.137s] Level 1:colcon.colcon_core.package_identification:_identify(build) by extension 'ignore'
[0.137s] Level 1:colcon.colcon_core.package_identification:_identify(build) ignored
[0.137s] Level 1:colcon.colcon_core.package_identification:_identify(install) by extensions ['ignore', 'ignore_ament_install']
[0.137s] Level 1:colcon.colcon_core.package_identification:_identify(install) by extension 'ignore'
[0.137s] Level 1:colcon.colcon_core.package_identification:_identify(install) ignored
[0.137s] Level 1:colcon.colcon_core.package_identification:_identify(log) by extensions ['ignore', 'ignore_ament_install']
[0.137s] Level 1:colcon.colcon_core.package_identification:_identify(log) by extension 'ignore'
[0.137s] Level 1:colcon.colcon_core.package_identification:_identify(log) ignored
[0.137s] Level 1:colcon.colcon_core.package_identification:_identify(src) by extensions ['ignore', 'ignore_ament_install']
[0.137s] Level 1:colcon.colcon_core.package_identification:_identify(src) by extension 'ignore'
[0.137s] Level 1:colcon.colcon_core.package_identification:_identify(src) by extension 'ignore_ament_install'
[0.137s] Level 1:colcon.colcon_core.package_identification:_identify(src) by extensions ['colcon_pkg']
[0.137s] Level 1:colcon.colcon_core.package_identification:_identify(src) by extension 'colcon_pkg'
[0.137s] Level 1:colcon.colcon_core.package_identification:_identify(src) by extensions ['colcon_meta']
[0.137s] Level 1:colcon.colcon_core.package_identification:_identify(src) by extension 'colcon_meta'
[0.137s] Level 1:colcon.colcon_core.package_identification:_identify(src) by extensions ['ros']
[0.138s] Level 1:colcon.colcon_core.package_identification:_identify(src) by extension 'ros'
[0.138s] Level 1:colcon.colcon_core.package_identification:_identify(src) by extensions ['cmake', 'python']
[0.138s] Level 1:colcon.colcon_core.package_identification:_identify(src) by extension 'cmake'
[0.138s] Level 1:colcon.colcon_core.package_identification:_identify(src) by extension 'python'
[0.138s] Level 1:colcon.colcon_core.package_identification:_identify(src) by extensions ['python_setup_py']
[0.138s] Level 1:colcon.colcon_core.package_identification:_identify(src) by extension 'python_setup_py'
[0.138s] Level 1:colcon.colcon_core.package_identification:_identify(src/example_vrx_package) by extensions ['ignore', 'ignore_ament_install']
[0.138s] Level 1:colcon.colcon_core.package_identification:_identify(src/example_vrx_package) by extension 'ignore'
[0.138s] Level 1:colcon.colcon_core.package_identification:_identify(src/example_vrx_package) by extension 'ignore_ament_install'
[0.138s] Level 1:colcon.colcon_core.package_identification:_identify(src/example_vrx_package) by extensions ['colcon_pkg']
[0.138s] Level 1:colcon.colcon_core.package_identification:_identify(src/example_vrx_package) by extension 'colcon_pkg'
[0.138s] Level 1:colcon.colcon_core.package_identification:_identify(src/example_vrx_package) by extensions ['colcon_meta']
[0.138s] Level 1:colcon.colcon_core.package_identification:_identify(src/example_vrx_package) by extension 'colcon_meta'
[0.138s] Level 1:colcon.colcon_core.package_identification:_identify(src/example_vrx_package) by extensions ['ros']
[0.138s] Level 1:colcon.colcon_core.package_identification:_identify(src/example_vrx_package) by extension 'ros'
[0.138s] Level 1:colcon.colcon_core.package_identification:_identify(src/example_vrx_package) by extensions ['cmake', 'python']
[0.138s] Level 1:colcon.colcon_core.package_identification:_identify(src/example_vrx_package) by extension 'cmake'
[0.138s] Level 1:colcon.colcon_core.package_identification:_identify(src/example_vrx_package) by extension 'python'
[0.138s] Level 1:colcon.colcon_core.package_identification:_identify(src/example_vrx_package) by extensions ['python_setup_py']
[0.138s] Level 1:colcon.colcon_core.package_identification:_identify(src/example_vrx_package) by extension 'python_setup_py'
[0.138s] Level 1:colcon.colcon_core.package_identification:_identify(src/vrx) by extensions ['ignore', 'ignore_ament_install']
[0.138s] Level 1:colcon.colcon_core.package_identification:_identify(src/vrx) by extension 'ignore'
[0.138s] Level 1:colcon.colcon_core.package_identification:_identify(src/vrx) by extension 'ignore_ament_install'
[0.138s] Level 1:colcon.colcon_core.package_identification:_identify(src/vrx) by extensions ['colcon_pkg']
[0.138s] Level 1:colcon.colcon_core.package_identification:_identify(src/vrx) by extension 'colcon_pkg'
[0.138s] Level 1:colcon.colcon_core.package_identification:_identify(src/vrx) by extensions ['colcon_meta']
[0.138s] Level 1:colcon.colcon_core.package_identification:_identify(src/vrx) by extension 'colcon_meta'
[0.138s] Level 1:colcon.colcon_core.package_identification:_identify(src/vrx) by extensions ['ros']
[0.138s] Level 1:colcon.colcon_core.package_identification:_identify(src/vrx) by extension 'ros'
[0.138s] Level 1:colcon.colcon_core.package_identification:_identify(src/vrx) by extensions ['cmake', 'python']
[0.138s] Level 1:colcon.colcon_core.package_identification:_identify(src/vrx) by extension 'cmake'
[0.138s] Level 1:colcon.colcon_core.package_identification:_identify(src/vrx) by extension 'python'
[0.138s] Level 1:colcon.colcon_core.package_identification:_identify(src/vrx) by extensions ['python_setup_py']
[0.138s] Level 1:colcon.colcon_core.package_identification:_identify(src/vrx) by extension 'python_setup_py'
[0.138s] Level 1:colcon.colcon_core.package_identification:_identify(src/vrx/images) by extensions ['ignore', 'ignore_ament_install']
[0.138s] Level 1:colcon.colcon_core.package_identification:_identify(src/vrx/images) by extension 'ignore'
[0.138s] Level 1:colcon.colcon_core.package_identification:_identify(src/vrx/images) by extension 'ignore_ament_install'
[0.138s] Level 1:colcon.colcon_core.package_identification:_identify(src/vrx/images) by extensions ['colcon_pkg']
[0.138s] Level 1:colcon.colcon_core.package_identification:_identify(src/vrx/images) by extension 'colcon_pkg'
[0.138s] Level 1:colcon.colcon_core.package_identification:_identify(src/vrx/images) by extensions ['colcon_meta']
[0.138s] Level 1:colcon.colcon_core.package_identification:_identify(src/vrx/images) by extension 'colcon_meta'
[0.138s] Level 1:colcon.colcon_core.package_identification:_identify(src/vrx/images) by extensions ['ros']
[0.138s] Level 1:colcon.colcon_core.package_identification:_identify(src/vrx/images) by extension 'ros'
[0.138s] Level 1:colcon.colcon_core.package_identification:_identify(src/vrx/images) by extensions ['cmake', 'python']
[0.138s] Level 1:colcon.colcon_core.package_identification:_identify(src/vrx/images) by extension 'cmake'
[0.138s] Level 1:colcon.colcon_core.package_identification:_identify(src/vrx/images) by extension 'python'
[0.138s] Level 1:colcon.colcon_core.package_identification:_identify(src/vrx/images) by extensions ['python_setup_py']
[0.138s] Level 1:colcon.colcon_core.package_identification:_identify(src/vrx/images) by extension 'python_setup_py'
[0.138s] Level 1:colcon.colcon_core.package_identification:_identify(src/vrx/vrx_gz) by extensions ['ignore', 'ignore_ament_install']
[0.138s] Level 1:colcon.colcon_core.package_identification:_identify(src/vrx/vrx_gz) by extension 'ignore'
[0.139s] Level 1:colcon.colcon_core.package_identification:_identify(src/vrx/vrx_gz) by extension 'ignore_ament_install'
[0.139s] Level 1:colcon.colcon_core.package_identification:_identify(src/vrx/vrx_gz) by extensions ['colcon_pkg']
[0.139s] Level 1:colcon.colcon_core.package_identification:_identify(src/vrx/vrx_gz) by extension 'colcon_pkg'
[0.139s] Level 1:colcon.colcon_core.package_identification:_identify(src/vrx/vrx_gz) by extensions ['colcon_meta']
[0.139s] Level 1:colcon.colcon_core.package_identification:_identify(src/vrx/vrx_gz) by extension 'colcon_meta'
[0.139s] Level 1:colcon.colcon_core.package_identification:_identify(src/vrx/vrx_gz) by extensions ['ros']
[0.139s] Level 1:colcon.colcon_core.package_identification:_identify(src/vrx/vrx_gz) by extension 'ros'
[0.140s] DEBUG:colcon.colcon_core.package_identification:Package 'src/vrx/vrx_gz' with type 'ros.ament_cmake' and name 'vrx_gz'
[0.140s] Level 1:colcon.colcon_core.package_identification:_identify(src/vrx/vrx_ros) by extensions ['ignore', 'ignore_ament_install']
[0.140s] Level 1:colcon.colcon_core.package_identification:_identify(src/vrx/vrx_ros) by extension 'ignore'
[0.140s] Level 1:colcon.colcon_core.package_identification:_identify(src/vrx/vrx_ros) by extension 'ignore_ament_install'
[0.140s] Level 1:colcon.colcon_core.package_identification:_identify(src/vrx/vrx_ros) by extensions ['colcon_pkg']
[0.140s] Level 1:colcon.colcon_core.package_identification:_identify(src/vrx/vrx_ros) by extension 'colcon_pkg'
[0.140s] Level 1:colcon.colcon_core.package_identification:_identify(src/vrx/vrx_ros) by extensions ['colcon_meta']
[0.140s] Level 1:colcon.colcon_core.package_identification:_identify(src/vrx/vrx_ros) by extension 'colcon_meta'
[0.140s] Level 1:colcon.colcon_core.package_identification:_identify(src/vrx/vrx_ros) by extensions ['ros']
[0.140s] Level 1:colcon.colcon_core.package_identification:_identify(src/vrx/vrx_ros) by extension 'ros'
[0.141s] DEBUG:colcon.colcon_core.package_identification:Package 'src/vrx/vrx_ros' with type 'ros.ament_cmake' and name 'vrx_ros'
[0.141s] Level 1:colcon.colcon_core.package_identification:_identify(src/vrx/vrx_urdf) by extensions ['ignore', 'ignore_ament_install']
[0.141s] Level 1:colcon.colcon_core.package_identification:_identify(src/vrx/vrx_urdf) by extension 'ignore'
[0.141s] Level 1:colcon.colcon_core.package_identification:_identify(src/vrx/vrx_urdf) by extension 'ignore_ament_install'
[0.141s] Level 1:colcon.colcon_core.package_identification:_identify(src/vrx/vrx_urdf) by extensions ['colcon_pkg']
[0.141s] Level 1:colcon.colcon_core.package_identification:_identify(src/vrx/vrx_urdf) by extension 'colcon_pkg'
[0.141s] Level 1:colcon.colcon_core.package_identification:_identify(src/vrx/vrx_urdf) by extensions ['colcon_meta']
[0.141s] Level 1:colcon.colcon_core.package_identification:_identify(src/vrx/vrx_urdf) by extension 'colcon_meta'
[0.141s] Level 1:colcon.colcon_core.package_identification:_identify(src/vrx/vrx_urdf) by extensions ['ros']
[0.141s] Level 1:colcon.colcon_core.package_identification:_identify(src/vrx/vrx_urdf) by extension 'ros'
[0.141s] Level 1:colcon.colcon_core.package_identification:_identify(src/vrx/vrx_urdf) by extensions ['cmake', 'python']
[0.141s] Level 1:colcon.colcon_core.package_identification:_identify(src/vrx/vrx_urdf) by extension 'cmake'
[0.141s] Level 1:colcon.colcon_core.package_identification:_identify(src/vrx/vrx_urdf) by extension 'python'
[0.141s] Level 1:colcon.colcon_core.package_identification:_identify(src/vrx/vrx_urdf) by extensions ['python_setup_py']
[0.141s] Level 1:colcon.colcon_core.package_identification:_identify(src/vrx/vrx_urdf) by extension 'python_setup_py'
[0.141s] Level 1:colcon.colcon_core.package_identification:_identify(src/vrx/vrx_urdf/vrx_gazebo) by extensions ['ignore', 'ignore_ament_install']
[0.141s] Level 1:colcon.colcon_core.package_identification:_identify(src/vrx/vrx_urdf/vrx_gazebo) by extension 'ignore'
[0.141s] Level 1:colcon.colcon_core.package_identification:_identify(src/vrx/vrx_urdf/vrx_gazebo) by extension 'ignore_ament_install'
[0.141s] Level 1:colcon.colcon_core.package_identification:_identify(src/vrx/vrx_urdf/vrx_gazebo) by extensions ['colcon_pkg']
[0.141s] Level 1:colcon.colcon_core.package_identification:_identify(src/vrx/vrx_urdf/vrx_gazebo) by extension 'colcon_pkg'
[0.141s] Level 1:colcon.colcon_core.package_identification:_identify(src/vrx/vrx_urdf/vrx_gazebo) by extensions ['colcon_meta']
[0.141s] Level 1:colcon.colcon_core.package_identification:_identify(src/vrx/vrx_urdf/vrx_gazebo) by extension 'colcon_meta'
[0.141s] Level 1:colcon.colcon_core.package_identification:_identify(src/vrx/vrx_urdf/vrx_gazebo) by extensions ['ros']
[0.141s] Level 1:colcon.colcon_core.package_identification:_identify(src/vrx/vrx_urdf/vrx_gazebo) by extension 'ros'
[0.141s] DEBUG:colcon.colcon_core.package_identification:Package 'src/vrx/vrx_urdf/vrx_gazebo' with type 'ros.ament_cmake' and name 'vrx_gazebo'
[0.142s] Level 1:colcon.colcon_core.package_identification:_identify(src/vrx/vrx_urdf/wamv_description) by extensions ['ignore', 'ignore_ament_install']
[0.142s] Level 1:colcon.colcon_core.package_identification:_identify(src/vrx/vrx_urdf/wamv_description) by extension 'ignore'
[0.142s] Level 1:colcon.colcon_core.package_identification:_identify(src/vrx/vrx_urdf/wamv_description) by extension 'ignore_ament_install'
[0.142s] Level 1:colcon.colcon_core.package_identification:_identify(src/vrx/vrx_urdf/wamv_description) by extensions ['colcon_pkg']
[0.142s] Level 1:colcon.colcon_core.package_identification:_identify(src/vrx/vrx_urdf/wamv_description) by extension 'colcon_pkg'
[0.142s] Level 1:colcon.colcon_core.package_identification:_identify(src/vrx/vrx_urdf/wamv_description) by extensions ['colcon_meta']
[0.142s] Level 1:colcon.colcon_core.package_identification:_identify(src/vrx/vrx_urdf/wamv_description) by extension 'colcon_meta'
[0.142s] Level 1:colcon.colcon_core.package_identification:_identify(src/vrx/vrx_urdf/wamv_description) by extensions ['ros']
[0.142s] Level 1:colcon.colcon_core.package_identification:_identify(src/vrx/vrx_urdf/wamv_description) by extension 'ros'
[0.142s] DEBUG:colcon.colcon_core.package_identification:Package 'src/vrx/vrx_urdf/wamv_description' with type 'ros.ament_cmake' and name 'wamv_description'
[0.142s] Level 1:colcon.colcon_core.package_identification:_identify(src/vrx/vrx_urdf/wamv_gazebo) by extensions ['ignore', 'ignore_ament_install']
[0.142s] Level 1:colcon.colcon_core.package_identification:_identify(src/vrx/vrx_urdf/wamv_gazebo) by extension 'ignore'
[0.142s] Level 1:colcon.colcon_core.package_identification:_identify(src/vrx/vrx_urdf/wamv_gazebo) by extension 'ignore_ament_install'
[0.142s] Level 1:colcon.colcon_core.package_identification:_identify(src/vrx/vrx_urdf/wamv_gazebo) by extensions ['colcon_pkg']
[0.142s] Level 1:colcon.colcon_core.package_identification:_identify(src/vrx/vrx_urdf/wamv_gazebo) by extension 'colcon_pkg'
[0.142s] Level 1:colcon.colcon_core.package_identification:_identify(src/vrx/vrx_urdf/wamv_gazebo) by extensions ['colcon_meta']
[0.142s] Level 1:colcon.colcon_core.package_identification:_identify(src/vrx/vrx_urdf/wamv_gazebo) by extension 'colcon_meta'
[0.142s] Level 1:colcon.colcon_core.package_identification:_identify(src/vrx/vrx_urdf/wamv_gazebo) by extensions ['ros']
[0.142s] Level 1:colcon.colcon_core.package_identification:_identify(src/vrx/vrx_urdf/wamv_gazebo) by extension 'ros'
[0.143s] DEBUG:colcon.colcon_core.package_identification:Package 'src/vrx/vrx_urdf/wamv_gazebo' with type 'ros.ament_cmake' and name 'wamv_gazebo'
[0.143s] Level 1:colcon.colcon_core.package_discovery:discover_packages(recursive) using defaults
[0.143s] Level 1:colcon.colcon_core.package_discovery:discover_packages(ignore) discover
[0.143s] Level 1:colcon.colcon_core.package_discovery:discover_packages(ignore) using defaults
[0.143s] Level 1:colcon.colcon_core.package_discovery:discover_packages(path) discover
[0.143s] Level 1:colcon.colcon_core.package_discovery:discover_packages(path) using defaults
[0.154s] Level 1:colcon.colcon_core.package_discovery:discover_packages(prefix_path) check parameters
[0.154s] Level 1:colcon.colcon_core.package_discovery:discover_packages(prefix_path) discover
[0.159s] DEBUG:colcon.colcon_installed_package_information.package_discovery:Found 5 installed packages in /home/zjh/vrx_ws/install
[0.159s] DEBUG:colcon.colcon_installed_package_information.package_discovery:Found 21 installed packages in /home/zjh/dev_ws/install
[0.160s] DEBUG:colcon.colcon_installed_package_information.package_discovery:Found 324 installed packages in /opt/ros/humble
[0.161s] Level 1:colcon.colcon_core.package_discovery:discover_packages(prefix_path) using defaults
[0.180s] Level 5:colcon.colcon_core.verb:set package 'vrx_gazebo' build argument 'cmake_args' from command line to 'None'
[0.180s] Level 5:colcon.colcon_core.verb:set package 'vrx_gazebo' build argument 'cmake_target' from command line to 'None'
[0.180s] Level 5:colcon.colcon_core.verb:set package 'vrx_gazebo' build argument 'cmake_target_skip_unavailable' from command line to 'False'
[0.180s] Level 5:colcon.colcon_core.verb:set package 'vrx_gazebo' build argument 'cmake_clean_cache' from command line to 'False'
[0.180s] Level 5:colcon.colcon_core.verb:set package 'vrx_gazebo' build argument 'cmake_clean_first' from command line to 'False'
[0.180s] Level 5:colcon.colcon_core.verb:set package 'vrx_gazebo' build argument 'cmake_force_configure' from command line to 'False'
[0.180s] Level 5:colcon.colcon_core.verb:set package 'vrx_gazebo' build argument 'ament_cmake_args' from command line to 'None'
[0.180s] Level 5:colcon.colcon_core.verb:set package 'vrx_gazebo' build argument 'catkin_cmake_args' from command line to 'None'
[0.180s] Level 5:colcon.colcon_core.verb:set package 'vrx_gazebo' build argument 'catkin_skip_building_tests' from command line to 'False'
[0.180s] DEBUG:colcon.colcon_core.verb:Building package 'vrx_gazebo' with the following arguments: {'ament_cmake_args': None, 'build_base': '/home/zjh/vrx_ws/build/vrx_gazebo', 'catkin_cmake_args': None, 'catkin_skip_building_tests': False, 'cmake_args': None, 'cmake_clean_cache': False, 'cmake_clean_first': False, 'cmake_force_configure': False, 'cmake_target': None, 'cmake_target_skip_unavailable': False, 'install_base': '/home/zjh/vrx_ws/install', 'merge_install': True, 'path': '/home/zjh/vrx_ws/src/vrx/vrx_urdf/vrx_gazebo', 'symlink_install': False, 'test_result_base': None}
[0.180s] Level 5:colcon.colcon_core.verb:set package 'vrx_ros' build argument 'cmake_args' from command line to 'None'
[0.180s] Level 5:colcon.colcon_core.verb:set package 'vrx_ros' build argument 'cmake_target' from command line to 'None'
[0.180s] Level 5:colcon.colcon_core.verb:set package 'vrx_ros' build argument 'cmake_target_skip_unavailable' from command line to 'False'
[0.180s] Level 5:colcon.colcon_core.verb:set package 'vrx_ros' build argument 'cmake_clean_cache' from command line to 'False'
[0.180s] Level 5:colcon.colcon_core.verb:set package 'vrx_ros' build argument 'cmake_clean_first' from command line to 'False'
[0.180s] Level 5:colcon.colcon_core.verb:set package 'vrx_ros' build argument 'cmake_force_configure' from command line to 'False'
[0.180s] Level 5:colcon.colcon_core.verb:set package 'vrx_ros' build argument 'ament_cmake_args' from command line to 'None'
[0.180s] Level 5:colcon.colcon_core.verb:set package 'vrx_ros' build argument 'catkin_cmake_args' from command line to 'None'
[0.180s] Level 5:colcon.colcon_core.verb:set package 'vrx_ros' build argument 'catkin_skip_building_tests' from command line to 'False'
[0.180s] DEBUG:colcon.colcon_core.verb:Building package 'vrx_ros' with the following arguments: {'ament_cmake_args': None, 'build_base': '/home/zjh/vrx_ws/build/vrx_ros', 'catkin_cmake_args': None, 'catkin_skip_building_tests': False, 'cmake_args': None, 'cmake_clean_cache': False, 'cmake_clean_first': False, 'cmake_force_configure': False, 'cmake_target': None, 'cmake_target_skip_unavailable': False, 'install_base': '/home/zjh/vrx_ws/install', 'merge_install': True, 'path': '/home/zjh/vrx_ws/src/vrx/vrx_ros', 'symlink_install': False, 'test_result_base': None}
[0.181s] Level 5:colcon.colcon_core.verb:set package 'vrx_gz' build argument 'cmake_args' from command line to 'None'
[0.181s] Level 5:colcon.colcon_core.verb:set package 'vrx_gz' build argument 'cmake_target' from command line to 'None'
[0.181s] Level 5:colcon.colcon_core.verb:set package 'vrx_gz' build argument 'cmake_target_skip_unavailable' from command line to 'False'
[0.181s] Level 5:colcon.colcon_core.verb:set package 'vrx_gz' build argument 'cmake_clean_cache' from command line to 'False'
[0.181s] Level 5:colcon.colcon_core.verb:set package 'vrx_gz' build argument 'cmake_clean_first' from command line to 'False'
[0.181s] Level 5:colcon.colcon_core.verb:set package 'vrx_gz' build argument 'cmake_force_configure' from command line to 'False'
[0.181s] Level 5:colcon.colcon_core.verb:set package 'vrx_gz' build argument 'ament_cmake_args' from command line to 'None'
[0.181s] Level 5:colcon.colcon_core.verb:set package 'vrx_gz' build argument 'catkin_cmake_args' from command line to 'None'
[0.181s] Level 5:colcon.colcon_core.verb:set package 'vrx_gz' build argument 'catkin_skip_building_tests' from command line to 'False'
[0.181s] DEBUG:colcon.colcon_core.verb:Building package 'vrx_gz' with the following arguments: {'ament_cmake_args': None, 'build_base': '/home/zjh/vrx_ws/build/vrx_gz', 'catkin_cmake_args': None, 'catkin_skip_building_tests': False, 'cmake_args': None, 'cmake_clean_cache': False, 'cmake_clean_first': False, 'cmake_force_configure': False, 'cmake_target': None, 'cmake_target_skip_unavailable': False, 'install_base': '/home/zjh/vrx_ws/install', 'merge_install': True, 'path': '/home/zjh/vrx_ws/src/vrx/vrx_gz', 'symlink_install': False, 'test_result_base': None}
[0.181s] Level 5:colcon.colcon_core.verb:set package 'wamv_description' build argument 'cmake_args' from command line to 'None'
[0.181s] Level 5:colcon.colcon_core.verb:set package 'wamv_description' build argument 'cmake_target' from command line to 'None'
[0.181s] Level 5:colcon.colcon_core.verb:set package 'wamv_description' build argument 'cmake_target_skip_unavailable' from command line to 'False'
[0.181s] Level 5:colcon.colcon_core.verb:set package 'wamv_description' build argument 'cmake_clean_cache' from command line to 'False'
[0.181s] Level 5:colcon.colcon_core.verb:set package 'wamv_description' build argument 'cmake_clean_first' from command line to 'False'
[0.181s] Level 5:colcon.colcon_core.verb:set package 'wamv_description' build argument 'cmake_force_configure' from command line to 'False'
[0.181s] Level 5:colcon.colcon_core.verb:set package 'wamv_description' build argument 'ament_cmake_args' from command line to 'None'
[0.181s] Level 5:colcon.colcon_core.verb:set package 'wamv_description' build argument 'catkin_cmake_args' from command line to 'None'
[0.181s] Level 5:colcon.colcon_core.verb:set package 'wamv_description' build argument 'catkin_skip_building_tests' from command line to 'False'
[0.181s] DEBUG:colcon.colcon_core.verb:Building package 'wamv_description' with the following arguments: {'ament_cmake_args': None, 'build_base': '/home/zjh/vrx_ws/build/wamv_description', 'catkin_cmake_args': None, 'catkin_skip_building_tests': False, 'cmake_args': None, 'cmake_clean_cache': False, 'cmake_clean_first': False, 'cmake_force_configure': False, 'cmake_target': None, 'cmake_target_skip_unavailable': False, 'install_base': '/home/zjh/vrx_ws/install', 'merge_install': True, 'path': '/home/zjh/vrx_ws/src/vrx/vrx_urdf/wamv_description', 'symlink_install': False, 'test_result_base': None}
[0.181s] Level 5:colcon.colcon_core.verb:set package 'wamv_gazebo' build argument 'cmake_args' from command line to 'None'
[0.181s] Level 5:colcon.colcon_core.verb:set package 'wamv_gazebo' build argument 'cmake_target' from command line to 'None'
[0.181s] Level 5:colcon.colcon_core.verb:set package 'wamv_gazebo' build argument 'cmake_target_skip_unavailable' from command line to 'False'
[0.181s] Level 5:colcon.colcon_core.verb:set package 'wamv_gazebo' build argument 'cmake_clean_cache' from command line to 'False'
[0.181s] Level 5:colcon.colcon_core.verb:set package 'wamv_gazebo' build argument 'cmake_clean_first' from command line to 'False'
[0.181s] Level 5:colcon.colcon_core.verb:set package 'wamv_gazebo' build argument 'cmake_force_configure' from command line to 'False'
[0.181s] Level 5:colcon.colcon_core.verb:set package 'wamv_gazebo' build argument 'ament_cmake_args' from command line to 'None'
[0.181s] Level 5:colcon.colcon_core.verb:set package 'wamv_gazebo' build argument 'catkin_cmake_args' from command line to 'None'
[0.181s] Level 5:colcon.colcon_core.verb:set package 'wamv_gazebo' build argument 'catkin_skip_building_tests' from command line to 'False'
[0.181s] DEBUG:colcon.colcon_core.verb:Building package 'wamv_gazebo' with the following arguments: {'ament_cmake_args': None, 'build_base': '/home/zjh/vrx_ws/build/wamv_gazebo', 'catkin_cmake_args': None, 'catkin_skip_building_tests': False, 'cmake_args': None, 'cmake_clean_cache': False, 'cmake_clean_first': False, 'cmake_force_configure': False, 'cmake_target': None, 'cmake_target_skip_unavailable': False, 'install_base': '/home/zjh/vrx_ws/install', 'merge_install': True, 'path': '/home/zjh/vrx_ws/src/vrx/vrx_urdf/wamv_gazebo', 'symlink_install': False, 'test_result_base': None}
[0.181s] INFO:colcon.colcon_core.executor:Executing jobs using 'parallel' executor
[0.182s] DEBUG:colcon.colcon_parallel_executor.executor.parallel:run_until_complete
[0.182s] INFO:colcon.colcon_ros.task.ament_cmake.build:Building ROS package in '/home/zjh/vrx_ws/src/vrx/vrx_urdf/vrx_gazebo' with build type 'ament_cmake'
[0.182s] INFO:colcon.colcon_cmake.task.cmake.build:Building CMake package in '/home/zjh/vrx_ws/src/vrx/vrx_urdf/vrx_gazebo'
[0.183s] INFO:colcon.colcon_core.plugin_system:Skipping extension 'colcon_core.shell.bat': Not used on non-Windows systems
[0.183s] INFO:colcon.colcon_core.shell:Skip shell extension 'powershell' for command environment: Not usable outside of PowerShell
[0.183s] DEBUG:colcon.colcon_core.shell:Skip shell extension 'dsv' for command environment
[0.185s] INFO:colcon.colcon_ros.task.ament_cmake.build:Building ROS package in '/home/zjh/vrx_ws/src/vrx/vrx_ros' with build type 'ament_cmake'
[0.186s] INFO:colcon.colcon_cmake.task.cmake.build:Building CMake package in '/home/zjh/vrx_ws/src/vrx/vrx_ros'
[0.186s] INFO:colcon.colcon_core.shell:Skip shell extension 'powershell' for command environment: Not usable outside of PowerShell
[0.186s] DEBUG:colcon.colcon_core.shell:Skip shell extension 'dsv' for command environment
[0.191s] DEBUG:colcon.colcon_core.event_handler.log_command:Invoking command in '/home/zjh/vrx_ws/build/vrx_gazebo': CMAKE_PREFIX_PATH=${CMAKE_PREFIX_PATH}:/home/zjh/dev_ws/install/learning_urdf:/home/zjh/dev_ws/install/learning_topic:/home/zjh/dev_ws/install/learning_tf:/home/zjh/dev_ws/install/learning_service:/home/zjh/dev_ws/install/learning_qos:/home/zjh/dev_ws/install/learning_pkg_python:/home/zjh/dev_ws/install/learning_parameter:/home/zjh/dev_ws/install/learning_node:/home/zjh/dev_ws/install/learning_launch:/home/zjh/dev_ws/install/learning_action:/home/zjh/dev_ws/install/learning_gazebo_harmonic:/home/zjh/dev_ws/install/learning_gazebo:/home/zjh/dev_ws/install/learning_cv:/opt/ros/humble /usr/bin/cmake --build /home/zjh/vrx_ws/build/vrx_gazebo -- -j24 -l24
[0.193s] DEBUG:colcon.colcon_core.event_handler.log_command:Invoking command in '/home/zjh/vrx_ws/build/vrx_ros': CMAKE_PREFIX_PATH=${CMAKE_PREFIX_PATH}:/home/zjh/dev_ws/install/learning_urdf:/home/zjh/dev_ws/install/learning_topic:/home/zjh/dev_ws/install/learning_tf:/home/zjh/dev_ws/install/learning_service:/home/zjh/dev_ws/install/learning_qos:/home/zjh/dev_ws/install/learning_pkg_python:/home/zjh/dev_ws/install/learning_parameter:/home/zjh/dev_ws/install/learning_node:/home/zjh/dev_ws/install/learning_launch:/home/zjh/dev_ws/install/learning_action:/home/zjh/dev_ws/install/learning_gazebo_harmonic:/home/zjh/dev_ws/install/learning_gazebo:/home/zjh/dev_ws/install/learning_cv:/opt/ros/humble /usr/bin/cmake --build /home/zjh/vrx_ws/build/vrx_ros -- -j24 -l24
[0.236s] DEBUG:colcon.colcon_core.event_handler.log_command:Invoked command in '/home/zjh/vrx_ws/build/vrx_ros' returned '0': CMAKE_PREFIX_PATH=${CMAKE_PREFIX_PATH}:/home/zjh/dev_ws/install/learning_urdf:/home/zjh/dev_ws/install/learning_topic:/home/zjh/dev_ws/install/learning_tf:/home/zjh/dev_ws/install/learning_service:/home/zjh/dev_ws/install/learning_qos:/home/zjh/dev_ws/install/learning_pkg_python:/home/zjh/dev_ws/install/learning_parameter:/home/zjh/dev_ws/install/learning_node:/home/zjh/dev_ws/install/learning_launch:/home/zjh/dev_ws/install/learning_action:/home/zjh/dev_ws/install/learning_gazebo_harmonic:/home/zjh/dev_ws/install/learning_gazebo:/home/zjh/dev_ws/install/learning_cv:/opt/ros/humble /usr/bin/cmake --build /home/zjh/vrx_ws/build/vrx_ros -- -j24 -l24
[0.258s] DEBUG:colcon.colcon_core.event_handler.log_command:Invoking command in '/home/zjh/vrx_ws/build/vrx_ros': CMAKE_PREFIX_PATH=${CMAKE_PREFIX_PATH}:/home/zjh/dev_ws/install/learning_urdf:/home/zjh/dev_ws/install/learning_topic:/home/zjh/dev_ws/install/learning_tf:/home/zjh/dev_ws/install/learning_service:/home/zjh/dev_ws/install/learning_qos:/home/zjh/dev_ws/install/learning_pkg_python:/home/zjh/dev_ws/install/learning_parameter:/home/zjh/dev_ws/install/learning_node:/home/zjh/dev_ws/install/learning_launch:/home/zjh/dev_ws/install/learning_action:/home/zjh/dev_ws/install/learning_gazebo_harmonic:/home/zjh/dev_ws/install/learning_gazebo:/home/zjh/dev_ws/install/learning_cv:/opt/ros/humble /usr/bin/cmake --install /home/zjh/vrx_ws/build/vrx_ros
[0.265s] Level 1:colcon.colcon_core.environment:create_environment_scripts_only(vrx_ros)
[0.265s] DEBUG:colcon.colcon_core.event_handler.log_command:Invoked command in '/home/zjh/vrx_ws/build/vrx_ros' returned '0': CMAKE_PREFIX_PATH=${CMAKE_PREFIX_PATH}:/home/zjh/dev_ws/install/learning_urdf:/home/zjh/dev_ws/install/learning_topic:/home/zjh/dev_ws/install/learning_tf:/home/zjh/dev_ws/install/learning_service:/home/zjh/dev_ws/install/learning_qos:/home/zjh/dev_ws/install/learning_pkg_python:/home/zjh/dev_ws/install/learning_parameter:/home/zjh/dev_ws/install/learning_node:/home/zjh/dev_ws/install/learning_launch:/home/zjh/dev_ws/install/learning_action:/home/zjh/dev_ws/install/learning_gazebo_harmonic:/home/zjh/dev_ws/install/learning_gazebo:/home/zjh/dev_ws/install/learning_cv:/opt/ros/humble /usr/bin/cmake --install /home/zjh/vrx_ws/build/vrx_ros
[0.266s] Level 1:colcon.colcon_core.environment:checking '/home/zjh/vrx_ws/install' for CMake module files
[0.266s] Level 1:colcon.colcon_core.environment:checking '/home/zjh/vrx_ws/install' for CMake config files
[0.266s] Level 1:colcon.colcon_core.shell:create_environment_hook('vrx_ros', 'cmake_prefix_path')
[0.267s] INFO:colcon.colcon_core.shell:Creating environment hook '/home/zjh/vrx_ws/install/share/vrx_ros/hook/cmake_prefix_path.ps1'
[0.267s] INFO:colcon.colcon_core.shell:Creating environment descriptor '/home/zjh/vrx_ws/install/share/vrx_ros/hook/cmake_prefix_path.dsv'
[0.267s] INFO:colcon.colcon_core.shell:Creating environment hook '/home/zjh/vrx_ws/install/share/vrx_ros/hook/cmake_prefix_path.sh'
[0.267s] Level 1:colcon.colcon_core.environment:checking '/home/zjh/vrx_ws/install/lib'
[0.268s] Level 1:colcon.colcon_core.shell:create_environment_hook('vrx_ros', 'ld_library_path_lib')
[0.268s] INFO:colcon.colcon_core.shell:Creating environment hook '/home/zjh/vrx_ws/install/share/vrx_ros/hook/ld_library_path_lib.ps1'
[0.268s] INFO:colcon.colcon_core.shell:Creating environment descriptor '/home/zjh/vrx_ws/install/share/vrx_ros/hook/ld_library_path_lib.dsv'
[0.268s] INFO:colcon.colcon_core.shell:Creating environment hook '/home/zjh/vrx_ws/install/share/vrx_ros/hook/ld_library_path_lib.sh'
[0.268s] Level 1:colcon.colcon_core.environment:checking '/home/zjh/vrx_ws/install/bin'
[0.268s] Level 1:colcon.colcon_core.environment:checking '/home/zjh/vrx_ws/install/lib/pkgconfig/vrx_ros.pc'
[0.268s] Level 1:colcon.colcon_core.environment:checking '/home/zjh/vrx_ws/install/lib/python3.10/site-packages'
[0.268s] Level 1:colcon.colcon_core.environment:checking '/home/zjh/vrx_ws/install/bin'
[0.269s] INFO:colcon.colcon_core.shell:Creating package script '/home/zjh/vrx_ws/install/share/vrx_ros/package.ps1'
[0.269s] INFO:colcon.colcon_core.shell:Creating package descriptor '/home/zjh/vrx_ws/install/share/vrx_ros/package.dsv'
[0.269s] INFO:colcon.colcon_core.shell:Creating package script '/home/zjh/vrx_ws/install/share/vrx_ros/package.sh'
[0.270s] INFO:colcon.colcon_core.shell:Creating package script '/home/zjh/vrx_ws/install/share/vrx_ros/package.bash'
[0.270s] INFO:colcon.colcon_core.shell:Creating package script '/home/zjh/vrx_ws/install/share/vrx_ros/package.zsh'
[0.270s] Level 1:colcon.colcon_core.environment:create_file_with_runtime_dependencies(/home/zjh/vrx_ws/install/share/colcon-core/packages/vrx_ros)
[0.288s] Level 1:colcon.colcon_core.environment:create_environment_scripts_only(vrx_ros)
[0.288s] Level 1:colcon.colcon_core.environment:checking '/home/zjh/vrx_ws/install' for CMake module files
[0.288s] Level 1:colcon.colcon_core.environment:checking '/home/zjh/vrx_ws/install' for CMake config files
[0.288s] Level 1:colcon.colcon_core.shell:create_environment_hook('vrx_ros', 'cmake_prefix_path')
[0.289s] INFO:colcon.colcon_core.shell:Creating environment hook '/home/zjh/vrx_ws/install/share/vrx_ros/hook/cmake_prefix_path.ps1'
[0.289s] INFO:colcon.colcon_core.shell:Creating environment descriptor '/home/zjh/vrx_ws/install/share/vrx_ros/hook/cmake_prefix_path.dsv'
[0.289s] INFO:colcon.colcon_core.shell:Creating environment hook '/home/zjh/vrx_ws/install/share/vrx_ros/hook/cmake_prefix_path.sh'
[0.289s] Level 1:colcon.colcon_core.environment:checking '/home/zjh/vrx_ws/install/lib'
[0.289s] Level 1:colcon.colcon_core.shell:create_environment_hook('vrx_ros', 'ld_library_path_lib')
[0.289s] INFO:colcon.colcon_core.shell:Creating environment hook '/home/zjh/vrx_ws/install/share/vrx_ros/hook/ld_library_path_lib.ps1'
[0.290s] INFO:colcon.colcon_core.shell:Creating environment descriptor '/home/zjh/vrx_ws/install/share/vrx_ros/hook/ld_library_path_lib.dsv'
[0.290s] INFO:colcon.colcon_core.shell:Creating environment hook '/home/zjh/vrx_ws/install/share/vrx_ros/hook/ld_library_path_lib.sh'
[0.290s] Level 1:colcon.colcon_core.environment:checking '/home/zjh/vrx_ws/install/bin'
[0.290s] Level 1:colcon.colcon_core.environment:checking '/home/zjh/vrx_ws/install/lib/pkgconfig/vrx_ros.pc'
[0.290s] Level 1:colcon.colcon_core.environment:checking '/home/zjh/vrx_ws/install/lib/python3.10/site-packages'
[0.290s] Level 1:colcon.colcon_core.environment:checking '/home/zjh/vrx_ws/install/bin'
[0.290s] INFO:colcon.colcon_core.shell:Creating package script '/home/zjh/vrx_ws/install/share/vrx_ros/package.ps1'
[0.291s] INFO:colcon.colcon_core.shell:Creating package descriptor '/home/zjh/vrx_ws/install/share/vrx_ros/package.dsv'
[0.291s] INFO:colcon.colcon_core.shell:Creating package script '/home/zjh/vrx_ws/install/share/vrx_ros/package.sh'
[0.291s] INFO:colcon.colcon_core.shell:Creating package script '/home/zjh/vrx_ws/install/share/vrx_ros/package.bash'
[0.291s] INFO:colcon.colcon_core.shell:Creating package script '/home/zjh/vrx_ws/install/share/vrx_ros/package.zsh'
[0.291s] Level 1:colcon.colcon_core.environment:create_file_with_runtime_dependencies(/home/zjh/vrx_ws/install/share/colcon-core/packages/vrx_ros)
[0.291s] INFO:colcon.colcon_ros.task.ament_cmake.build:Building ROS package in '/home/zjh/vrx_ws/src/vrx/vrx_gz' with build type 'ament_cmake'
[0.292s] INFO:colcon.colcon_cmake.task.cmake.build:Building CMake package in '/home/zjh/vrx_ws/src/vrx/vrx_gz'
[0.292s] INFO:colcon.colcon_core.shell:Skip shell extension 'powershell' for command environment: Not usable outside of PowerShell
[0.292s] DEBUG:colcon.colcon_core.shell:Skip shell extension 'dsv' for command environment
[0.298s] DEBUG:colcon.colcon_core.event_handler.log_command:Invoking command in '/home/zjh/vrx_ws/build/vrx_gz': CMAKE_PREFIX_PATH=${CMAKE_PREFIX_PATH}:/home/zjh/dev_ws/install/learning_urdf:/home/zjh/dev_ws/install/learning_topic:/home/zjh/dev_ws/install/learning_tf:/home/zjh/dev_ws/install/learning_service:/home/zjh/dev_ws/install/learning_qos:/home/zjh/dev_ws/install/learning_pkg_python:/home/zjh/dev_ws/install/learning_parameter:/home/zjh/dev_ws/install/learning_node:/home/zjh/dev_ws/install/learning_launch:/home/zjh/dev_ws/install/learning_action:/home/zjh/dev_ws/install/learning_gazebo_harmonic:/home/zjh/dev_ws/install/learning_gazebo:/home/zjh/dev_ws/install/learning_cv:/opt/ros/humble /usr/bin/cmake --build /home/zjh/vrx_ws/build/vrx_gz -- -j24 -l24
[0.376s] DEBUG:colcon.colcon_core.event_handler.log_command:Invoked command in '/home/zjh/vrx_ws/build/vrx_gazebo' returned '0': CMAKE_PREFIX_PATH=${CMAKE_PREFIX_PATH}:/home/zjh/dev_ws/install/learning_urdf:/home/zjh/dev_ws/install/learning_topic:/home/zjh/dev_ws/install/learning_tf:/home/zjh/dev_ws/install/learning_service:/home/zjh/dev_ws/install/learning_qos:/home/zjh/dev_ws/install/learning_pkg_python:/home/zjh/dev_ws/install/learning_parameter:/home/zjh/dev_ws/install/learning_node:/home/zjh/dev_ws/install/learning_launch:/home/zjh/dev_ws/install/learning_action:/home/zjh/dev_ws/install/learning_gazebo_harmonic:/home/zjh/dev_ws/install/learning_gazebo:/home/zjh/dev_ws/install/learning_cv:/opt/ros/humble /usr/bin/cmake --build /home/zjh/vrx_ws/build/vrx_gazebo -- -j24 -l24
[0.392s] DEBUG:colcon.colcon_core.event_handler.log_command:Invoking command in '/home/zjh/vrx_ws/build/vrx_gazebo': CMAKE_PREFIX_PATH=${CMAKE_PREFIX_PATH}:/home/zjh/dev_ws/install/learning_urdf:/home/zjh/dev_ws/install/learning_topic:/home/zjh/dev_ws/install/learning_tf:/home/zjh/dev_ws/install/learning_service:/home/zjh/dev_ws/install/learning_qos:/home/zjh/dev_ws/install/learning_pkg_python:/home/zjh/dev_ws/install/learning_parameter:/home/zjh/dev_ws/install/learning_node:/home/zjh/dev_ws/install/learning_launch:/home/zjh/dev_ws/install/learning_action:/home/zjh/dev_ws/install/learning_gazebo_harmonic:/home/zjh/dev_ws/install/learning_gazebo:/home/zjh/dev_ws/install/learning_cv:/opt/ros/humble /usr/bin/cmake --install /home/zjh/vrx_ws/build/vrx_gazebo
[0.419s] Level 1:colcon.colcon_core.environment:create_environment_scripts_only(vrx_gazebo)
[0.419s] Level 1:colcon.colcon_core.environment:checking '/home/zjh/vrx_ws/install' for CMake module files
[0.420s] DEBUG:colcon.colcon_core.event_handler.log_command:Invoked command in '/home/zjh/vrx_ws/build/vrx_gazebo' returned '0': CMAKE_PREFIX_PATH=${CMAKE_PREFIX_PATH}:/home/zjh/dev_ws/install/learning_urdf:/home/zjh/dev_ws/install/learning_topic:/home/zjh/dev_ws/install/learning_tf:/home/zjh/dev_ws/install/learning_service:/home/zjh/dev_ws/install/learning_qos:/home/zjh/dev_ws/install/learning_pkg_python:/home/zjh/dev_ws/install/learning_parameter:/home/zjh/dev_ws/install/learning_node:/home/zjh/dev_ws/install/learning_launch:/home/zjh/dev_ws/install/learning_action:/home/zjh/dev_ws/install/learning_gazebo_harmonic:/home/zjh/dev_ws/install/learning_gazebo:/home/zjh/dev_ws/install/learning_cv:/opt/ros/humble /usr/bin/cmake --install /home/zjh/vrx_ws/build/vrx_gazebo
[0.420s] Level 1:colcon.colcon_core.environment:checking '/home/zjh/vrx_ws/install' for CMake config files
[0.420s] Level 1:colcon.colcon_core.shell:create_environment_hook('vrx_gazebo', 'cmake_prefix_path')
[0.420s] INFO:colcon.colcon_core.shell:Creating environment hook '/home/zjh/vrx_ws/install/share/vrx_gazebo/hook/cmake_prefix_path.ps1'
[0.420s] INFO:colcon.colcon_core.shell:Creating environment descriptor '/home/zjh/vrx_ws/install/share/vrx_gazebo/hook/cmake_prefix_path.dsv'
[0.420s] INFO:colcon.colcon_core.shell:Creating environment hook '/home/zjh/vrx_ws/install/share/vrx_gazebo/hook/cmake_prefix_path.sh'
[0.421s] Level 1:colcon.colcon_core.environment:checking '/home/zjh/vrx_ws/install/lib'
[0.421s] Level 1:colcon.colcon_core.shell:create_environment_hook('vrx_gazebo', 'ld_library_path_lib')
[0.421s] INFO:colcon.colcon_core.shell:Creating environment hook '/home/zjh/vrx_ws/install/share/vrx_gazebo/hook/ld_library_path_lib.ps1'
[0.421s] INFO:colcon.colcon_core.shell:Creating environment descriptor '/home/zjh/vrx_ws/install/share/vrx_gazebo/hook/ld_library_path_lib.dsv'
[0.421s] INFO:colcon.colcon_core.shell:Creating environment hook '/home/zjh/vrx_ws/install/share/vrx_gazebo/hook/ld_library_path_lib.sh'
[0.421s] Level 1:colcon.colcon_core.environment:checking '/home/zjh/vrx_ws/install/bin'
[0.421s] Level 1:colcon.colcon_core.environment:checking '/home/zjh/vrx_ws/install/lib/pkgconfig/vrx_gazebo.pc'
[0.421s] Level 1:colcon.colcon_core.environment:checking '/home/zjh/vrx_ws/install/lib/python3.10/site-packages'
[0.422s] Level 1:colcon.colcon_core.environment:checking '/home/zjh/vrx_ws/install/bin'
[0.422s] INFO:colcon.colcon_core.shell:Creating package script '/home/zjh/vrx_ws/install/share/vrx_gazebo/package.ps1'
[0.422s] INFO:colcon.colcon_core.shell:Creating package descriptor '/home/zjh/vrx_ws/install/share/vrx_gazebo/package.dsv'
[0.422s] INFO:colcon.colcon_core.shell:Creating package script '/home/zjh/vrx_ws/install/share/vrx_gazebo/package.sh'
[0.422s] INFO:colcon.colcon_core.shell:Creating package script '/home/zjh/vrx_ws/install/share/vrx_gazebo/package.bash'
[0.422s] INFO:colcon.colcon_core.shell:Creating package script '/home/zjh/vrx_ws/install/share/vrx_gazebo/package.zsh'
[0.423s] Level 1:colcon.colcon_core.environment:create_file_with_runtime_dependencies(/home/zjh/vrx_ws/install/share/colcon-core/packages/vrx_gazebo)
[0.439s] Level 1:colcon.colcon_core.environment:create_environment_scripts_only(vrx_gazebo)
[0.439s] Level 1:colcon.colcon_core.environment:checking '/home/zjh/vrx_ws/install' for CMake module files
[0.439s] Level 1:colcon.colcon_core.environment:checking '/home/zjh/vrx_ws/install' for CMake config files
[0.439s] Level 1:colcon.colcon_core.shell:create_environment_hook('vrx_gazebo', 'cmake_prefix_path')
[0.439s] INFO:colcon.colcon_core.shell:Creating environment hook '/home/zjh/vrx_ws/install/share/vrx_gazebo/hook/cmake_prefix_path.ps1'
[0.439s] INFO:colcon.colcon_core.shell:Creating environment descriptor '/home/zjh/vrx_ws/install/share/vrx_gazebo/hook/cmake_prefix_path.dsv'
[0.440s] INFO:colcon.colcon_core.shell:Creating environment hook '/home/zjh/vrx_ws/install/share/vrx_gazebo/hook/cmake_prefix_path.sh'
[0.440s] Level 1:colcon.colcon_core.environment:checking '/home/zjh/vrx_ws/install/lib'
[0.440s] Level 1:colcon.colcon_core.shell:create_environment_hook('vrx_gazebo', 'ld_library_path_lib')
[0.440s] INFO:colcon.colcon_core.shell:Creating environment hook '/home/zjh/vrx_ws/install/share/vrx_gazebo/hook/ld_library_path_lib.ps1'
[0.440s] INFO:colcon.colcon_core.shell:Creating environment descriptor '/home/zjh/vrx_ws/install/share/vrx_gazebo/hook/ld_library_path_lib.dsv'
[0.440s] INFO:colcon.colcon_core.shell:Creating environment hook '/home/zjh/vrx_ws/install/share/vrx_gazebo/hook/ld_library_path_lib.sh'
[0.441s] Level 1:colcon.colcon_core.environment:checking '/home/zjh/vrx_ws/install/bin'
[0.441s] Level 1:colcon.colcon_core.environment:checking '/home/zjh/vrx_ws/install/lib/pkgconfig/vrx_gazebo.pc'
[0.441s] Level 1:colcon.colcon_core.environment:checking '/home/zjh/vrx_ws/install/lib/python3.10/site-packages'
[0.441s] Level 1:colcon.colcon_core.environment:checking '/home/zjh/vrx_ws/install/bin'
[0.441s] INFO:colcon.colcon_core.shell:Creating package script '/home/zjh/vrx_ws/install/share/vrx_gazebo/package.ps1'
[0.441s] INFO:colcon.colcon_core.shell:Creating package descriptor '/home/zjh/vrx_ws/install/share/vrx_gazebo/package.dsv'
[0.441s] INFO:colcon.colcon_core.shell:Creating package script '/home/zjh/vrx_ws/install/share/vrx_gazebo/package.sh'
[0.442s] INFO:colcon.colcon_core.shell:Creating package script '/home/zjh/vrx_ws/install/share/vrx_gazebo/package.bash'
[0.442s] INFO:colcon.colcon_core.shell:Creating package script '/home/zjh/vrx_ws/install/share/vrx_gazebo/package.zsh'
[0.442s] Level 1:colcon.colcon_core.environment:create_file_with_runtime_dependencies(/home/zjh/vrx_ws/install/share/colcon-core/packages/vrx_gazebo)
[0.442s] INFO:colcon.colcon_ros.task.ament_cmake.build:Building ROS package in '/home/zjh/vrx_ws/src/vrx/vrx_urdf/wamv_description' with build type 'ament_cmake'
[0.442s] INFO:colcon.colcon_cmake.task.cmake.build:Building CMake package in '/home/zjh/vrx_ws/src/vrx/vrx_urdf/wamv_description'
[0.442s] INFO:colcon.colcon_core.shell:Skip shell extension 'powershell' for command environment: Not usable outside of PowerShell
[0.442s] DEBUG:colcon.colcon_core.shell:Skip shell extension 'dsv' for command environment
[0.448s] DEBUG:colcon.colcon_core.event_handler.log_command:Invoking command in '/home/zjh/vrx_ws/build/wamv_description': CMAKE_PREFIX_PATH=${CMAKE_PREFIX_PATH}:/home/zjh/dev_ws/install/learning_urdf:/home/zjh/dev_ws/install/learning_topic:/home/zjh/dev_ws/install/learning_tf:/home/zjh/dev_ws/install/learning_service:/home/zjh/dev_ws/install/learning_qos:/home/zjh/dev_ws/install/learning_pkg_python:/home/zjh/dev_ws/install/learning_parameter:/home/zjh/dev_ws/install/learning_node:/home/zjh/dev_ws/install/learning_launch:/home/zjh/dev_ws/install/learning_action:/home/zjh/dev_ws/install/learning_gazebo_harmonic:/home/zjh/dev_ws/install/learning_gazebo:/home/zjh/dev_ws/install/learning_cv:/opt/ros/humble GZ_SIM_RESOURCE_PATH=/home/zjh/vrx_ws/install/share:${GZ_SIM_RESOURCE_PATH} /usr/bin/cmake --build /home/zjh/vrx_ws/build/wamv_description -- -j24 -l24
[0.482s] DEBUG:colcon.colcon_core.event_handler.log_command:Invoked command in '/home/zjh/vrx_ws/build/wamv_description' returned '0': CMAKE_PREFIX_PATH=${CMAKE_PREFIX_PATH}:/home/zjh/dev_ws/install/learning_urdf:/home/zjh/dev_ws/install/learning_topic:/home/zjh/dev_ws/install/learning_tf:/home/zjh/dev_ws/install/learning_service:/home/zjh/dev_ws/install/learning_qos:/home/zjh/dev_ws/install/learning_pkg_python:/home/zjh/dev_ws/install/learning_parameter:/home/zjh/dev_ws/install/learning_node:/home/zjh/dev_ws/install/learning_launch:/home/zjh/dev_ws/install/learning_action:/home/zjh/dev_ws/install/learning_gazebo_harmonic:/home/zjh/dev_ws/install/learning_gazebo:/home/zjh/dev_ws/install/learning_cv:/opt/ros/humble GZ_SIM_RESOURCE_PATH=/home/zjh/vrx_ws/install/share:${GZ_SIM_RESOURCE_PATH} /usr/bin/cmake --build /home/zjh/vrx_ws/build/wamv_description -- -j24 -l24
[0.490s] DEBUG:colcon.colcon_core.event_handler.log_command:Invoked command in '/home/zjh/vrx_ws/build/vrx_gz' returned '0': CMAKE_PREFIX_PATH=${CMAKE_PREFIX_PATH}:/home/zjh/dev_ws/install/learning_urdf:/home/zjh/dev_ws/install/learning_topic:/home/zjh/dev_ws/install/learning_tf:/home/zjh/dev_ws/install/learning_service:/home/zjh/dev_ws/install/learning_qos:/home/zjh/dev_ws/install/learning_pkg_python:/home/zjh/dev_ws/install/learning_parameter:/home/zjh/dev_ws/install/learning_node:/home/zjh/dev_ws/install/learning_launch:/home/zjh/dev_ws/install/learning_action:/home/zjh/dev_ws/install/learning_gazebo_harmonic:/home/zjh/dev_ws/install/learning_gazebo:/home/zjh/dev_ws/install/learning_cv:/opt/ros/humble /usr/bin/cmake --build /home/zjh/vrx_ws/build/vrx_gz -- -j24 -l24
[0.496s] DEBUG:colcon.colcon_core.event_handler.log_command:Invoking command in '/home/zjh/vrx_ws/build/wamv_description': CMAKE_PREFIX_PATH=${CMAKE_PREFIX_PATH}:/home/zjh/dev_ws/install/learning_urdf:/home/zjh/dev_ws/install/learning_topic:/home/zjh/dev_ws/install/learning_tf:/home/zjh/dev_ws/install/learning_service:/home/zjh/dev_ws/install/learning_qos:/home/zjh/dev_ws/install/learning_pkg_python:/home/zjh/dev_ws/install/learning_parameter:/home/zjh/dev_ws/install/learning_node:/home/zjh/dev_ws/install/learning_launch:/home/zjh/dev_ws/install/learning_action:/home/zjh/dev_ws/install/learning_gazebo_harmonic:/home/zjh/dev_ws/install/learning_gazebo:/home/zjh/dev_ws/install/learning_cv:/opt/ros/humble GZ_SIM_RESOURCE_PATH=/home/zjh/vrx_ws/install/share:${GZ_SIM_RESOURCE_PATH} /usr/bin/cmake --install /home/zjh/vrx_ws/build/wamv_description
[0.501s] Level 1:colcon.colcon_core.environment:create_environment_scripts_only(wamv_description)
[0.502s] Level 1:colcon.colcon_core.environment:checking '/home/zjh/vrx_ws/install' for CMake module files
[0.502s] DEBUG:colcon.colcon_core.event_handler.log_command:Invoked command in '/home/zjh/vrx_ws/build/wamv_description' returned '0': CMAKE_PREFIX_PATH=${CMAKE_PREFIX_PATH}:/home/zjh/dev_ws/install/learning_urdf:/home/zjh/dev_ws/install/learning_topic:/home/zjh/dev_ws/install/learning_tf:/home/zjh/dev_ws/install/learning_service:/home/zjh/dev_ws/install/learning_qos:/home/zjh/dev_ws/install/learning_pkg_python:/home/zjh/dev_ws/install/learning_parameter:/home/zjh/dev_ws/install/learning_node:/home/zjh/dev_ws/install/learning_launch:/home/zjh/dev_ws/install/learning_action:/home/zjh/dev_ws/install/learning_gazebo_harmonic:/home/zjh/dev_ws/install/learning_gazebo:/home/zjh/dev_ws/install/learning_cv:/opt/ros/humble GZ_SIM_RESOURCE_PATH=/home/zjh/vrx_ws/install/share:${GZ_SIM_RESOURCE_PATH} /usr/bin/cmake --install /home/zjh/vrx_ws/build/wamv_description
[0.502s] Level 1:colcon.colcon_core.environment:checking '/home/zjh/vrx_ws/install' for CMake config files
[0.502s] Level 1:colcon.colcon_core.shell:create_environment_hook('wamv_description', 'cmake_prefix_path')
[0.502s] INFO:colcon.colcon_core.shell:Creating environment hook '/home/zjh/vrx_ws/install/share/wamv_description/hook/cmake_prefix_path.ps1'
[0.502s] INFO:colcon.colcon_core.shell:Creating environment descriptor '/home/zjh/vrx_ws/install/share/wamv_description/hook/cmake_prefix_path.dsv'
[0.503s] INFO:colcon.colcon_core.shell:Creating environment hook '/home/zjh/vrx_ws/install/share/wamv_description/hook/cmake_prefix_path.sh'
[0.503s] Level 1:colcon.colcon_core.environment:checking '/home/zjh/vrx_ws/install/lib'
[0.503s] Level 1:colcon.colcon_core.shell:create_environment_hook('wamv_description', 'ld_library_path_lib')
[0.503s] INFO:colcon.colcon_core.shell:Creating environment hook '/home/zjh/vrx_ws/install/share/wamv_description/hook/ld_library_path_lib.ps1'
[0.503s] INFO:colcon.colcon_core.shell:Creating environment descriptor '/home/zjh/vrx_ws/install/share/wamv_description/hook/ld_library_path_lib.dsv'
[0.503s] INFO:colcon.colcon_core.shell:Creating environment hook '/home/zjh/vrx_ws/install/share/wamv_description/hook/ld_library_path_lib.sh'
[0.503s] Level 1:colcon.colcon_core.environment:checking '/home/zjh/vrx_ws/install/bin'
[0.504s] Level 1:colcon.colcon_core.environment:checking '/home/zjh/vrx_ws/install/lib/pkgconfig/wamv_description.pc'
[0.504s] Level 1:colcon.colcon_core.environment:checking '/home/zjh/vrx_ws/install/lib/python3.10/site-packages'
[0.504s] Level 1:colcon.colcon_core.environment:checking '/home/zjh/vrx_ws/install/bin'
[0.504s] INFO:colcon.colcon_core.shell:Creating package script '/home/zjh/vrx_ws/install/share/wamv_description/package.ps1'
[0.504s] INFO:colcon.colcon_core.shell:Creating package descriptor '/home/zjh/vrx_ws/install/share/wamv_description/package.dsv'
[0.504s] INFO:colcon.colcon_core.shell:Creating package script '/home/zjh/vrx_ws/install/share/wamv_description/package.sh'
[0.504s] INFO:colcon.colcon_core.shell:Creating package script '/home/zjh/vrx_ws/install/share/wamv_description/package.bash'
[0.505s] INFO:colcon.colcon_core.shell:Creating package script '/home/zjh/vrx_ws/install/share/wamv_description/package.zsh'
[0.505s] Level 1:colcon.colcon_core.environment:create_file_with_runtime_dependencies(/home/zjh/vrx_ws/install/share/colcon-core/packages/wamv_description)
[0.518s] Level 1:colcon.colcon_core.environment:create_environment_scripts_only(wamv_description)
[0.518s] Level 1:colcon.colcon_core.environment:checking '/home/zjh/vrx_ws/install' for CMake module files
[0.519s] Level 1:colcon.colcon_core.environment:checking '/home/zjh/vrx_ws/install' for CMake config files
[0.519s] Level 1:colcon.colcon_core.shell:create_environment_hook('wamv_description', 'cmake_prefix_path')
[0.519s] INFO:colcon.colcon_core.shell:Creating environment hook '/home/zjh/vrx_ws/install/share/wamv_description/hook/cmake_prefix_path.ps1'
[0.520s] INFO:colcon.colcon_core.shell:Creating environment descriptor '/home/zjh/vrx_ws/install/share/wamv_description/hook/cmake_prefix_path.dsv'
[0.520s] INFO:colcon.colcon_core.shell:Creating environment hook '/home/zjh/vrx_ws/install/share/wamv_description/hook/cmake_prefix_path.sh'
[0.521s] Level 1:colcon.colcon_core.environment:checking '/home/zjh/vrx_ws/install/lib'
[0.521s] Level 1:colcon.colcon_core.shell:create_environment_hook('wamv_description', 'ld_library_path_lib')
[0.521s] INFO:colcon.colcon_core.shell:Creating environment hook '/home/zjh/vrx_ws/install/share/wamv_description/hook/ld_library_path_lib.ps1'
[0.521s] INFO:colcon.colcon_core.shell:Creating environment descriptor '/home/zjh/vrx_ws/install/share/wamv_description/hook/ld_library_path_lib.dsv'
[0.522s] INFO:colcon.colcon_core.shell:Creating environment hook '/home/zjh/vrx_ws/install/share/wamv_description/hook/ld_library_path_lib.sh'
[0.522s] Level 1:colcon.colcon_core.environment:checking '/home/zjh/vrx_ws/install/bin'
[0.522s] Level 1:colcon.colcon_core.environment:checking '/home/zjh/vrx_ws/install/lib/pkgconfig/wamv_description.pc'
[0.522s] Level 1:colcon.colcon_core.environment:checking '/home/zjh/vrx_ws/install/lib/python3.10/site-packages'
[0.522s] Level 1:colcon.colcon_core.environment:checking '/home/zjh/vrx_ws/install/bin'
[0.523s] INFO:colcon.colcon_core.shell:Creating package script '/home/zjh/vrx_ws/install/share/wamv_description/package.ps1'
[0.523s] INFO:colcon.colcon_core.shell:Creating package descriptor '/home/zjh/vrx_ws/install/share/wamv_description/package.dsv'
[0.524s] INFO:colcon.colcon_core.shell:Creating package script '/home/zjh/vrx_ws/install/share/wamv_description/package.sh'
[0.524s] INFO:colcon.colcon_core.shell:Creating package script '/home/zjh/vrx_ws/install/share/wamv_description/package.bash'
[0.525s] INFO:colcon.colcon_core.shell:Creating package script '/home/zjh/vrx_ws/install/share/wamv_description/package.zsh'
[0.525s] Level 1:colcon.colcon_core.environment:create_file_with_runtime_dependencies(/home/zjh/vrx_ws/install/share/colcon-core/packages/wamv_description)
[0.526s] INFO:colcon.colcon_ros.task.ament_cmake.build:Building ROS package in '/home/zjh/vrx_ws/src/vrx/vrx_urdf/wamv_gazebo' with build type 'ament_cmake'
[0.526s] INFO:colcon.colcon_cmake.task.cmake.build:Building CMake package in '/home/zjh/vrx_ws/src/vrx/vrx_urdf/wamv_gazebo'
[0.526s] INFO:colcon.colcon_core.shell:Skip shell extension 'powershell' for command environment: Not usable outside of PowerShell
[0.526s] DEBUG:colcon.colcon_core.shell:Skip shell extension 'dsv' for command environment
[0.534s] DEBUG:colcon.colcon_core.event_handler.log_command:Invoking command in '/home/zjh/vrx_ws/build/wamv_gazebo': CMAKE_PREFIX_PATH=${CMAKE_PREFIX_PATH}:/home/zjh/dev_ws/install/learning_urdf:/home/zjh/dev_ws/install/learning_topic:/home/zjh/dev_ws/install/learning_tf:/home/zjh/dev_ws/install/learning_service:/home/zjh/dev_ws/install/learning_qos:/home/zjh/dev_ws/install/learning_pkg_python:/home/zjh/dev_ws/install/learning_parameter:/home/zjh/dev_ws/install/learning_node:/home/zjh/dev_ws/install/learning_launch:/home/zjh/dev_ws/install/learning_action:/home/zjh/dev_ws/install/learning_gazebo_harmonic:/home/zjh/dev_ws/install/learning_gazebo:/home/zjh/dev_ws/install/learning_cv:/opt/ros/humble GZ_SIM_RESOURCE_PATH=/home/zjh/vrx_ws/install/share:${GZ_SIM_RESOURCE_PATH} /usr/bin/cmake --build /home/zjh/vrx_ws/build/wamv_gazebo -- -j24 -l24
[0.552s] DEBUG:colcon.colcon_core.event_handler.log_command:Invoked command in '/home/zjh/vrx_ws/build/wamv_gazebo' returned '0': CMAKE_PREFIX_PATH=${CMAKE_PREFIX_PATH}:/home/zjh/dev_ws/install/learning_urdf:/home/zjh/dev_ws/install/learning_topic:/home/zjh/dev_ws/install/learning_tf:/home/zjh/dev_ws/install/learning_service:/home/zjh/dev_ws/install/learning_qos:/home/zjh/dev_ws/install/learning_pkg_python:/home/zjh/dev_ws/install/learning_parameter:/home/zjh/dev_ws/install/learning_node:/home/zjh/dev_ws/install/learning_launch:/home/zjh/dev_ws/install/learning_action:/home/zjh/dev_ws/install/learning_gazebo_harmonic:/home/zjh/dev_ws/install/learning_gazebo:/home/zjh/dev_ws/install/learning_cv:/opt/ros/humble GZ_SIM_RESOURCE_PATH=/home/zjh/vrx_ws/install/share:${GZ_SIM_RESOURCE_PATH} /usr/bin/cmake --build /home/zjh/vrx_ws/build/wamv_gazebo -- -j24 -l24
[0.554s] DEBUG:colcon.colcon_core.event_handler.log_command:Invoking command in '/home/zjh/vrx_ws/build/vrx_gz': CMAKE_PREFIX_PATH=${CMAKE_PREFIX_PATH}:/home/zjh/dev_ws/install/learning_urdf:/home/zjh/dev_ws/install/learning_topic:/home/zjh/dev_ws/install/learning_tf:/home/zjh/dev_ws/install/learning_service:/home/zjh/dev_ws/install/learning_qos:/home/zjh/dev_ws/install/learning_pkg_python:/home/zjh/dev_ws/install/learning_parameter:/home/zjh/dev_ws/install/learning_node:/home/zjh/dev_ws/install/learning_launch:/home/zjh/dev_ws/install/learning_action:/home/zjh/dev_ws/install/learning_gazebo_harmonic:/home/zjh/dev_ws/install/learning_gazebo:/home/zjh/dev_ws/install/learning_cv:/opt/ros/humble /usr/bin/cmake --install /home/zjh/vrx_ws/build/vrx_gz
[0.567s] DEBUG:colcon.colcon_core.event_handler.log_command:Invoking command in '/home/zjh/vrx_ws/build/wamv_gazebo': CMAKE_PREFIX_PATH=${CMAKE_PREFIX_PATH}:/home/zjh/dev_ws/install/learning_urdf:/home/zjh/dev_ws/install/learning_topic:/home/zjh/dev_ws/install/learning_tf:/home/zjh/dev_ws/install/learning_service:/home/zjh/dev_ws/install/learning_qos:/home/zjh/dev_ws/install/learning_pkg_python:/home/zjh/dev_ws/install/learning_parameter:/home/zjh/dev_ws/install/learning_node:/home/zjh/dev_ws/install/learning_launch:/home/zjh/dev_ws/install/learning_action:/home/zjh/dev_ws/install/learning_gazebo_harmonic:/home/zjh/dev_ws/install/learning_gazebo:/home/zjh/dev_ws/install/learning_cv:/opt/ros/humble GZ_SIM_RESOURCE_PATH=/home/zjh/vrx_ws/install/share:${GZ_SIM_RESOURCE_PATH} /usr/bin/cmake --install /home/zjh/vrx_ws/build/wamv_gazebo
[0.572s] Level 1:colcon.colcon_core.environment:create_environment_scripts_only(wamv_gazebo)
[0.573s] Level 1:colcon.colcon_core.environment:checking '/home/zjh/vrx_ws/install' for CMake module files
[0.573s] DEBUG:colcon.colcon_core.event_handler.log_command:Invoked command in '/home/zjh/vrx_ws/build/wamv_gazebo' returned '0': CMAKE_PREFIX_PATH=${CMAKE_PREFIX_PATH}:/home/zjh/dev_ws/install/learning_urdf:/home/zjh/dev_ws/install/learning_topic:/home/zjh/dev_ws/install/learning_tf:/home/zjh/dev_ws/install/learning_service:/home/zjh/dev_ws/install/learning_qos:/home/zjh/dev_ws/install/learning_pkg_python:/home/zjh/dev_ws/install/learning_parameter:/home/zjh/dev_ws/install/learning_node:/home/zjh/dev_ws/install/learning_launch:/home/zjh/dev_ws/install/learning_action:/home/zjh/dev_ws/install/learning_gazebo_harmonic:/home/zjh/dev_ws/install/learning_gazebo:/home/zjh/dev_ws/install/learning_cv:/opt/ros/humble GZ_SIM_RESOURCE_PATH=/home/zjh/vrx_ws/install/share:${GZ_SIM_RESOURCE_PATH} /usr/bin/cmake --install /home/zjh/vrx_ws/build/wamv_gazebo
[0.573s] Level 1:colcon.colcon_core.environment:checking '/home/zjh/vrx_ws/install' for CMake config files
[0.573s] Level 1:colcon.colcon_core.shell:create_environment_hook('wamv_gazebo', 'cmake_prefix_path')
[0.573s] INFO:colcon.colcon_core.shell:Creating environment hook '/home/zjh/vrx_ws/install/share/wamv_gazebo/hook/cmake_prefix_path.ps1'
[0.573s] INFO:colcon.colcon_core.shell:Creating environment descriptor '/home/zjh/vrx_ws/install/share/wamv_gazebo/hook/cmake_prefix_path.dsv'
[0.574s] INFO:colcon.colcon_core.shell:Creating environment hook '/home/zjh/vrx_ws/install/share/wamv_gazebo/hook/cmake_prefix_path.sh'
[0.574s] Level 1:colcon.colcon_core.environment:checking '/home/zjh/vrx_ws/install/lib'
[0.574s] Level 1:colcon.colcon_core.shell:create_environment_hook('wamv_gazebo', 'ld_library_path_lib')
[0.574s] INFO:colcon.colcon_core.shell:Creating environment hook '/home/zjh/vrx_ws/install/share/wamv_gazebo/hook/ld_library_path_lib.ps1'
[0.574s] INFO:colcon.colcon_core.shell:Creating environment descriptor '/home/zjh/vrx_ws/install/share/wamv_gazebo/hook/ld_library_path_lib.dsv'
[0.574s] INFO:colcon.colcon_core.shell:Creating environment hook '/home/zjh/vrx_ws/install/share/wamv_gazebo/hook/ld_library_path_lib.sh'
[0.575s] Level 1:colcon.colcon_core.environment:checking '/home/zjh/vrx_ws/install/bin'
[0.575s] Level 1:colcon.colcon_core.environment:checking '/home/zjh/vrx_ws/install/lib/pkgconfig/wamv_gazebo.pc'
[0.575s] Level 1:colcon.colcon_core.environment:checking '/home/zjh/vrx_ws/install/lib/python3.10/site-packages'
[0.575s] Level 1:colcon.colcon_core.environment:checking '/home/zjh/vrx_ws/install/bin'
[0.575s] INFO:colcon.colcon_core.shell:Creating package script '/home/zjh/vrx_ws/install/share/wamv_gazebo/package.ps1'
[0.575s] INFO:colcon.colcon_core.shell:Creating package descriptor '/home/zjh/vrx_ws/install/share/wamv_gazebo/package.dsv'
[0.575s] INFO:colcon.colcon_core.shell:Creating package script '/home/zjh/vrx_ws/install/share/wamv_gazebo/package.sh'
[0.576s] INFO:colcon.colcon_core.shell:Creating package script '/home/zjh/vrx_ws/install/share/wamv_gazebo/package.bash'
[0.576s] INFO:colcon.colcon_core.shell:Creating package script '/home/zjh/vrx_ws/install/share/wamv_gazebo/package.zsh'
[0.576s] Level 1:colcon.colcon_core.environment:create_file_with_runtime_dependencies(/home/zjh/vrx_ws/install/share/colcon-core/packages/wamv_gazebo)
[0.586s] Level 1:colcon.colcon_core.environment:create_environment_scripts_only(vrx_gz)
[0.587s] Level 1:colcon.colcon_core.environment:checking '/home/zjh/vrx_ws/install' for CMake module files
[0.588s] Level 1:colcon.colcon_core.environment:checking '/home/zjh/vrx_ws/install' for CMake config files
[0.589s] Level 1:colcon.colcon_core.shell:create_environment_hook('vrx_gz', 'cmake_prefix_path')
[0.589s] INFO:colcon.colcon_core.shell:Creating environment hook '/home/zjh/vrx_ws/install/share/vrx_gz/hook/cmake_prefix_path.ps1'
[0.589s] INFO:colcon.colcon_core.shell:Creating environment descriptor '/home/zjh/vrx_ws/install/share/vrx_gz/hook/cmake_prefix_path.dsv'
[0.590s] INFO:colcon.colcon_core.shell:Creating environment hook '/home/zjh/vrx_ws/install/share/vrx_gz/hook/cmake_prefix_path.sh'
[0.590s] Level 1:colcon.colcon_core.environment:checking '/home/zjh/vrx_ws/install/lib'
[0.590s] Level 1:colcon.colcon_core.shell:create_environment_hook('vrx_gz', 'ld_library_path_lib')
[0.591s] INFO:colcon.colcon_core.shell:Creating environment hook '/home/zjh/vrx_ws/install/share/vrx_gz/hook/ld_library_path_lib.ps1'
[0.591s] INFO:colcon.colcon_core.shell:Creating environment descriptor '/home/zjh/vrx_ws/install/share/vrx_gz/hook/ld_library_path_lib.dsv'
[0.591s] INFO:colcon.colcon_core.shell:Creating environment hook '/home/zjh/vrx_ws/install/share/vrx_gz/hook/ld_library_path_lib.sh'
[0.591s] Level 1:colcon.colcon_core.environment:checking '/home/zjh/vrx_ws/install/bin'
[0.591s] Level 1:colcon.colcon_core.environment:checking '/home/zjh/vrx_ws/install/lib/pkgconfig/vrx_gz.pc'
[0.592s] Level 1:colcon.colcon_core.environment:checking '/home/zjh/vrx_ws/install/lib/python3.10/site-packages'
[0.592s] Level 1:colcon.colcon_core.environment:checking '/home/zjh/vrx_ws/install/bin'
[0.592s] INFO:colcon.colcon_core.shell:Creating package script '/home/zjh/vrx_ws/install/share/vrx_gz/package.ps1'
[0.592s] INFO:colcon.colcon_core.shell:Creating package descriptor '/home/zjh/vrx_ws/install/share/vrx_gz/package.dsv'
[0.592s] INFO:colcon.colcon_core.shell:Creating package script '/home/zjh/vrx_ws/install/share/vrx_gz/package.sh'
[0.593s] INFO:colcon.colcon_core.shell:Creating package script '/home/zjh/vrx_ws/install/share/vrx_gz/package.bash'
[0.593s] INFO:colcon.colcon_core.shell:Creating package script '/home/zjh/vrx_ws/install/share/vrx_gz/package.zsh'
[0.593s] Level 1:colcon.colcon_core.environment:create_file_with_runtime_dependencies(/home/zjh/vrx_ws/install/share/colcon-core/packages/vrx_gz)
[0.595s] Level 1:colcon.colcon_core.environment:create_environment_scripts_only(wamv_gazebo)
[0.595s] Level 1:colcon.colcon_core.environment:checking '/home/zjh/vrx_ws/install' for CMake module files
[0.598s] Level 1:colcon.colcon_core.environment:checking '/home/zjh/vrx_ws/install' for CMake config files
[0.598s] DEBUG:colcon.colcon_core.event_handler.log_command:Invoked command in '/home/zjh/vrx_ws/build/vrx_gz' returned '0': CMAKE_PREFIX_PATH=${CMAKE_PREFIX_PATH}:/home/zjh/dev_ws/install/learning_urdf:/home/zjh/dev_ws/install/learning_topic:/home/zjh/dev_ws/install/learning_tf:/home/zjh/dev_ws/install/learning_service:/home/zjh/dev_ws/install/learning_qos:/home/zjh/dev_ws/install/learning_pkg_python:/home/zjh/dev_ws/install/learning_parameter:/home/zjh/dev_ws/install/learning_node:/home/zjh/dev_ws/install/learning_launch:/home/zjh/dev_ws/install/learning_action:/home/zjh/dev_ws/install/learning_gazebo_harmonic:/home/zjh/dev_ws/install/learning_gazebo:/home/zjh/dev_ws/install/learning_cv:/opt/ros/humble /usr/bin/cmake --install /home/zjh/vrx_ws/build/vrx_gz
[0.598s] Level 1:colcon.colcon_core.shell:create_environment_hook('wamv_gazebo', 'cmake_prefix_path')
[0.598s] INFO:colcon.colcon_core.shell:Creating environment hook '/home/zjh/vrx_ws/install/share/wamv_gazebo/hook/cmake_prefix_path.ps1'
[0.598s] INFO:colcon.colcon_core.shell:Creating environment descriptor '/home/zjh/vrx_ws/install/share/wamv_gazebo/hook/cmake_prefix_path.dsv'
[0.598s] INFO:colcon.colcon_core.shell:Creating environment hook '/home/zjh/vrx_ws/install/share/wamv_gazebo/hook/cmake_prefix_path.sh'
[0.599s] Level 1:colcon.colcon_core.environment:checking '/home/zjh/vrx_ws/install/lib'
[0.599s] Level 1:colcon.colcon_core.shell:create_environment_hook('wamv_gazebo', 'ld_library_path_lib')
[0.599s] INFO:colcon.colcon_core.shell:Creating environment hook '/home/zjh/vrx_ws/install/share/wamv_gazebo/hook/ld_library_path_lib.ps1'
[0.599s] INFO:colcon.colcon_core.shell:Creating environment descriptor '/home/zjh/vrx_ws/install/share/wamv_gazebo/hook/ld_library_path_lib.dsv'
[0.599s] INFO:colcon.colcon_core.shell:Creating environment hook '/home/zjh/vrx_ws/install/share/wamv_gazebo/hook/ld_library_path_lib.sh'
[0.599s] Level 1:colcon.colcon_core.environment:checking '/home/zjh/vrx_ws/install/bin'
[0.599s] Level 1:colcon.colcon_core.environment:checking '/home/zjh/vrx_ws/install/lib/pkgconfig/wamv_gazebo.pc'
[0.599s] Level 1:colcon.colcon_core.environment:checking '/home/zjh/vrx_ws/install/lib/python3.10/site-packages'
[0.599s] Level 1:colcon.colcon_core.environment:checking '/home/zjh/vrx_ws/install/bin'
[0.600s] INFO:colcon.colcon_core.shell:Creating package script '/home/zjh/vrx_ws/install/share/wamv_gazebo/package.ps1'
[0.600s] INFO:colcon.colcon_core.shell:Creating package descriptor '/home/zjh/vrx_ws/install/share/wamv_gazebo/package.dsv'
[0.600s] INFO:colcon.colcon_core.shell:Creating package script '/home/zjh/vrx_ws/install/share/wamv_gazebo/package.sh'
[0.600s] INFO:colcon.colcon_core.shell:Creating package script '/home/zjh/vrx_ws/install/share/wamv_gazebo/package.bash'
[0.601s] INFO:colcon.colcon_core.shell:Creating package script '/home/zjh/vrx_ws/install/share/wamv_gazebo/package.zsh'
[0.601s] Level 1:colcon.colcon_core.environment:create_file_with_runtime_dependencies(/home/zjh/vrx_ws/install/share/colcon-core/packages/wamv_gazebo)
[0.657s] Level 1:colcon.colcon_core.environment:create_environment_scripts_only(vrx_gz)
[0.657s] Level 1:colcon.colcon_core.environment:checking '/home/zjh/vrx_ws/install' for CMake module files
[0.658s] Level 1:colcon.colcon_core.environment:checking '/home/zjh/vrx_ws/install' for CMake config files
[0.658s] Level 1:colcon.colcon_core.shell:create_environment_hook('vrx_gz', 'cmake_prefix_path')
[0.658s] INFO:colcon.colcon_core.shell:Creating environment hook '/home/zjh/vrx_ws/install/share/vrx_gz/hook/cmake_prefix_path.ps1'
[0.658s] INFO:colcon.colcon_core.shell:Creating environment descriptor '/home/zjh/vrx_ws/install/share/vrx_gz/hook/cmake_prefix_path.dsv'
[0.658s] INFO:colcon.colcon_core.shell:Creating environment hook '/home/zjh/vrx_ws/install/share/vrx_gz/hook/cmake_prefix_path.sh'
[0.659s] Level 1:colcon.colcon_core.environment:checking '/home/zjh/vrx_ws/install/lib'
[0.659s] Level 1:colcon.colcon_core.shell:create_environment_hook('vrx_gz', 'ld_library_path_lib')
[0.659s] INFO:colcon.colcon_core.shell:Creating environment hook '/home/zjh/vrx_ws/install/share/vrx_gz/hook/ld_library_path_lib.ps1'
[0.659s] INFO:colcon.colcon_core.shell:Creating environment descriptor '/home/zjh/vrx_ws/install/share/vrx_gz/hook/ld_library_path_lib.dsv'
[0.659s] INFO:colcon.colcon_core.shell:Creating environment hook '/home/zjh/vrx_ws/install/share/vrx_gz/hook/ld_library_path_lib.sh'
[0.659s] Level 1:colcon.colcon_core.environment:checking '/home/zjh/vrx_ws/install/bin'
[0.659s] Level 1:colcon.colcon_core.environment:checking '/home/zjh/vrx_ws/install/lib/pkgconfig/vrx_gz.pc'
[0.660s] Level 1:colcon.colcon_core.environment:checking '/home/zjh/vrx_ws/install/lib/python3.10/site-packages'
[0.660s] Level 1:colcon.colcon_core.environment:checking '/home/zjh/vrx_ws/install/bin'
[0.660s] INFO:colcon.colcon_core.shell:Creating package script '/home/zjh/vrx_ws/install/share/vrx_gz/package.ps1'
[0.660s] INFO:colcon.colcon_core.shell:Creating package descriptor '/home/zjh/vrx_ws/install/share/vrx_gz/package.dsv'
[0.660s] INFO:colcon.colcon_core.shell:Creating package script '/home/zjh/vrx_ws/install/share/vrx_gz/package.sh'
[0.660s] INFO:colcon.colcon_core.shell:Creating package script '/home/zjh/vrx_ws/install/share/vrx_gz/package.bash'
[0.661s] INFO:colcon.colcon_core.shell:Creating package script '/home/zjh/vrx_ws/install/share/vrx_gz/package.zsh'
[0.661s] Level 1:colcon.colcon_core.environment:create_file_with_runtime_dependencies(/home/zjh/vrx_ws/install/share/colcon-core/packages/vrx_gz)
[0.661s] DEBUG:colcon.colcon_parallel_executor.executor.parallel:closing loop
[0.661s] DEBUG:colcon.colcon_parallel_executor.executor.parallel:loop closed
[0.661s] DEBUG:colcon.colcon_parallel_executor.executor.parallel:run_until_complete finished with '0'
[0.661s] DEBUG:colcon.colcon_core.event_reactor:joining thread
[0.664s] INFO:colcon.colcon_core.plugin_system:Skipping extension 'colcon_notification.desktop_notification.terminal_notifier': Not used on non-Darwin systems
[0.664s] INFO:colcon.colcon_core.plugin_system:Skipping extension 'colcon_notification.desktop_notification.win32': Not used on non-Windows systems
[0.664s] INFO:colcon.colcon_notification.desktop_notification:Sending desktop notification using 'notify2'
[0.670s] DEBUG:colcon.colcon_core.event_reactor:joined thread
[0.670s] INFO:colcon.colcon_core.shell:Creating prefix script '/home/zjh/vrx_ws/install/local_setup.ps1'
[0.671s] INFO:colcon.colcon_core.shell:Creating prefix util module '/home/zjh/vrx_ws/install/_local_setup_util_ps1.py'
[0.671s] INFO:colcon.colcon_core.shell:Creating prefix chain script '/home/zjh/vrx_ws/install/setup.ps1'
[0.672s] INFO:colcon.colcon_core.shell:Creating prefix script '/home/zjh/vrx_ws/install/local_setup.sh'
[0.672s] INFO:colcon.colcon_core.shell:Creating prefix util module '/home/zjh/vrx_ws/install/_local_setup_util_sh.py'
[0.673s] INFO:colcon.colcon_core.shell:Creating prefix chain script '/home/zjh/vrx_ws/install/setup.sh'
[0.673s] INFO:colcon.colcon_core.shell:Creating prefix script '/home/zjh/vrx_ws/install/local_setup.bash'
[0.674s] INFO:colcon.colcon_core.shell:Creating prefix chain script '/home/zjh/vrx_ws/install/setup.bash'
[0.674s] INFO:colcon.colcon_core.shell:Creating prefix script '/home/zjh/vrx_ws/install/local_setup.zsh'
[0.675s] INFO:colcon.colcon_core.shell:Creating prefix chain script '/home/zjh/vrx_ws/install/setup.zsh'
