[0.006s] Invoking command in '/home/zjh/vrx_ws/build/wamv_gazebo': AMENT_PREFIX_PATH=/home/zjh/vrx_ws/install:${AMENT_PREFIX_PATH} CMAKE_PREFIX_PATH=/home/zjh/vrx_ws/install:/home/zjh/dev_ws/install/learning_topic_cpp:/home/zjh/dev_ws/install/learning_tf_cpp:/home/zjh/dev_ws/install/learning_service_cpp:/home/zjh/dev_ws/install/learning_pkg_c:/home/zjh/dev_ws/install/learning_parameter_cpp:/home/zjh/dev_ws/install/learning_node_cpp:/home/zjh/dev_ws/install/learning_action_cpp:/home/zjh/dev_ws/install/learning_interface:/home/zjh/dev_ws/install/learning_urdf:/home/zjh/dev_ws/install/learning_topic:/home/zjh/dev_ws/install/learning_tf:/home/zjh/dev_ws/install/learning_service:/home/zjh/dev_ws/install/learning_qos:/home/zjh/dev_ws/install/learning_pkg_python:/home/zjh/dev_ws/install/learning_parameter:/home/zjh/dev_ws/install/learning_node:/home/zjh/dev_ws/install/learning_launch:/home/zjh/dev_ws/install/learning_action:/home/zjh/dev_ws/install/learning_gazebo_harmonic:/home/zjh/dev_ws/install/learning_gazebo:/home/zjh/dev_ws/install/learning_cv:/opt/ros/humble GZ_SIM_RESOURCE_PATH=/home/zjh/vrx_ws/install/share/wamv_description/models:/home/zjh/vrx_ws/install/share/vrx_gazebo/models:/home/zjh/vrx_ws/install/share LD_LIBRARY_PATH=/home/zjh/vrx_ws/install/lib:${LD_LIBRARY_PATH} PYTHONPATH=/home/zjh/vrx_ws/install/local/lib/python3.10/dist-packages:${PYTHONPATH} /usr/bin/cmake --build /home/zjh/vrx_ws/build/wamv_gazebo -- -j24 -l24
[0.020s] -- Found ament_cmake: 1.3.11 (/opt/ros/humble/share/ament_cmake/cmake)
[0.097s] -- Found xacro: 2.0.8 (/opt/ros/humble/share/xacro/cmake)
[0.097s] -- Found wamv_description: 1.3.0 (/home/zjh/vrx_ws/install/share/wamv_description/cmake)
[0.135s] -- Configuring done
[0.136s] -- Generating done
[0.137s] -- Build files have been written to: /home/zjh/vrx_ws/build/wamv_gazebo
[0.151s] Invoked command in '/home/zjh/vrx_ws/build/wamv_gazebo' returned '0': AMENT_PREFIX_PATH=/home/zjh/vrx_ws/install:${AMENT_PREFIX_PATH} CMAKE_PREFIX_PATH=/home/zjh/vrx_ws/install:/home/zjh/dev_ws/install/learning_topic_cpp:/home/zjh/dev_ws/install/learning_tf_cpp:/home/zjh/dev_ws/install/learning_service_cpp:/home/zjh/dev_ws/install/learning_pkg_c:/home/zjh/dev_ws/install/learning_parameter_cpp:/home/zjh/dev_ws/install/learning_node_cpp:/home/zjh/dev_ws/install/learning_action_cpp:/home/zjh/dev_ws/install/learning_interface:/home/zjh/dev_ws/install/learning_urdf:/home/zjh/dev_ws/install/learning_topic:/home/zjh/dev_ws/install/learning_tf:/home/zjh/dev_ws/install/learning_service:/home/zjh/dev_ws/install/learning_qos:/home/zjh/dev_ws/install/learning_pkg_python:/home/zjh/dev_ws/install/learning_parameter:/home/zjh/dev_ws/install/learning_node:/home/zjh/dev_ws/install/learning_launch:/home/zjh/dev_ws/install/learning_action:/home/zjh/dev_ws/install/learning_gazebo_harmonic:/home/zjh/dev_ws/install/learning_gazebo:/home/zjh/dev_ws/install/learning_cv:/opt/ros/humble GZ_SIM_RESOURCE_PATH=/home/zjh/vrx_ws/install/share/wamv_description/models:/home/zjh/vrx_ws/install/share/vrx_gazebo/models:/home/zjh/vrx_ws/install/share LD_LIBRARY_PATH=/home/zjh/vrx_ws/install/lib:${LD_LIBRARY_PATH} PYTHONPATH=/home/zjh/vrx_ws/install/local/lib/python3.10/dist-packages:${PYTHONPATH} /usr/bin/cmake --build /home/zjh/vrx_ws/build/wamv_gazebo -- -j24 -l24
[0.165s] Invoking command in '/home/zjh/vrx_ws/build/wamv_gazebo': AMENT_PREFIX_PATH=/home/zjh/vrx_ws/install:${AMENT_PREFIX_PATH} CMAKE_PREFIX_PATH=/home/zjh/vrx_ws/install:/home/zjh/dev_ws/install/learning_topic_cpp:/home/zjh/dev_ws/install/learning_tf_cpp:/home/zjh/dev_ws/install/learning_service_cpp:/home/zjh/dev_ws/install/learning_pkg_c:/home/zjh/dev_ws/install/learning_parameter_cpp:/home/zjh/dev_ws/install/learning_node_cpp:/home/zjh/dev_ws/install/learning_action_cpp:/home/zjh/dev_ws/install/learning_interface:/home/zjh/dev_ws/install/learning_urdf:/home/zjh/dev_ws/install/learning_topic:/home/zjh/dev_ws/install/learning_tf:/home/zjh/dev_ws/install/learning_service:/home/zjh/dev_ws/install/learning_qos:/home/zjh/dev_ws/install/learning_pkg_python:/home/zjh/dev_ws/install/learning_parameter:/home/zjh/dev_ws/install/learning_node:/home/zjh/dev_ws/install/learning_launch:/home/zjh/dev_ws/install/learning_action:/home/zjh/dev_ws/install/learning_gazebo_harmonic:/home/zjh/dev_ws/install/learning_gazebo:/home/zjh/dev_ws/install/learning_cv:/opt/ros/humble GZ_SIM_RESOURCE_PATH=/home/zjh/vrx_ws/install/share/wamv_description/models:/home/zjh/vrx_ws/install/share/vrx_gazebo/models:/home/zjh/vrx_ws/install/share LD_LIBRARY_PATH=/home/zjh/vrx_ws/install/lib:${LD_LIBRARY_PATH} PYTHONPATH=/home/zjh/vrx_ws/install/local/lib/python3.10/dist-packages:${PYTHONPATH} /usr/bin/cmake --install /home/zjh/vrx_ws/build/wamv_gazebo
[0.170s] -- Install configuration: ""
[0.170s] -- Up-to-date: /home/zjh/vrx_ws/install/share/wamv_gazebo/models
[0.170s] -- Up-to-date: /home/zjh/vrx_ws/install/share/wamv_gazebo/models/gps
[0.171s] -- Up-to-date: /home/zjh/vrx_ws/install/share/wamv_gazebo/models/gps/mesh
[0.171s] -- Up-to-date: /home/zjh/vrx_ws/install/share/wamv_gazebo/models/gps/mesh/gps.png
[0.171s] -- Up-to-date: /home/zjh/vrx_ws/install/share/wamv_gazebo/models/gps/mesh/gps.dae
[0.171s] -- Up-to-date: /home/zjh/vrx_ws/install/share/wamv_gazebo/models/gps/model.config
[0.171s] -- Up-to-date: /home/zjh/vrx_ws/install/share/wamv_gazebo/urdf
[0.171s] -- Up-to-date: /home/zjh/vrx_ws/install/share/wamv_gazebo/urdf/macros.xacro
[0.171s] -- Up-to-date: /home/zjh/vrx_ws/install/share/wamv_gazebo/urdf/wamv_gazebo.xacro
[0.171s] -- Up-to-date: /home/zjh/vrx_ws/install/share/wamv_gazebo/urdf/dynamics
[0.171s] -- Up-to-date: /home/zjh/vrx_ws/install/share/wamv_gazebo/urdf/dynamics/wamv_gazebo_dynamics_plugin.xacro
[0.171s] -- Up-to-date: /home/zjh/vrx_ws/install/share/wamv_gazebo/urdf/components
[0.171s] -- Up-to-date: /home/zjh/vrx_ws/install/share/wamv_gazebo/urdf/components/wamv_imu.xacro
[0.171s] -- Up-to-date: /home/zjh/vrx_ws/install/share/wamv_gazebo/urdf/components/wamv_camera.xacro
[0.171s] -- Up-to-date: /home/zjh/vrx_ws/install/share/wamv_gazebo/urdf/components/lidar.xacro
[0.172s] -- Up-to-date: /home/zjh/vrx_ws/install/share/wamv_gazebo/urdf/components/wamv_3d_lidar.xacro
[0.172s] -- Up-to-date: /home/zjh/vrx_ws/install/share/wamv_gazebo/urdf/components/wamv_gps.xacro
[0.172s] -- Up-to-date: /home/zjh/vrx_ws/install/share/wamv_gazebo/urdf/components/wamv_planar_lidar.xacro
[0.172s] -- Up-to-date: /home/zjh/vrx_ws/install/share/wamv_gazebo/urdf/components/wamv_p3d.xacro
[0.172s] -- Up-to-date: /home/zjh/vrx_ws/install/share/wamv_gazebo/urdf/components/wamv_pinger.xacro
[0.172s] -- Up-to-date: /home/zjh/vrx_ws/install/share/wamv_gazebo/urdf/components/ball_shooter.xacro
[0.172s] -- Up-to-date: /home/zjh/vrx_ws/install/share/wamv_gazebo/urdf/thruster_layouts
[0.172s] -- Up-to-date: /home/zjh/vrx_ws/install/share/wamv_gazebo/urdf/thruster_layouts/wamv_gazebo_thruster_config.xacro
[0.172s] -- Up-to-date: /home/zjh/vrx_ws/install/share/wamv_gazebo/urdf/thruster_layouts/wamv_aft_thrusters.xacro
[0.172s] -- Up-to-date: /home/zjh/vrx_ws/install/share/wamv_gazebo/urdf/thruster_layouts/wamv_x_thrusters.xacro
[0.172s] -- Up-to-date: /home/zjh/vrx_ws/install/share/wamv_gazebo/urdf/thruster_layouts/wamv_t_thrusters.xacro
[0.172s] -- Up-to-date: /home/zjh/vrx_ws/install/share/wamv_gazebo/urdf/wamv_gazebo.urdf.xacro
[0.172s] -- Up-to-date: /home/zjh/vrx_ws/install/share/ament_index/resource_index/package_run_dependencies/wamv_gazebo
[0.172s] -- Installing: /home/zjh/vrx_ws/install/share/ament_index/resource_index/parent_prefix_path/wamv_gazebo
[0.172s] -- Installing: /home/zjh/vrx_ws/install/share/wamv_gazebo/environment/ament_prefix_path.sh
[0.172s] -- Installing: /home/zjh/vrx_ws/install/share/wamv_gazebo/environment/ament_prefix_path.dsv
[0.172s] -- Installing: /home/zjh/vrx_ws/install/share/wamv_gazebo/environment/path.sh
[0.172s] -- Installing: /home/zjh/vrx_ws/install/share/wamv_gazebo/environment/path.dsv
[0.172s] -- Up-to-date: /home/zjh/vrx_ws/install/share/wamv_gazebo/local_setup.bash
[0.172s] -- Up-to-date: /home/zjh/vrx_ws/install/share/wamv_gazebo/local_setup.sh
[0.172s] -- Up-to-date: /home/zjh/vrx_ws/install/share/wamv_gazebo/local_setup.zsh
[0.172s] -- Installing: /home/zjh/vrx_ws/install/share/wamv_gazebo/local_setup.dsv
[0.172s] -- Installing: /home/zjh/vrx_ws/install/share/wamv_gazebo/package.dsv
[0.172s] -- Up-to-date: /home/zjh/vrx_ws/install/share/ament_index/resource_index/packages/wamv_gazebo
[0.172s] -- Up-to-date: /home/zjh/vrx_ws/install/share/wamv_gazebo/cmake/wamv_gazeboConfig.cmake
[0.172s] -- Up-to-date: /home/zjh/vrx_ws/install/share/wamv_gazebo/cmake/wamv_gazeboConfig-version.cmake
[0.172s] -- Up-to-date: /home/zjh/vrx_ws/install/share/wamv_gazebo/package.xml
[0.173s] Invoked command in '/home/zjh/vrx_ws/build/wamv_gazebo' returned '0': AMENT_PREFIX_PATH=/home/zjh/vrx_ws/install:${AMENT_PREFIX_PATH} CMAKE_PREFIX_PATH=/home/zjh/vrx_ws/install:/home/zjh/dev_ws/install/learning_topic_cpp:/home/zjh/dev_ws/install/learning_tf_cpp:/home/zjh/dev_ws/install/learning_service_cpp:/home/zjh/dev_ws/install/learning_pkg_c:/home/zjh/dev_ws/install/learning_parameter_cpp:/home/zjh/dev_ws/install/learning_node_cpp:/home/zjh/dev_ws/install/learning_action_cpp:/home/zjh/dev_ws/install/learning_interface:/home/zjh/dev_ws/install/learning_urdf:/home/zjh/dev_ws/install/learning_topic:/home/zjh/dev_ws/install/learning_tf:/home/zjh/dev_ws/install/learning_service:/home/zjh/dev_ws/install/learning_qos:/home/zjh/dev_ws/install/learning_pkg_python:/home/zjh/dev_ws/install/learning_parameter:/home/zjh/dev_ws/install/learning_node:/home/zjh/dev_ws/install/learning_launch:/home/zjh/dev_ws/install/learning_action:/home/zjh/dev_ws/install/learning_gazebo_harmonic:/home/zjh/dev_ws/install/learning_gazebo:/home/zjh/dev_ws/install/learning_cv:/opt/ros/humble GZ_SIM_RESOURCE_PATH=/home/zjh/vrx_ws/install/share/wamv_description/models:/home/zjh/vrx_ws/install/share/vrx_gazebo/models:/home/zjh/vrx_ws/install/share LD_LIBRARY_PATH=/home/zjh/vrx_ws/install/lib:${LD_LIBRARY_PATH} PYTHONPATH=/home/zjh/vrx_ws/install/local/lib/python3.10/dist-packages:${PYTHONPATH} /usr/bin/cmake --install /home/zjh/vrx_ws/build/wamv_gazebo
