[0.005s] Invoking command in '/home/zjh/vrx_ws/build/wamv_description': AMENT_PREFIX_PATH=/home/zjh/vrx_ws/install:${AMENT_PREFIX_PATH} CMAKE_PREFIX_PATH=/home/zjh/vrx_ws/install:/home/zjh/dev_ws/install/learning_topic_cpp:/home/zjh/dev_ws/install/learning_tf_cpp:/home/zjh/dev_ws/install/learning_service_cpp:/home/zjh/dev_ws/install/learning_pkg_c:/home/zjh/dev_ws/install/learning_parameter_cpp:/home/zjh/dev_ws/install/learning_node_cpp:/home/zjh/dev_ws/install/learning_action_cpp:/home/zjh/dev_ws/install/learning_interface:/home/zjh/dev_ws/install/learning_urdf:/home/zjh/dev_ws/install/learning_topic:/home/zjh/dev_ws/install/learning_tf:/home/zjh/dev_ws/install/learning_service:/home/zjh/dev_ws/install/learning_qos:/home/zjh/dev_ws/install/learning_pkg_python:/home/zjh/dev_ws/install/learning_parameter:/home/zjh/dev_ws/install/learning_node:/home/zjh/dev_ws/install/learning_launch:/home/zjh/dev_ws/install/learning_action:/home/zjh/dev_ws/install/learning_gazebo_harmonic:/home/zjh/dev_ws/install/learning_gazebo:/home/zjh/dev_ws/install/learning_cv:/opt/ros/humble GZ_SIM_RESOURCE_PATH=/home/zjh/vrx_ws/install/share/vrx_gazebo/models:/home/zjh/vrx_ws/install/share:${GZ_SIM_RESOURCE_PATH} LD_LIBRARY_PATH=/home/zjh/vrx_ws/install/lib:${LD_LIBRARY_PATH} PYTHONPATH=/home/zjh/vrx_ws/install/local/lib/python3.10/dist-packages:${PYTHONPATH} /usr/bin/cmake --build /home/zjh/vrx_ws/build/wamv_description -- -j24 -l24
[0.035s] [100%] Built target wamv_description__xacro_auto_generate
[0.042s] Invoked command in '/home/zjh/vrx_ws/build/wamv_description' returned '0': AMENT_PREFIX_PATH=/home/zjh/vrx_ws/install:${AMENT_PREFIX_PATH} CMAKE_PREFIX_PATH=/home/zjh/vrx_ws/install:/home/zjh/dev_ws/install/learning_topic_cpp:/home/zjh/dev_ws/install/learning_tf_cpp:/home/zjh/dev_ws/install/learning_service_cpp:/home/zjh/dev_ws/install/learning_pkg_c:/home/zjh/dev_ws/install/learning_parameter_cpp:/home/zjh/dev_ws/install/learning_node_cpp:/home/zjh/dev_ws/install/learning_action_cpp:/home/zjh/dev_ws/install/learning_interface:/home/zjh/dev_ws/install/learning_urdf:/home/zjh/dev_ws/install/learning_topic:/home/zjh/dev_ws/install/learning_tf:/home/zjh/dev_ws/install/learning_service:/home/zjh/dev_ws/install/learning_qos:/home/zjh/dev_ws/install/learning_pkg_python:/home/zjh/dev_ws/install/learning_parameter:/home/zjh/dev_ws/install/learning_node:/home/zjh/dev_ws/install/learning_launch:/home/zjh/dev_ws/install/learning_action:/home/zjh/dev_ws/install/learning_gazebo_harmonic:/home/zjh/dev_ws/install/learning_gazebo:/home/zjh/dev_ws/install/learning_cv:/opt/ros/humble GZ_SIM_RESOURCE_PATH=/home/zjh/vrx_ws/install/share/vrx_gazebo/models:/home/zjh/vrx_ws/install/share:${GZ_SIM_RESOURCE_PATH} LD_LIBRARY_PATH=/home/zjh/vrx_ws/install/lib:${LD_LIBRARY_PATH} PYTHONPATH=/home/zjh/vrx_ws/install/local/lib/python3.10/dist-packages:${PYTHONPATH} /usr/bin/cmake --build /home/zjh/vrx_ws/build/wamv_description -- -j24 -l24
[0.057s] Invoking command in '/home/zjh/vrx_ws/build/wamv_description': AMENT_PREFIX_PATH=/home/zjh/vrx_ws/install:${AMENT_PREFIX_PATH} CMAKE_PREFIX_PATH=/home/zjh/vrx_ws/install:/home/zjh/dev_ws/install/learning_topic_cpp:/home/zjh/dev_ws/install/learning_tf_cpp:/home/zjh/dev_ws/install/learning_service_cpp:/home/zjh/dev_ws/install/learning_pkg_c:/home/zjh/dev_ws/install/learning_parameter_cpp:/home/zjh/dev_ws/install/learning_node_cpp:/home/zjh/dev_ws/install/learning_action_cpp:/home/zjh/dev_ws/install/learning_interface:/home/zjh/dev_ws/install/learning_urdf:/home/zjh/dev_ws/install/learning_topic:/home/zjh/dev_ws/install/learning_tf:/home/zjh/dev_ws/install/learning_service:/home/zjh/dev_ws/install/learning_qos:/home/zjh/dev_ws/install/learning_pkg_python:/home/zjh/dev_ws/install/learning_parameter:/home/zjh/dev_ws/install/learning_node:/home/zjh/dev_ws/install/learning_launch:/home/zjh/dev_ws/install/learning_action:/home/zjh/dev_ws/install/learning_gazebo_harmonic:/home/zjh/dev_ws/install/learning_gazebo:/home/zjh/dev_ws/install/learning_cv:/opt/ros/humble GZ_SIM_RESOURCE_PATH=/home/zjh/vrx_ws/install/share/vrx_gazebo/models:/home/zjh/vrx_ws/install/share:${GZ_SIM_RESOURCE_PATH} LD_LIBRARY_PATH=/home/zjh/vrx_ws/install/lib:${LD_LIBRARY_PATH} PYTHONPATH=/home/zjh/vrx_ws/install/local/lib/python3.10/dist-packages:${PYTHONPATH} /usr/bin/cmake --install /home/zjh/vrx_ws/build/wamv_description
[0.061s] -- Install configuration: ""
[0.061s] -- Up-to-date: /home/zjh/vrx_ws/install/share/wamv_description/environment/resource_paths.dsv
[0.061s] -- Up-to-date: /home/zjh/vrx_ws/install/share/wamv_description/environment/resource_paths.sh
[0.061s] -- Up-to-date: /home/zjh/vrx_ws/install/share/wamv_description/urdf/wamv_base.urdf
[0.061s] -- Up-to-date: /home/zjh/vrx_ws/install/share/wamv_description/models
[0.061s] -- Up-to-date: /home/zjh/vrx_ws/install/share/wamv_description/models/engine
[0.061s] -- Up-to-date: /home/zjh/vrx_ws/install/share/wamv_description/models/engine/mesh
[0.061s] -- Up-to-date: /home/zjh/vrx_ws/install/share/wamv_description/models/engine/mesh/engine.dae
[0.061s] -- Up-to-date: /home/zjh/vrx_ws/install/share/wamv_description/models/engine/model.config
[0.061s] -- Up-to-date: /home/zjh/vrx_ws/install/share/wamv_description/models/propeller
[0.061s] -- Up-to-date: /home/zjh/vrx_ws/install/share/wamv_description/models/propeller/mesh
[0.061s] -- Up-to-date: /home/zjh/vrx_ws/install/share/wamv_description/models/propeller/mesh/propeller.dae
[0.061s] -- Up-to-date: /home/zjh/vrx_ws/install/share/wamv_description/models/propeller/model.config
[0.061s] -- Up-to-date: /home/zjh/vrx_ws/install/share/wamv_description/models/WAM-V-Base
[0.061s] -- Up-to-date: /home/zjh/vrx_ws/install/share/wamv_description/models/WAM-V-Base/mesh
[0.061s] -- Up-to-date: /home/zjh/vrx_ws/install/share/wamv_description/models/WAM-V-Base/mesh/WAM-V-Base.dae
[0.061s] -- Up-to-date: /home/zjh/vrx_ws/install/share/wamv_description/models/WAM-V-Base/mesh/WamV.png
[0.061s] -- Up-to-date: /home/zjh/vrx_ws/install/share/wamv_description/models/WAM-V-Base/mesh/WAM-V_Normal.png
[0.061s] -- Up-to-date: /home/zjh/vrx_ws/install/share/wamv_description/models/WAM-V-Base/mesh/WAM-V_Albedo.png
[0.061s] -- Up-to-date: /home/zjh/vrx_ws/install/share/wamv_description/models/WAM-V-Base/mesh/WAM-V_Metalness.png
[0.061s] -- Up-to-date: /home/zjh/vrx_ws/install/share/wamv_description/models/WAM-V-Base/mesh/WAM-V_Roughness.png
[0.061s] -- Up-to-date: /home/zjh/vrx_ws/install/share/wamv_description/models/WAM-V-Base/model.config
[0.061s] -- Up-to-date: /home/zjh/vrx_ws/install/share/wamv_description/urdf
[0.061s] -- Up-to-date: /home/zjh/vrx_ws/install/share/wamv_description/urdf/thrusters
[0.061s] -- Up-to-date: /home/zjh/vrx_ws/install/share/wamv_description/urdf/thrusters/engine.xacro
[0.061s] -- Up-to-date: /home/zjh/vrx_ws/install/share/wamv_description/urdf/battery.xacro
[0.062s] -- Up-to-date: /home/zjh/vrx_ws/install/share/wamv_description/urdf/wamv_base.urdf.xacro
[0.062s] -- Up-to-date: /home/zjh/vrx_ws/install/share/wamv_description/urdf/cpu_cases.xacro
[0.062s] -- Up-to-date: /home/zjh/vrx_ws/install/share/ament_index/resource_index/package_run_dependencies/wamv_description
[0.062s] -- Up-to-date: /home/zjh/vrx_ws/install/share/ament_index/resource_index/parent_prefix_path/wamv_description
[0.062s] -- Up-to-date: /home/zjh/vrx_ws/install/share/wamv_description/environment/ament_prefix_path.sh
[0.062s] -- Up-to-date: /home/zjh/vrx_ws/install/share/wamv_description/environment/ament_prefix_path.dsv
[0.062s] -- Up-to-date: /home/zjh/vrx_ws/install/share/wamv_description/environment/path.sh
[0.062s] -- Up-to-date: /home/zjh/vrx_ws/install/share/wamv_description/environment/path.dsv
[0.062s] -- Up-to-date: /home/zjh/vrx_ws/install/share/wamv_description/local_setup.bash
[0.062s] -- Up-to-date: /home/zjh/vrx_ws/install/share/wamv_description/local_setup.sh
[0.062s] -- Up-to-date: /home/zjh/vrx_ws/install/share/wamv_description/local_setup.zsh
[0.062s] -- Up-to-date: /home/zjh/vrx_ws/install/share/wamv_description/local_setup.dsv
[0.062s] -- Installing: /home/zjh/vrx_ws/install/share/wamv_description/package.dsv
[0.062s] -- Up-to-date: /home/zjh/vrx_ws/install/share/ament_index/resource_index/packages/wamv_description
[0.062s] -- Up-to-date: /home/zjh/vrx_ws/install/share/wamv_description/cmake/wamv_descriptionConfig.cmake
[0.062s] -- Up-to-date: /home/zjh/vrx_ws/install/share/wamv_description/cmake/wamv_descriptionConfig-version.cmake
[0.062s] -- Up-to-date: /home/zjh/vrx_ws/install/share/wamv_description/package.xml
[0.062s] Invoked command in '/home/zjh/vrx_ws/build/wamv_description' returned '0': AMENT_PREFIX_PATH=/home/zjh/vrx_ws/install:${AMENT_PREFIX_PATH} CMAKE_PREFIX_PATH=/home/zjh/vrx_ws/install:/home/zjh/dev_ws/install/learning_topic_cpp:/home/zjh/dev_ws/install/learning_tf_cpp:/home/zjh/dev_ws/install/learning_service_cpp:/home/zjh/dev_ws/install/learning_pkg_c:/home/zjh/dev_ws/install/learning_parameter_cpp:/home/zjh/dev_ws/install/learning_node_cpp:/home/zjh/dev_ws/install/learning_action_cpp:/home/zjh/dev_ws/install/learning_interface:/home/zjh/dev_ws/install/learning_urdf:/home/zjh/dev_ws/install/learning_topic:/home/zjh/dev_ws/install/learning_tf:/home/zjh/dev_ws/install/learning_service:/home/zjh/dev_ws/install/learning_qos:/home/zjh/dev_ws/install/learning_pkg_python:/home/zjh/dev_ws/install/learning_parameter:/home/zjh/dev_ws/install/learning_node:/home/zjh/dev_ws/install/learning_launch:/home/zjh/dev_ws/install/learning_action:/home/zjh/dev_ws/install/learning_gazebo_harmonic:/home/zjh/dev_ws/install/learning_gazebo:/home/zjh/dev_ws/install/learning_cv:/opt/ros/humble GZ_SIM_RESOURCE_PATH=/home/zjh/vrx_ws/install/share/vrx_gazebo/models:/home/zjh/vrx_ws/install/share:${GZ_SIM_RESOURCE_PATH} LD_LIBRARY_PATH=/home/zjh/vrx_ws/install/lib:${LD_LIBRARY_PATH} PYTHONPATH=/home/zjh/vrx_ws/install/local/lib/python3.10/dist-packages:${PYTHONPATH} /usr/bin/cmake --install /home/zjh/vrx_ws/build/wamv_description
