[0.051s] DEBUG:colcon:Command line arguments: ['/usr/bin/colcon', 'build', '--merge-install']
[0.051s] DEBUG:colcon:Parsed command line arguments: Namespace(log_base=None, log_level=None, verb_name='build', build_base='build', install_base='install', merge_install=True, symlink_install=False, test_result_base=None, continue_on_error=False, executor='parallel', parallel_workers=24, event_handlers=None, ignore_user_meta=False, metas=['./colcon.meta'], base_paths=['.'], packages_ignore=None, packages_ignore_regex=None, paths=None, packages_up_to=None, packages_up_to_regex=None, packages_above=None, packages_above_and_dependencies=None, packages_above_depth=None, packages_select_by_dep=None, packages_skip_by_dep=None, packages_skip_up_to=None, packages_select_build_failed=False, packages_skip_build_finished=False, packages_select_test_failures=False, packages_skip_test_passed=False, packages_select=None, packages_skip=None, packages_select_regex=None, packages_skip_regex=None, packages_start=None, packages_end=None, allow_overriding=[], cmake_args=None, cmake_target=None, cmake_target_skip_unavailable=False, cmake_clean_cache=False, cmake_clean_first=False, cmake_force_configure=False, ament_cmake_args=None, catkin_cmake_args=None, catkin_skip_building_tests=False, verb_parser=<colcon_defaults.argument_parser.defaults.DefaultArgumentsDecorator object at 0x7652bbd26980>, verb_extension=<colcon_core.verb.build.BuildVerb object at 0x7652bbd263e0>, main=<bound method BuildVerb.main of <colcon_core.verb.build.BuildVerb object at 0x7652bbd263e0>>)
[0.125s] Level 1:colcon.colcon_core.package_discovery:discover_packages(colcon_meta) check parameters
[0.125s] Level 1:colcon.colcon_core.package_discovery:discover_packages(recursive) check parameters
[0.125s] Level 1:colcon.colcon_core.package_discovery:discover_packages(ignore) check parameters
[0.125s] Level 1:colcon.colcon_core.package_discovery:discover_packages(path) check parameters
[0.125s] Level 1:colcon.colcon_core.package_discovery:discover_packages(colcon_meta) discover
[0.125s] Level 1:colcon.colcon_core.package_discovery:discover_packages(recursive) discover
[0.125s] INFO:colcon.colcon_core.package_discovery:Crawling recursively for packages in '/home/zjh/vrx_ws'
[0.125s] Level 1:colcon.colcon_core.package_identification:_identify(.) by extensions ['ignore', 'ignore_ament_install']
[0.126s] Level 1:colcon.colcon_core.package_identification:_identify(.) by extension 'ignore'
[0.126s] Level 1:colcon.colcon_core.package_identification:_identify(.) by extension 'ignore_ament_install'
[0.126s] Level 1:colcon.colcon_core.package_identification:_identify(.) by extensions ['colcon_pkg']
[0.126s] Level 1:colcon.colcon_core.package_identification:_identify(.) by extension 'colcon_pkg'
[0.126s] Level 1:colcon.colcon_core.package_identification:_identify(.) by extensions ['colcon_meta']
[0.126s] Level 1:colcon.colcon_core.package_identification:_identify(.) by extension 'colcon_meta'
[0.126s] Level 1:colcon.colcon_core.package_identification:_identify(.) by extensions ['ros']
[0.126s] Level 1:colcon.colcon_core.package_identification:_identify(.) by extension 'ros'
[0.131s] Level 1:colcon.colcon_core.package_identification:_identify(.) by extensions ['cmake', 'python']
[0.131s] Level 1:colcon.colcon_core.package_identification:_identify(.) by extension 'cmake'
[0.131s] Level 1:colcon.colcon_core.package_identification:_identify(.) by extension 'python'
[0.131s] Level 1:colcon.colcon_core.package_identification:_identify(.) by extensions ['python_setup_py']
[0.131s] Level 1:colcon.colcon_core.package_identification:_identify(.) by extension 'python_setup_py'
[0.131s] Level 1:colcon.colcon_core.package_identification:_identify(build) by extensions ['ignore', 'ignore_ament_install']
[0.131s] Level 1:colcon.colcon_core.package_identification:_identify(build) by extension 'ignore'
[0.131s] Level 1:colcon.colcon_core.package_identification:_identify(build) ignored
[0.131s] Level 1:colcon.colcon_core.package_identification:_identify(install) by extensions ['ignore', 'ignore_ament_install']
[0.131s] Level 1:colcon.colcon_core.package_identification:_identify(install) by extension 'ignore'
[0.131s] Level 1:colcon.colcon_core.package_identification:_identify(install) ignored
[0.132s] Level 1:colcon.colcon_core.package_identification:_identify(log) by extensions ['ignore', 'ignore_ament_install']
[0.132s] Level 1:colcon.colcon_core.package_identification:_identify(log) by extension 'ignore'
[0.132s] Level 1:colcon.colcon_core.package_identification:_identify(log) ignored
[0.132s] Level 1:colcon.colcon_core.package_identification:_identify(src) by extensions ['ignore', 'ignore_ament_install']
[0.132s] Level 1:colcon.colcon_core.package_identification:_identify(src) by extension 'ignore'
[0.132s] Level 1:colcon.colcon_core.package_identification:_identify(src) by extension 'ignore_ament_install'
[0.132s] Level 1:colcon.colcon_core.package_identification:_identify(src) by extensions ['colcon_pkg']
[0.132s] Level 1:colcon.colcon_core.package_identification:_identify(src) by extension 'colcon_pkg'
[0.132s] Level 1:colcon.colcon_core.package_identification:_identify(src) by extensions ['colcon_meta']
[0.132s] Level 1:colcon.colcon_core.package_identification:_identify(src) by extension 'colcon_meta'
[0.132s] Level 1:colcon.colcon_core.package_identification:_identify(src) by extensions ['ros']
[0.132s] Level 1:colcon.colcon_core.package_identification:_identify(src) by extension 'ros'
[0.132s] Level 1:colcon.colcon_core.package_identification:_identify(src) by extensions ['cmake', 'python']
[0.132s] Level 1:colcon.colcon_core.package_identification:_identify(src) by extension 'cmake'
[0.132s] Level 1:colcon.colcon_core.package_identification:_identify(src) by extension 'python'
[0.132s] Level 1:colcon.colcon_core.package_identification:_identify(src) by extensions ['python_setup_py']
[0.132s] Level 1:colcon.colcon_core.package_identification:_identify(src) by extension 'python_setup_py'
[0.132s] Level 1:colcon.colcon_core.package_identification:_identify(src/example_vrx_package) by extensions ['ignore', 'ignore_ament_install']
[0.132s] Level 1:colcon.colcon_core.package_identification:_identify(src/example_vrx_package) by extension 'ignore'
[0.132s] Level 1:colcon.colcon_core.package_identification:_identify(src/example_vrx_package) by extension 'ignore_ament_install'
[0.132s] Level 1:colcon.colcon_core.package_identification:_identify(src/example_vrx_package) by extensions ['colcon_pkg']
[0.132s] Level 1:colcon.colcon_core.package_identification:_identify(src/example_vrx_package) by extension 'colcon_pkg'
[0.132s] Level 1:colcon.colcon_core.package_identification:_identify(src/example_vrx_package) by extensions ['colcon_meta']
[0.132s] Level 1:colcon.colcon_core.package_identification:_identify(src/example_vrx_package) by extension 'colcon_meta'
[0.132s] Level 1:colcon.colcon_core.package_identification:_identify(src/example_vrx_package) by extensions ['ros']
[0.132s] Level 1:colcon.colcon_core.package_identification:_identify(src/example_vrx_package) by extension 'ros'
[0.132s] Level 1:colcon.colcon_core.package_identification:_identify(src/example_vrx_package) by extensions ['cmake', 'python']
[0.132s] Level 1:colcon.colcon_core.package_identification:_identify(src/example_vrx_package) by extension 'cmake'
[0.132s] Level 1:colcon.colcon_core.package_identification:_identify(src/example_vrx_package) by extension 'python'
[0.132s] Level 1:colcon.colcon_core.package_identification:_identify(src/example_vrx_package) by extensions ['python_setup_py']
[0.132s] Level 1:colcon.colcon_core.package_identification:_identify(src/example_vrx_package) by extension 'python_setup_py'
[0.132s] Level 1:colcon.colcon_core.package_identification:_identify(src/vrx) by extensions ['ignore', 'ignore_ament_install']
[0.132s] Level 1:colcon.colcon_core.package_identification:_identify(src/vrx) by extension 'ignore'
[0.132s] Level 1:colcon.colcon_core.package_identification:_identify(src/vrx) by extension 'ignore_ament_install'
[0.132s] Level 1:colcon.colcon_core.package_identification:_identify(src/vrx) by extensions ['colcon_pkg']
[0.132s] Level 1:colcon.colcon_core.package_identification:_identify(src/vrx) by extension 'colcon_pkg'
[0.132s] Level 1:colcon.colcon_core.package_identification:_identify(src/vrx) by extensions ['colcon_meta']
[0.132s] Level 1:colcon.colcon_core.package_identification:_identify(src/vrx) by extension 'colcon_meta'
[0.132s] Level 1:colcon.colcon_core.package_identification:_identify(src/vrx) by extensions ['ros']
[0.132s] Level 1:colcon.colcon_core.package_identification:_identify(src/vrx) by extension 'ros'
[0.132s] Level 1:colcon.colcon_core.package_identification:_identify(src/vrx) by extensions ['cmake', 'python']
[0.132s] Level 1:colcon.colcon_core.package_identification:_identify(src/vrx) by extension 'cmake'
[0.132s] Level 1:colcon.colcon_core.package_identification:_identify(src/vrx) by extension 'python'
[0.132s] Level 1:colcon.colcon_core.package_identification:_identify(src/vrx) by extensions ['python_setup_py']
[0.132s] Level 1:colcon.colcon_core.package_identification:_identify(src/vrx) by extension 'python_setup_py'
[0.132s] Level 1:colcon.colcon_core.package_identification:_identify(src/vrx/images) by extensions ['ignore', 'ignore_ament_install']
[0.132s] Level 1:colcon.colcon_core.package_identification:_identify(src/vrx/images) by extension 'ignore'
[0.132s] Level 1:colcon.colcon_core.package_identification:_identify(src/vrx/images) by extension 'ignore_ament_install'
[0.132s] Level 1:colcon.colcon_core.package_identification:_identify(src/vrx/images) by extensions ['colcon_pkg']
[0.132s] Level 1:colcon.colcon_core.package_identification:_identify(src/vrx/images) by extension 'colcon_pkg'
[0.133s] Level 1:colcon.colcon_core.package_identification:_identify(src/vrx/images) by extensions ['colcon_meta']
[0.133s] Level 1:colcon.colcon_core.package_identification:_identify(src/vrx/images) by extension 'colcon_meta'
[0.133s] Level 1:colcon.colcon_core.package_identification:_identify(src/vrx/images) by extensions ['ros']
[0.133s] Level 1:colcon.colcon_core.package_identification:_identify(src/vrx/images) by extension 'ros'
[0.133s] Level 1:colcon.colcon_core.package_identification:_identify(src/vrx/images) by extensions ['cmake', 'python']
[0.133s] Level 1:colcon.colcon_core.package_identification:_identify(src/vrx/images) by extension 'cmake'
[0.133s] Level 1:colcon.colcon_core.package_identification:_identify(src/vrx/images) by extension 'python'
[0.133s] Level 1:colcon.colcon_core.package_identification:_identify(src/vrx/images) by extensions ['python_setup_py']
[0.133s] Level 1:colcon.colcon_core.package_identification:_identify(src/vrx/images) by extension 'python_setup_py'
[0.133s] Level 1:colcon.colcon_core.package_identification:_identify(src/vrx/vrx_gz) by extensions ['ignore', 'ignore_ament_install']
[0.133s] Level 1:colcon.colcon_core.package_identification:_identify(src/vrx/vrx_gz) by extension 'ignore'
[0.133s] Level 1:colcon.colcon_core.package_identification:_identify(src/vrx/vrx_gz) by extension 'ignore_ament_install'
[0.133s] Level 1:colcon.colcon_core.package_identification:_identify(src/vrx/vrx_gz) by extensions ['colcon_pkg']
[0.133s] Level 1:colcon.colcon_core.package_identification:_identify(src/vrx/vrx_gz) by extension 'colcon_pkg'
[0.133s] Level 1:colcon.colcon_core.package_identification:_identify(src/vrx/vrx_gz) by extensions ['colcon_meta']
[0.133s] Level 1:colcon.colcon_core.package_identification:_identify(src/vrx/vrx_gz) by extension 'colcon_meta'
[0.133s] Level 1:colcon.colcon_core.package_identification:_identify(src/vrx/vrx_gz) by extensions ['ros']
[0.133s] Level 1:colcon.colcon_core.package_identification:_identify(src/vrx/vrx_gz) by extension 'ros'
[0.134s] DEBUG:colcon.colcon_core.package_identification:Package 'src/vrx/vrx_gz' with type 'ros.ament_cmake' and name 'vrx_gz'
[0.134s] Level 1:colcon.colcon_core.package_identification:_identify(src/vrx/vrx_ros) by extensions ['ignore', 'ignore_ament_install']
[0.134s] Level 1:colcon.colcon_core.package_identification:_identify(src/vrx/vrx_ros) by extension 'ignore'
[0.134s] Level 1:colcon.colcon_core.package_identification:_identify(src/vrx/vrx_ros) by extension 'ignore_ament_install'
[0.134s] Level 1:colcon.colcon_core.package_identification:_identify(src/vrx/vrx_ros) by extensions ['colcon_pkg']
[0.134s] Level 1:colcon.colcon_core.package_identification:_identify(src/vrx/vrx_ros) by extension 'colcon_pkg'
[0.134s] Level 1:colcon.colcon_core.package_identification:_identify(src/vrx/vrx_ros) by extensions ['colcon_meta']
[0.134s] Level 1:colcon.colcon_core.package_identification:_identify(src/vrx/vrx_ros) by extension 'colcon_meta'
[0.134s] Level 1:colcon.colcon_core.package_identification:_identify(src/vrx/vrx_ros) by extensions ['ros']
[0.134s] Level 1:colcon.colcon_core.package_identification:_identify(src/vrx/vrx_ros) by extension 'ros'
[0.135s] DEBUG:colcon.colcon_core.package_identification:Package 'src/vrx/vrx_ros' with type 'ros.ament_cmake' and name 'vrx_ros'
[0.135s] Level 1:colcon.colcon_core.package_identification:_identify(src/vrx/vrx_urdf) by extensions ['ignore', 'ignore_ament_install']
[0.135s] Level 1:colcon.colcon_core.package_identification:_identify(src/vrx/vrx_urdf) by extension 'ignore'
[0.135s] Level 1:colcon.colcon_core.package_identification:_identify(src/vrx/vrx_urdf) by extension 'ignore_ament_install'
[0.135s] Level 1:colcon.colcon_core.package_identification:_identify(src/vrx/vrx_urdf) by extensions ['colcon_pkg']
[0.135s] Level 1:colcon.colcon_core.package_identification:_identify(src/vrx/vrx_urdf) by extension 'colcon_pkg'
[0.135s] Level 1:colcon.colcon_core.package_identification:_identify(src/vrx/vrx_urdf) by extensions ['colcon_meta']
[0.135s] Level 1:colcon.colcon_core.package_identification:_identify(src/vrx/vrx_urdf) by extension 'colcon_meta'
[0.135s] Level 1:colcon.colcon_core.package_identification:_identify(src/vrx/vrx_urdf) by extensions ['ros']
[0.135s] Level 1:colcon.colcon_core.package_identification:_identify(src/vrx/vrx_urdf) by extension 'ros'
[0.135s] Level 1:colcon.colcon_core.package_identification:_identify(src/vrx/vrx_urdf) by extensions ['cmake', 'python']
[0.135s] Level 1:colcon.colcon_core.package_identification:_identify(src/vrx/vrx_urdf) by extension 'cmake'
[0.135s] Level 1:colcon.colcon_core.package_identification:_identify(src/vrx/vrx_urdf) by extension 'python'
[0.135s] Level 1:colcon.colcon_core.package_identification:_identify(src/vrx/vrx_urdf) by extensions ['python_setup_py']
[0.135s] Level 1:colcon.colcon_core.package_identification:_identify(src/vrx/vrx_urdf) by extension 'python_setup_py'
[0.135s] Level 1:colcon.colcon_core.package_identification:_identify(src/vrx/vrx_urdf/vrx_gazebo) by extensions ['ignore', 'ignore_ament_install']
[0.135s] Level 1:colcon.colcon_core.package_identification:_identify(src/vrx/vrx_urdf/vrx_gazebo) by extension 'ignore'
[0.135s] Level 1:colcon.colcon_core.package_identification:_identify(src/vrx/vrx_urdf/vrx_gazebo) by extension 'ignore_ament_install'
[0.135s] Level 1:colcon.colcon_core.package_identification:_identify(src/vrx/vrx_urdf/vrx_gazebo) by extensions ['colcon_pkg']
[0.135s] Level 1:colcon.colcon_core.package_identification:_identify(src/vrx/vrx_urdf/vrx_gazebo) by extension 'colcon_pkg'
[0.135s] Level 1:colcon.colcon_core.package_identification:_identify(src/vrx/vrx_urdf/vrx_gazebo) by extensions ['colcon_meta']
[0.135s] Level 1:colcon.colcon_core.package_identification:_identify(src/vrx/vrx_urdf/vrx_gazebo) by extension 'colcon_meta'
[0.135s] Level 1:colcon.colcon_core.package_identification:_identify(src/vrx/vrx_urdf/vrx_gazebo) by extensions ['ros']
[0.135s] Level 1:colcon.colcon_core.package_identification:_identify(src/vrx/vrx_urdf/vrx_gazebo) by extension 'ros'
[0.136s] DEBUG:colcon.colcon_core.package_identification:Package 'src/vrx/vrx_urdf/vrx_gazebo' with type 'ros.ament_cmake' and name 'vrx_gazebo'
[0.136s] Level 1:colcon.colcon_core.package_identification:_identify(src/vrx/vrx_urdf/wamv_description) by extensions ['ignore', 'ignore_ament_install']
[0.136s] Level 1:colcon.colcon_core.package_identification:_identify(src/vrx/vrx_urdf/wamv_description) by extension 'ignore'
[0.136s] Level 1:colcon.colcon_core.package_identification:_identify(src/vrx/vrx_urdf/wamv_description) by extension 'ignore_ament_install'
[0.136s] Level 1:colcon.colcon_core.package_identification:_identify(src/vrx/vrx_urdf/wamv_description) by extensions ['colcon_pkg']
[0.136s] Level 1:colcon.colcon_core.package_identification:_identify(src/vrx/vrx_urdf/wamv_description) by extension 'colcon_pkg'
[0.136s] Level 1:colcon.colcon_core.package_identification:_identify(src/vrx/vrx_urdf/wamv_description) by extensions ['colcon_meta']
[0.136s] Level 1:colcon.colcon_core.package_identification:_identify(src/vrx/vrx_urdf/wamv_description) by extension 'colcon_meta'
[0.136s] Level 1:colcon.colcon_core.package_identification:_identify(src/vrx/vrx_urdf/wamv_description) by extensions ['ros']
[0.136s] Level 1:colcon.colcon_core.package_identification:_identify(src/vrx/vrx_urdf/wamv_description) by extension 'ros'
[0.136s] DEBUG:colcon.colcon_core.package_identification:Package 'src/vrx/vrx_urdf/wamv_description' with type 'ros.ament_cmake' and name 'wamv_description'
[0.136s] Level 1:colcon.colcon_core.package_identification:_identify(src/vrx/vrx_urdf/wamv_gazebo) by extensions ['ignore', 'ignore_ament_install']
[0.136s] Level 1:colcon.colcon_core.package_identification:_identify(src/vrx/vrx_urdf/wamv_gazebo) by extension 'ignore'
[0.136s] Level 1:colcon.colcon_core.package_identification:_identify(src/vrx/vrx_urdf/wamv_gazebo) by extension 'ignore_ament_install'
[0.136s] Level 1:colcon.colcon_core.package_identification:_identify(src/vrx/vrx_urdf/wamv_gazebo) by extensions ['colcon_pkg']
[0.136s] Level 1:colcon.colcon_core.package_identification:_identify(src/vrx/vrx_urdf/wamv_gazebo) by extension 'colcon_pkg'
[0.136s] Level 1:colcon.colcon_core.package_identification:_identify(src/vrx/vrx_urdf/wamv_gazebo) by extensions ['colcon_meta']
[0.136s] Level 1:colcon.colcon_core.package_identification:_identify(src/vrx/vrx_urdf/wamv_gazebo) by extension 'colcon_meta'
[0.136s] Level 1:colcon.colcon_core.package_identification:_identify(src/vrx/vrx_urdf/wamv_gazebo) by extensions ['ros']
[0.136s] Level 1:colcon.colcon_core.package_identification:_identify(src/vrx/vrx_urdf/wamv_gazebo) by extension 'ros'
[0.137s] DEBUG:colcon.colcon_core.package_identification:Package 'src/vrx/vrx_urdf/wamv_gazebo' with type 'ros.ament_cmake' and name 'wamv_gazebo'
[0.137s] Level 1:colcon.colcon_core.package_discovery:discover_packages(recursive) using defaults
[0.137s] Level 1:colcon.colcon_core.package_discovery:discover_packages(ignore) discover
[0.137s] Level 1:colcon.colcon_core.package_discovery:discover_packages(ignore) using defaults
[0.137s] Level 1:colcon.colcon_core.package_discovery:discover_packages(path) discover
[0.137s] Level 1:colcon.colcon_core.package_discovery:discover_packages(path) using defaults
[0.147s] Level 1:colcon.colcon_core.package_discovery:discover_packages(prefix_path) check parameters
[0.147s] Level 1:colcon.colcon_core.package_discovery:discover_packages(prefix_path) discover
[0.149s] DEBUG:colcon.colcon_installed_package_information.package_discovery:Found 21 installed packages in /home/zjh/dev_ws/install
[0.153s] DEBUG:colcon.colcon_installed_package_information.package_discovery:Found 324 installed packages in /opt/ros/humble
[0.154s] Level 1:colcon.colcon_core.package_discovery:discover_packages(prefix_path) using defaults
[0.173s] Level 5:colcon.colcon_core.verb:set package 'vrx_gazebo' build argument 'cmake_args' from command line to 'None'
[0.173s] Level 5:colcon.colcon_core.verb:set package 'vrx_gazebo' build argument 'cmake_target' from command line to 'None'
[0.173s] Level 5:colcon.colcon_core.verb:set package 'vrx_gazebo' build argument 'cmake_target_skip_unavailable' from command line to 'False'
[0.173s] Level 5:colcon.colcon_core.verb:set package 'vrx_gazebo' build argument 'cmake_clean_cache' from command line to 'False'
[0.173s] Level 5:colcon.colcon_core.verb:set package 'vrx_gazebo' build argument 'cmake_clean_first' from command line to 'False'
[0.173s] Level 5:colcon.colcon_core.verb:set package 'vrx_gazebo' build argument 'cmake_force_configure' from command line to 'False'
[0.173s] Level 5:colcon.colcon_core.verb:set package 'vrx_gazebo' build argument 'ament_cmake_args' from command line to 'None'
[0.173s] Level 5:colcon.colcon_core.verb:set package 'vrx_gazebo' build argument 'catkin_cmake_args' from command line to 'None'
[0.173s] Level 5:colcon.colcon_core.verb:set package 'vrx_gazebo' build argument 'catkin_skip_building_tests' from command line to 'False'
[0.173s] DEBUG:colcon.colcon_core.verb:Building package 'vrx_gazebo' with the following arguments: {'ament_cmake_args': None, 'build_base': '/home/zjh/vrx_ws/build/vrx_gazebo', 'catkin_cmake_args': None, 'catkin_skip_building_tests': False, 'cmake_args': None, 'cmake_clean_cache': False, 'cmake_clean_first': False, 'cmake_force_configure': False, 'cmake_target': None, 'cmake_target_skip_unavailable': False, 'install_base': '/home/zjh/vrx_ws/install', 'merge_install': True, 'path': '/home/zjh/vrx_ws/src/vrx/vrx_urdf/vrx_gazebo', 'symlink_install': False, 'test_result_base': None}
[0.173s] Level 5:colcon.colcon_core.verb:set package 'vrx_ros' build argument 'cmake_args' from command line to 'None'
[0.173s] Level 5:colcon.colcon_core.verb:set package 'vrx_ros' build argument 'cmake_target' from command line to 'None'
[0.173s] Level 5:colcon.colcon_core.verb:set package 'vrx_ros' build argument 'cmake_target_skip_unavailable' from command line to 'False'
[0.173s] Level 5:colcon.colcon_core.verb:set package 'vrx_ros' build argument 'cmake_clean_cache' from command line to 'False'
[0.173s] Level 5:colcon.colcon_core.verb:set package 'vrx_ros' build argument 'cmake_clean_first' from command line to 'False'
[0.173s] Level 5:colcon.colcon_core.verb:set package 'vrx_ros' build argument 'cmake_force_configure' from command line to 'False'
[0.173s] Level 5:colcon.colcon_core.verb:set package 'vrx_ros' build argument 'ament_cmake_args' from command line to 'None'
[0.173s] Level 5:colcon.colcon_core.verb:set package 'vrx_ros' build argument 'catkin_cmake_args' from command line to 'None'
[0.173s] Level 5:colcon.colcon_core.verb:set package 'vrx_ros' build argument 'catkin_skip_building_tests' from command line to 'False'
[0.173s] DEBUG:colcon.colcon_core.verb:Building package 'vrx_ros' with the following arguments: {'ament_cmake_args': None, 'build_base': '/home/zjh/vrx_ws/build/vrx_ros', 'catkin_cmake_args': None, 'catkin_skip_building_tests': False, 'cmake_args': None, 'cmake_clean_cache': False, 'cmake_clean_first': False, 'cmake_force_configure': False, 'cmake_target': None, 'cmake_target_skip_unavailable': False, 'install_base': '/home/zjh/vrx_ws/install', 'merge_install': True, 'path': '/home/zjh/vrx_ws/src/vrx/vrx_ros', 'symlink_install': False, 'test_result_base': None}
[0.173s] Level 5:colcon.colcon_core.verb:set package 'vrx_gz' build argument 'cmake_args' from command line to 'None'
[0.173s] Level 5:colcon.colcon_core.verb:set package 'vrx_gz' build argument 'cmake_target' from command line to 'None'
[0.173s] Level 5:colcon.colcon_core.verb:set package 'vrx_gz' build argument 'cmake_target_skip_unavailable' from command line to 'False'
[0.173s] Level 5:colcon.colcon_core.verb:set package 'vrx_gz' build argument 'cmake_clean_cache' from command line to 'False'
[0.173s] Level 5:colcon.colcon_core.verb:set package 'vrx_gz' build argument 'cmake_clean_first' from command line to 'False'
[0.173s] Level 5:colcon.colcon_core.verb:set package 'vrx_gz' build argument 'cmake_force_configure' from command line to 'False'
[0.173s] Level 5:colcon.colcon_core.verb:set package 'vrx_gz' build argument 'ament_cmake_args' from command line to 'None'
[0.173s] Level 5:colcon.colcon_core.verb:set package 'vrx_gz' build argument 'catkin_cmake_args' from command line to 'None'
[0.173s] Level 5:colcon.colcon_core.verb:set package 'vrx_gz' build argument 'catkin_skip_building_tests' from command line to 'False'
[0.173s] DEBUG:colcon.colcon_core.verb:Building package 'vrx_gz' with the following arguments: {'ament_cmake_args': None, 'build_base': '/home/zjh/vrx_ws/build/vrx_gz', 'catkin_cmake_args': None, 'catkin_skip_building_tests': False, 'cmake_args': None, 'cmake_clean_cache': False, 'cmake_clean_first': False, 'cmake_force_configure': False, 'cmake_target': None, 'cmake_target_skip_unavailable': False, 'install_base': '/home/zjh/vrx_ws/install', 'merge_install': True, 'path': '/home/zjh/vrx_ws/src/vrx/vrx_gz', 'symlink_install': False, 'test_result_base': None}
[0.173s] Level 5:colcon.colcon_core.verb:set package 'wamv_description' build argument 'cmake_args' from command line to 'None'
[0.173s] Level 5:colcon.colcon_core.verb:set package 'wamv_description' build argument 'cmake_target' from command line to 'None'
[0.173s] Level 5:colcon.colcon_core.verb:set package 'wamv_description' build argument 'cmake_target_skip_unavailable' from command line to 'False'
[0.173s] Level 5:colcon.colcon_core.verb:set package 'wamv_description' build argument 'cmake_clean_cache' from command line to 'False'
[0.173s] Level 5:colcon.colcon_core.verb:set package 'wamv_description' build argument 'cmake_clean_first' from command line to 'False'
[0.173s] Level 5:colcon.colcon_core.verb:set package 'wamv_description' build argument 'cmake_force_configure' from command line to 'False'
[0.173s] Level 5:colcon.colcon_core.verb:set package 'wamv_description' build argument 'ament_cmake_args' from command line to 'None'
[0.173s] Level 5:colcon.colcon_core.verb:set package 'wamv_description' build argument 'catkin_cmake_args' from command line to 'None'
[0.173s] Level 5:colcon.colcon_core.verb:set package 'wamv_description' build argument 'catkin_skip_building_tests' from command line to 'False'
[0.173s] DEBUG:colcon.colcon_core.verb:Building package 'wamv_description' with the following arguments: {'ament_cmake_args': None, 'build_base': '/home/zjh/vrx_ws/build/wamv_description', 'catkin_cmake_args': None, 'catkin_skip_building_tests': False, 'cmake_args': None, 'cmake_clean_cache': False, 'cmake_clean_first': False, 'cmake_force_configure': False, 'cmake_target': None, 'cmake_target_skip_unavailable': False, 'install_base': '/home/zjh/vrx_ws/install', 'merge_install': True, 'path': '/home/zjh/vrx_ws/src/vrx/vrx_urdf/wamv_description', 'symlink_install': False, 'test_result_base': None}
[0.174s] Level 5:colcon.colcon_core.verb:set package 'wamv_gazebo' build argument 'cmake_args' from command line to 'None'
[0.174s] Level 5:colcon.colcon_core.verb:set package 'wamv_gazebo' build argument 'cmake_target' from command line to 'None'
[0.174s] Level 5:colcon.colcon_core.verb:set package 'wamv_gazebo' build argument 'cmake_target_skip_unavailable' from command line to 'False'
[0.174s] Level 5:colcon.colcon_core.verb:set package 'wamv_gazebo' build argument 'cmake_clean_cache' from command line to 'False'
[0.174s] Level 5:colcon.colcon_core.verb:set package 'wamv_gazebo' build argument 'cmake_clean_first' from command line to 'False'
[0.174s] Level 5:colcon.colcon_core.verb:set package 'wamv_gazebo' build argument 'cmake_force_configure' from command line to 'False'
[0.174s] Level 5:colcon.colcon_core.verb:set package 'wamv_gazebo' build argument 'ament_cmake_args' from command line to 'None'
[0.174s] Level 5:colcon.colcon_core.verb:set package 'wamv_gazebo' build argument 'catkin_cmake_args' from command line to 'None'
[0.174s] Level 5:colcon.colcon_core.verb:set package 'wamv_gazebo' build argument 'catkin_skip_building_tests' from command line to 'False'
[0.174s] DEBUG:colcon.colcon_core.verb:Building package 'wamv_gazebo' with the following arguments: {'ament_cmake_args': None, 'build_base': '/home/zjh/vrx_ws/build/wamv_gazebo', 'catkin_cmake_args': None, 'catkin_skip_building_tests': False, 'cmake_args': None, 'cmake_clean_cache': False, 'cmake_clean_first': False, 'cmake_force_configure': False, 'cmake_target': None, 'cmake_target_skip_unavailable': False, 'install_base': '/home/zjh/vrx_ws/install', 'merge_install': True, 'path': '/home/zjh/vrx_ws/src/vrx/vrx_urdf/wamv_gazebo', 'symlink_install': False, 'test_result_base': None}
[0.174s] INFO:colcon.colcon_core.executor:Executing jobs using 'parallel' executor
[0.174s] DEBUG:colcon.colcon_parallel_executor.executor.parallel:run_until_complete
[0.175s] INFO:colcon.colcon_ros.task.ament_cmake.build:Building ROS package in '/home/zjh/vrx_ws/src/vrx/vrx_urdf/vrx_gazebo' with build type 'ament_cmake'
[0.175s] INFO:colcon.colcon_cmake.task.cmake.build:Building CMake package in '/home/zjh/vrx_ws/src/vrx/vrx_urdf/vrx_gazebo'
[0.176s] INFO:colcon.colcon_core.plugin_system:Skipping extension 'colcon_core.shell.bat': Not used on non-Windows systems
[0.176s] INFO:colcon.colcon_core.shell:Skip shell extension 'powershell' for command environment: Not usable outside of PowerShell
[0.176s] DEBUG:colcon.colcon_core.shell:Skip shell extension 'dsv' for command environment
[0.178s] INFO:colcon.colcon_ros.task.ament_cmake.build:Building ROS package in '/home/zjh/vrx_ws/src/vrx/vrx_ros' with build type 'ament_cmake'
[0.178s] INFO:colcon.colcon_cmake.task.cmake.build:Building CMake package in '/home/zjh/vrx_ws/src/vrx/vrx_ros'
[0.178s] INFO:colcon.colcon_core.shell:Skip shell extension 'powershell' for command environment: Not usable outside of PowerShell
[0.178s] DEBUG:colcon.colcon_core.shell:Skip shell extension 'dsv' for command environment
[0.183s] DEBUG:colcon.colcon_core.event_handler.log_command:Invoking command in '/home/zjh/vrx_ws/build/vrx_gazebo': CMAKE_PREFIX_PATH=${CMAKE_PREFIX_PATH}:/home/zjh/dev_ws/install/learning_urdf:/home/zjh/dev_ws/install/learning_topic:/home/zjh/dev_ws/install/learning_tf:/home/zjh/dev_ws/install/learning_service:/home/zjh/dev_ws/install/learning_qos:/home/zjh/dev_ws/install/learning_pkg_python:/home/zjh/dev_ws/install/learning_parameter:/home/zjh/dev_ws/install/learning_node:/home/zjh/dev_ws/install/learning_launch:/home/zjh/dev_ws/install/learning_action:/home/zjh/dev_ws/install/learning_gazebo_harmonic:/home/zjh/dev_ws/install/learning_gazebo:/home/zjh/dev_ws/install/learning_cv:/opt/ros/humble /usr/bin/cmake --build /home/zjh/vrx_ws/build/vrx_gazebo -- -j24 -l24
[0.185s] DEBUG:colcon.colcon_core.event_handler.log_command:Invoking command in '/home/zjh/vrx_ws/build/vrx_ros': CMAKE_PREFIX_PATH=${CMAKE_PREFIX_PATH}:/home/zjh/dev_ws/install/learning_urdf:/home/zjh/dev_ws/install/learning_topic:/home/zjh/dev_ws/install/learning_tf:/home/zjh/dev_ws/install/learning_service:/home/zjh/dev_ws/install/learning_qos:/home/zjh/dev_ws/install/learning_pkg_python:/home/zjh/dev_ws/install/learning_parameter:/home/zjh/dev_ws/install/learning_node:/home/zjh/dev_ws/install/learning_launch:/home/zjh/dev_ws/install/learning_action:/home/zjh/dev_ws/install/learning_gazebo_harmonic:/home/zjh/dev_ws/install/learning_gazebo:/home/zjh/dev_ws/install/learning_cv:/opt/ros/humble /usr/bin/cmake --build /home/zjh/vrx_ws/build/vrx_ros -- -j24 -l24
[0.231s] DEBUG:colcon.colcon_core.event_handler.log_command:Invoked command in '/home/zjh/vrx_ws/build/vrx_ros' returned '0': CMAKE_PREFIX_PATH=${CMAKE_PREFIX_PATH}:/home/zjh/dev_ws/install/learning_urdf:/home/zjh/dev_ws/install/learning_topic:/home/zjh/dev_ws/install/learning_tf:/home/zjh/dev_ws/install/learning_service:/home/zjh/dev_ws/install/learning_qos:/home/zjh/dev_ws/install/learning_pkg_python:/home/zjh/dev_ws/install/learning_parameter:/home/zjh/dev_ws/install/learning_node:/home/zjh/dev_ws/install/learning_launch:/home/zjh/dev_ws/install/learning_action:/home/zjh/dev_ws/install/learning_gazebo_harmonic:/home/zjh/dev_ws/install/learning_gazebo:/home/zjh/dev_ws/install/learning_cv:/opt/ros/humble /usr/bin/cmake --build /home/zjh/vrx_ws/build/vrx_ros -- -j24 -l24
[0.254s] DEBUG:colcon.colcon_core.event_handler.log_command:Invoking command in '/home/zjh/vrx_ws/build/vrx_ros': CMAKE_PREFIX_PATH=${CMAKE_PREFIX_PATH}:/home/zjh/dev_ws/install/learning_urdf:/home/zjh/dev_ws/install/learning_topic:/home/zjh/dev_ws/install/learning_tf:/home/zjh/dev_ws/install/learning_service:/home/zjh/dev_ws/install/learning_qos:/home/zjh/dev_ws/install/learning_pkg_python:/home/zjh/dev_ws/install/learning_parameter:/home/zjh/dev_ws/install/learning_node:/home/zjh/dev_ws/install/learning_launch:/home/zjh/dev_ws/install/learning_action:/home/zjh/dev_ws/install/learning_gazebo_harmonic:/home/zjh/dev_ws/install/learning_gazebo:/home/zjh/dev_ws/install/learning_cv:/opt/ros/humble /usr/bin/cmake --install /home/zjh/vrx_ws/build/vrx_ros
[0.261s] Level 1:colcon.colcon_core.environment:create_environment_scripts_only(vrx_ros)
[0.262s] DEBUG:colcon.colcon_core.event_handler.log_command:Invoked command in '/home/zjh/vrx_ws/build/vrx_ros' returned '0': CMAKE_PREFIX_PATH=${CMAKE_PREFIX_PATH}:/home/zjh/dev_ws/install/learning_urdf:/home/zjh/dev_ws/install/learning_topic:/home/zjh/dev_ws/install/learning_tf:/home/zjh/dev_ws/install/learning_service:/home/zjh/dev_ws/install/learning_qos:/home/zjh/dev_ws/install/learning_pkg_python:/home/zjh/dev_ws/install/learning_parameter:/home/zjh/dev_ws/install/learning_node:/home/zjh/dev_ws/install/learning_launch:/home/zjh/dev_ws/install/learning_action:/home/zjh/dev_ws/install/learning_gazebo_harmonic:/home/zjh/dev_ws/install/learning_gazebo:/home/zjh/dev_ws/install/learning_cv:/opt/ros/humble /usr/bin/cmake --install /home/zjh/vrx_ws/build/vrx_ros
[0.263s] Level 1:colcon.colcon_core.environment:checking '/home/zjh/vrx_ws/install' for CMake module files
[0.263s] Level 1:colcon.colcon_core.environment:checking '/home/zjh/vrx_ws/install' for CMake config files
[0.263s] Level 1:colcon.colcon_core.shell:create_environment_hook('vrx_ros', 'cmake_prefix_path')
[0.263s] INFO:colcon.colcon_core.shell:Creating environment hook '/home/zjh/vrx_ws/install/share/vrx_ros/hook/cmake_prefix_path.ps1'
[0.264s] INFO:colcon.colcon_core.shell:Creating environment descriptor '/home/zjh/vrx_ws/install/share/vrx_ros/hook/cmake_prefix_path.dsv'
[0.264s] INFO:colcon.colcon_core.shell:Creating environment hook '/home/zjh/vrx_ws/install/share/vrx_ros/hook/cmake_prefix_path.sh'
[0.264s] Level 1:colcon.colcon_core.environment:checking '/home/zjh/vrx_ws/install/lib'
[0.264s] Level 1:colcon.colcon_core.shell:create_environment_hook('vrx_ros', 'ld_library_path_lib')
[0.264s] INFO:colcon.colcon_core.shell:Creating environment hook '/home/zjh/vrx_ws/install/share/vrx_ros/hook/ld_library_path_lib.ps1'
[0.265s] INFO:colcon.colcon_core.shell:Creating environment descriptor '/home/zjh/vrx_ws/install/share/vrx_ros/hook/ld_library_path_lib.dsv'
[0.265s] INFO:colcon.colcon_core.shell:Creating environment hook '/home/zjh/vrx_ws/install/share/vrx_ros/hook/ld_library_path_lib.sh'
[0.265s] Level 1:colcon.colcon_core.environment:checking '/home/zjh/vrx_ws/install/bin'
[0.265s] Level 1:colcon.colcon_core.environment:checking '/home/zjh/vrx_ws/install/lib/pkgconfig/vrx_ros.pc'
[0.265s] Level 1:colcon.colcon_core.environment:checking '/home/zjh/vrx_ws/install/lib/python3.10/site-packages'
[0.265s] Level 1:colcon.colcon_core.environment:checking '/home/zjh/vrx_ws/install/bin'
[0.265s] INFO:colcon.colcon_core.shell:Creating package script '/home/zjh/vrx_ws/install/share/vrx_ros/package.ps1'
[0.266s] INFO:colcon.colcon_core.shell:Creating package descriptor '/home/zjh/vrx_ws/install/share/vrx_ros/package.dsv'
[0.269s] INFO:colcon.colcon_core.shell:Creating package script '/home/zjh/vrx_ws/install/share/vrx_ros/package.sh'
[0.269s] INFO:colcon.colcon_core.shell:Creating package script '/home/zjh/vrx_ws/install/share/vrx_ros/package.bash'
[0.269s] INFO:colcon.colcon_core.shell:Creating package script '/home/zjh/vrx_ws/install/share/vrx_ros/package.zsh'
[0.270s] Level 1:colcon.colcon_core.environment:create_file_with_runtime_dependencies(/home/zjh/vrx_ws/install/share/colcon-core/packages/vrx_ros)
[0.286s] Level 1:colcon.colcon_core.environment:create_environment_scripts_only(vrx_ros)
[0.287s] Level 1:colcon.colcon_core.environment:checking '/home/zjh/vrx_ws/install' for CMake module files
[0.287s] Level 1:colcon.colcon_core.environment:checking '/home/zjh/vrx_ws/install' for CMake config files
[0.287s] Level 1:colcon.colcon_core.shell:create_environment_hook('vrx_ros', 'cmake_prefix_path')
[0.288s] INFO:colcon.colcon_core.shell:Creating environment hook '/home/zjh/vrx_ws/install/share/vrx_ros/hook/cmake_prefix_path.ps1'
[0.288s] INFO:colcon.colcon_core.shell:Creating environment descriptor '/home/zjh/vrx_ws/install/share/vrx_ros/hook/cmake_prefix_path.dsv'
[0.288s] INFO:colcon.colcon_core.shell:Creating environment hook '/home/zjh/vrx_ws/install/share/vrx_ros/hook/cmake_prefix_path.sh'
[0.289s] Level 1:colcon.colcon_core.environment:checking '/home/zjh/vrx_ws/install/lib'
[0.289s] Level 1:colcon.colcon_core.shell:create_environment_hook('vrx_ros', 'ld_library_path_lib')
[0.289s] INFO:colcon.colcon_core.shell:Creating environment hook '/home/zjh/vrx_ws/install/share/vrx_ros/hook/ld_library_path_lib.ps1'
[0.290s] INFO:colcon.colcon_core.shell:Creating environment descriptor '/home/zjh/vrx_ws/install/share/vrx_ros/hook/ld_library_path_lib.dsv'
[0.290s] INFO:colcon.colcon_core.shell:Creating environment hook '/home/zjh/vrx_ws/install/share/vrx_ros/hook/ld_library_path_lib.sh'
[0.290s] Level 1:colcon.colcon_core.environment:checking '/home/zjh/vrx_ws/install/bin'
[0.290s] Level 1:colcon.colcon_core.environment:checking '/home/zjh/vrx_ws/install/lib/pkgconfig/vrx_ros.pc'
[0.291s] Level 1:colcon.colcon_core.environment:checking '/home/zjh/vrx_ws/install/lib/python3.10/site-packages'
[0.291s] Level 1:colcon.colcon_core.environment:checking '/home/zjh/vrx_ws/install/bin'
[0.291s] INFO:colcon.colcon_core.shell:Creating package script '/home/zjh/vrx_ws/install/share/vrx_ros/package.ps1'
[0.291s] INFO:colcon.colcon_core.shell:Creating package descriptor '/home/zjh/vrx_ws/install/share/vrx_ros/package.dsv'
[0.292s] INFO:colcon.colcon_core.shell:Creating package script '/home/zjh/vrx_ws/install/share/vrx_ros/package.sh'
[0.292s] INFO:colcon.colcon_core.shell:Creating package script '/home/zjh/vrx_ws/install/share/vrx_ros/package.bash'
[0.293s] INFO:colcon.colcon_core.shell:Creating package script '/home/zjh/vrx_ws/install/share/vrx_ros/package.zsh'
[0.293s] Level 1:colcon.colcon_core.environment:create_file_with_runtime_dependencies(/home/zjh/vrx_ws/install/share/colcon-core/packages/vrx_ros)
[0.293s] INFO:colcon.colcon_ros.task.ament_cmake.build:Building ROS package in '/home/zjh/vrx_ws/src/vrx/vrx_gz' with build type 'ament_cmake'
[0.293s] INFO:colcon.colcon_cmake.task.cmake.build:Building CMake package in '/home/zjh/vrx_ws/src/vrx/vrx_gz'
[0.294s] INFO:colcon.colcon_core.shell:Skip shell extension 'powershell' for command environment: Not usable outside of PowerShell
[0.294s] DEBUG:colcon.colcon_core.shell:Skip shell extension 'dsv' for command environment
[0.302s] DEBUG:colcon.colcon_core.event_handler.log_command:Invoking command in '/home/zjh/vrx_ws/build/vrx_gz': AMENT_PREFIX_PATH=/home/zjh/vrx_ws/install:${AMENT_PREFIX_PATH} CMAKE_PREFIX_PATH=/home/zjh/vrx_ws/install:/home/zjh/dev_ws/install/learning_topic_cpp:/home/zjh/dev_ws/install/learning_tf_cpp:/home/zjh/dev_ws/install/learning_service_cpp:/home/zjh/dev_ws/install/learning_pkg_c:/home/zjh/dev_ws/install/learning_parameter_cpp:/home/zjh/dev_ws/install/learning_node_cpp:/home/zjh/dev_ws/install/learning_action_cpp:/home/zjh/dev_ws/install/learning_interface:/home/zjh/dev_ws/install/learning_urdf:/home/zjh/dev_ws/install/learning_topic:/home/zjh/dev_ws/install/learning_tf:/home/zjh/dev_ws/install/learning_service:/home/zjh/dev_ws/install/learning_qos:/home/zjh/dev_ws/install/learning_pkg_python:/home/zjh/dev_ws/install/learning_parameter:/home/zjh/dev_ws/install/learning_node:/home/zjh/dev_ws/install/learning_launch:/home/zjh/dev_ws/install/learning_action:/home/zjh/dev_ws/install/learning_gazebo_harmonic:/home/zjh/dev_ws/install/learning_gazebo:/home/zjh/dev_ws/install/learning_cv:/opt/ros/humble LD_LIBRARY_PATH=/home/zjh/vrx_ws/install/lib:${LD_LIBRARY_PATH} /usr/bin/cmake --build /home/zjh/vrx_ws/build/vrx_gz -- -j24 -l24
[0.368s] DEBUG:colcon.colcon_core.event_handler.log_command:Invoked command in '/home/zjh/vrx_ws/build/vrx_gazebo' returned '0': CMAKE_PREFIX_PATH=${CMAKE_PREFIX_PATH}:/home/zjh/dev_ws/install/learning_urdf:/home/zjh/dev_ws/install/learning_topic:/home/zjh/dev_ws/install/learning_tf:/home/zjh/dev_ws/install/learning_service:/home/zjh/dev_ws/install/learning_qos:/home/zjh/dev_ws/install/learning_pkg_python:/home/zjh/dev_ws/install/learning_parameter:/home/zjh/dev_ws/install/learning_node:/home/zjh/dev_ws/install/learning_launch:/home/zjh/dev_ws/install/learning_action:/home/zjh/dev_ws/install/learning_gazebo_harmonic:/home/zjh/dev_ws/install/learning_gazebo:/home/zjh/dev_ws/install/learning_cv:/opt/ros/humble /usr/bin/cmake --build /home/zjh/vrx_ws/build/vrx_gazebo -- -j24 -l24
[0.382s] DEBUG:colcon.colcon_core.event_handler.log_command:Invoking command in '/home/zjh/vrx_ws/build/vrx_gazebo': CMAKE_PREFIX_PATH=${CMAKE_PREFIX_PATH}:/home/zjh/dev_ws/install/learning_urdf:/home/zjh/dev_ws/install/learning_topic:/home/zjh/dev_ws/install/learning_tf:/home/zjh/dev_ws/install/learning_service:/home/zjh/dev_ws/install/learning_qos:/home/zjh/dev_ws/install/learning_pkg_python:/home/zjh/dev_ws/install/learning_parameter:/home/zjh/dev_ws/install/learning_node:/home/zjh/dev_ws/install/learning_launch:/home/zjh/dev_ws/install/learning_action:/home/zjh/dev_ws/install/learning_gazebo_harmonic:/home/zjh/dev_ws/install/learning_gazebo:/home/zjh/dev_ws/install/learning_cv:/opt/ros/humble /usr/bin/cmake --install /home/zjh/vrx_ws/build/vrx_gazebo
[0.410s] Level 1:colcon.colcon_core.environment:create_environment_scripts_only(vrx_gazebo)
[0.411s] DEBUG:colcon.colcon_core.event_handler.log_command:Invoked command in '/home/zjh/vrx_ws/build/vrx_gazebo' returned '0': CMAKE_PREFIX_PATH=${CMAKE_PREFIX_PATH}:/home/zjh/dev_ws/install/learning_urdf:/home/zjh/dev_ws/install/learning_topic:/home/zjh/dev_ws/install/learning_tf:/home/zjh/dev_ws/install/learning_service:/home/zjh/dev_ws/install/learning_qos:/home/zjh/dev_ws/install/learning_pkg_python:/home/zjh/dev_ws/install/learning_parameter:/home/zjh/dev_ws/install/learning_node:/home/zjh/dev_ws/install/learning_launch:/home/zjh/dev_ws/install/learning_action:/home/zjh/dev_ws/install/learning_gazebo_harmonic:/home/zjh/dev_ws/install/learning_gazebo:/home/zjh/dev_ws/install/learning_cv:/opt/ros/humble /usr/bin/cmake --install /home/zjh/vrx_ws/build/vrx_gazebo
[0.411s] Level 1:colcon.colcon_core.environment:checking '/home/zjh/vrx_ws/install' for CMake module files
[0.411s] Level 1:colcon.colcon_core.environment:checking '/home/zjh/vrx_ws/install' for CMake config files
[0.411s] Level 1:colcon.colcon_core.shell:create_environment_hook('vrx_gazebo', 'cmake_prefix_path')
[0.411s] INFO:colcon.colcon_core.shell:Creating environment hook '/home/zjh/vrx_ws/install/share/vrx_gazebo/hook/cmake_prefix_path.ps1'
[0.412s] INFO:colcon.colcon_core.shell:Creating environment descriptor '/home/zjh/vrx_ws/install/share/vrx_gazebo/hook/cmake_prefix_path.dsv'
[0.412s] INFO:colcon.colcon_core.shell:Creating environment hook '/home/zjh/vrx_ws/install/share/vrx_gazebo/hook/cmake_prefix_path.sh'
[0.412s] Level 1:colcon.colcon_core.environment:checking '/home/zjh/vrx_ws/install/lib'
[0.412s] Level 1:colcon.colcon_core.shell:create_environment_hook('vrx_gazebo', 'ld_library_path_lib')
[0.412s] INFO:colcon.colcon_core.shell:Creating environment hook '/home/zjh/vrx_ws/install/share/vrx_gazebo/hook/ld_library_path_lib.ps1'
[0.412s] INFO:colcon.colcon_core.shell:Creating environment descriptor '/home/zjh/vrx_ws/install/share/vrx_gazebo/hook/ld_library_path_lib.dsv'
[0.413s] INFO:colcon.colcon_core.shell:Creating environment hook '/home/zjh/vrx_ws/install/share/vrx_gazebo/hook/ld_library_path_lib.sh'
[0.413s] Level 1:colcon.colcon_core.environment:checking '/home/zjh/vrx_ws/install/bin'
[0.413s] Level 1:colcon.colcon_core.environment:checking '/home/zjh/vrx_ws/install/lib/pkgconfig/vrx_gazebo.pc'
[0.413s] Level 1:colcon.colcon_core.environment:checking '/home/zjh/vrx_ws/install/lib/python3.10/site-packages'
[0.413s] Level 1:colcon.colcon_core.environment:checking '/home/zjh/vrx_ws/install/bin'
[0.413s] INFO:colcon.colcon_core.shell:Creating package script '/home/zjh/vrx_ws/install/share/vrx_gazebo/package.ps1'
[0.413s] INFO:colcon.colcon_core.shell:Creating package descriptor '/home/zjh/vrx_ws/install/share/vrx_gazebo/package.dsv'
[0.414s] INFO:colcon.colcon_core.shell:Creating package script '/home/zjh/vrx_ws/install/share/vrx_gazebo/package.sh'
[0.414s] INFO:colcon.colcon_core.shell:Creating package script '/home/zjh/vrx_ws/install/share/vrx_gazebo/package.bash'
[0.414s] INFO:colcon.colcon_core.shell:Creating package script '/home/zjh/vrx_ws/install/share/vrx_gazebo/package.zsh'
[0.414s] Level 1:colcon.colcon_core.environment:create_file_with_runtime_dependencies(/home/zjh/vrx_ws/install/share/colcon-core/packages/vrx_gazebo)
[0.428s] Level 1:colcon.colcon_core.environment:create_environment_scripts_only(vrx_gazebo)
[0.428s] Level 1:colcon.colcon_core.environment:checking '/home/zjh/vrx_ws/install' for CMake module files
[0.428s] Level 1:colcon.colcon_core.environment:checking '/home/zjh/vrx_ws/install' for CMake config files
[0.428s] Level 1:colcon.colcon_core.shell:create_environment_hook('vrx_gazebo', 'cmake_prefix_path')
[0.428s] INFO:colcon.colcon_core.shell:Creating environment hook '/home/zjh/vrx_ws/install/share/vrx_gazebo/hook/cmake_prefix_path.ps1'
[0.429s] INFO:colcon.colcon_core.shell:Creating environment descriptor '/home/zjh/vrx_ws/install/share/vrx_gazebo/hook/cmake_prefix_path.dsv'
[0.429s] INFO:colcon.colcon_core.shell:Creating environment hook '/home/zjh/vrx_ws/install/share/vrx_gazebo/hook/cmake_prefix_path.sh'
[0.429s] Level 1:colcon.colcon_core.environment:checking '/home/zjh/vrx_ws/install/lib'
[0.429s] Level 1:colcon.colcon_core.shell:create_environment_hook('vrx_gazebo', 'ld_library_path_lib')
[0.429s] INFO:colcon.colcon_core.shell:Creating environment hook '/home/zjh/vrx_ws/install/share/vrx_gazebo/hook/ld_library_path_lib.ps1'
[0.429s] INFO:colcon.colcon_core.shell:Creating environment descriptor '/home/zjh/vrx_ws/install/share/vrx_gazebo/hook/ld_library_path_lib.dsv'
[0.429s] INFO:colcon.colcon_core.shell:Creating environment hook '/home/zjh/vrx_ws/install/share/vrx_gazebo/hook/ld_library_path_lib.sh'
[0.430s] Level 1:colcon.colcon_core.environment:checking '/home/zjh/vrx_ws/install/bin'
[0.430s] Level 1:colcon.colcon_core.environment:checking '/home/zjh/vrx_ws/install/lib/pkgconfig/vrx_gazebo.pc'
[0.430s] Level 1:colcon.colcon_core.environment:checking '/home/zjh/vrx_ws/install/lib/python3.10/site-packages'
[0.430s] Level 1:colcon.colcon_core.environment:checking '/home/zjh/vrx_ws/install/bin'
[0.430s] INFO:colcon.colcon_core.shell:Creating package script '/home/zjh/vrx_ws/install/share/vrx_gazebo/package.ps1'
[0.430s] INFO:colcon.colcon_core.shell:Creating package descriptor '/home/zjh/vrx_ws/install/share/vrx_gazebo/package.dsv'
[0.430s] INFO:colcon.colcon_core.shell:Creating package script '/home/zjh/vrx_ws/install/share/vrx_gazebo/package.sh'
[0.431s] INFO:colcon.colcon_core.shell:Creating package script '/home/zjh/vrx_ws/install/share/vrx_gazebo/package.bash'
[0.431s] INFO:colcon.colcon_core.shell:Creating package script '/home/zjh/vrx_ws/install/share/vrx_gazebo/package.zsh'
[0.431s] Level 1:colcon.colcon_core.environment:create_file_with_runtime_dependencies(/home/zjh/vrx_ws/install/share/colcon-core/packages/vrx_gazebo)
[0.431s] INFO:colcon.colcon_ros.task.ament_cmake.build:Building ROS package in '/home/zjh/vrx_ws/src/vrx/vrx_urdf/wamv_description' with build type 'ament_cmake'
[0.431s] INFO:colcon.colcon_cmake.task.cmake.build:Building CMake package in '/home/zjh/vrx_ws/src/vrx/vrx_urdf/wamv_description'
[0.431s] INFO:colcon.colcon_core.shell:Skip shell extension 'powershell' for command environment: Not usable outside of PowerShell
[0.431s] DEBUG:colcon.colcon_core.shell:Skip shell extension 'dsv' for command environment
[0.436s] DEBUG:colcon.colcon_core.event_handler.log_command:Invoking command in '/home/zjh/vrx_ws/build/wamv_description': AMENT_PREFIX_PATH=/home/zjh/vrx_ws/install:${AMENT_PREFIX_PATH} CMAKE_PREFIX_PATH=/home/zjh/vrx_ws/install:/home/zjh/dev_ws/install/learning_topic_cpp:/home/zjh/dev_ws/install/learning_tf_cpp:/home/zjh/dev_ws/install/learning_service_cpp:/home/zjh/dev_ws/install/learning_pkg_c:/home/zjh/dev_ws/install/learning_parameter_cpp:/home/zjh/dev_ws/install/learning_node_cpp:/home/zjh/dev_ws/install/learning_action_cpp:/home/zjh/dev_ws/install/learning_interface:/home/zjh/dev_ws/install/learning_urdf:/home/zjh/dev_ws/install/learning_topic:/home/zjh/dev_ws/install/learning_tf:/home/zjh/dev_ws/install/learning_service:/home/zjh/dev_ws/install/learning_qos:/home/zjh/dev_ws/install/learning_pkg_python:/home/zjh/dev_ws/install/learning_parameter:/home/zjh/dev_ws/install/learning_node:/home/zjh/dev_ws/install/learning_launch:/home/zjh/dev_ws/install/learning_action:/home/zjh/dev_ws/install/learning_gazebo_harmonic:/home/zjh/dev_ws/install/learning_gazebo:/home/zjh/dev_ws/install/learning_cv:/opt/ros/humble GZ_SIM_RESOURCE_PATH=/home/zjh/vrx_ws/install/share/vrx_gazebo/models:/home/zjh/vrx_ws/install/share:${GZ_SIM_RESOURCE_PATH} LD_LIBRARY_PATH=/home/zjh/vrx_ws/install/lib:${LD_LIBRARY_PATH} PYTHONPATH=/home/zjh/vrx_ws/install/local/lib/python3.10/dist-packages:${PYTHONPATH} /usr/bin/cmake --build /home/zjh/vrx_ws/build/wamv_description -- -j24 -l24
[0.470s] DEBUG:colcon.colcon_core.event_handler.log_command:Invoked command in '/home/zjh/vrx_ws/build/wamv_description' returned '0': AMENT_PREFIX_PATH=/home/zjh/vrx_ws/install:${AMENT_PREFIX_PATH} CMAKE_PREFIX_PATH=/home/zjh/vrx_ws/install:/home/zjh/dev_ws/install/learning_topic_cpp:/home/zjh/dev_ws/install/learning_tf_cpp:/home/zjh/dev_ws/install/learning_service_cpp:/home/zjh/dev_ws/install/learning_pkg_c:/home/zjh/dev_ws/install/learning_parameter_cpp:/home/zjh/dev_ws/install/learning_node_cpp:/home/zjh/dev_ws/install/learning_action_cpp:/home/zjh/dev_ws/install/learning_interface:/home/zjh/dev_ws/install/learning_urdf:/home/zjh/dev_ws/install/learning_topic:/home/zjh/dev_ws/install/learning_tf:/home/zjh/dev_ws/install/learning_service:/home/zjh/dev_ws/install/learning_qos:/home/zjh/dev_ws/install/learning_pkg_python:/home/zjh/dev_ws/install/learning_parameter:/home/zjh/dev_ws/install/learning_node:/home/zjh/dev_ws/install/learning_launch:/home/zjh/dev_ws/install/learning_action:/home/zjh/dev_ws/install/learning_gazebo_harmonic:/home/zjh/dev_ws/install/learning_gazebo:/home/zjh/dev_ws/install/learning_cv:/opt/ros/humble GZ_SIM_RESOURCE_PATH=/home/zjh/vrx_ws/install/share/vrx_gazebo/models:/home/zjh/vrx_ws/install/share:${GZ_SIM_RESOURCE_PATH} LD_LIBRARY_PATH=/home/zjh/vrx_ws/install/lib:${LD_LIBRARY_PATH} PYTHONPATH=/home/zjh/vrx_ws/install/local/lib/python3.10/dist-packages:${PYTHONPATH} /usr/bin/cmake --build /home/zjh/vrx_ws/build/wamv_description -- -j24 -l24
[0.484s] DEBUG:colcon.colcon_core.event_handler.log_command:Invoking command in '/home/zjh/vrx_ws/build/wamv_description': AMENT_PREFIX_PATH=/home/zjh/vrx_ws/install:${AMENT_PREFIX_PATH} CMAKE_PREFIX_PATH=/home/zjh/vrx_ws/install:/home/zjh/dev_ws/install/learning_topic_cpp:/home/zjh/dev_ws/install/learning_tf_cpp:/home/zjh/dev_ws/install/learning_service_cpp:/home/zjh/dev_ws/install/learning_pkg_c:/home/zjh/dev_ws/install/learning_parameter_cpp:/home/zjh/dev_ws/install/learning_node_cpp:/home/zjh/dev_ws/install/learning_action_cpp:/home/zjh/dev_ws/install/learning_interface:/home/zjh/dev_ws/install/learning_urdf:/home/zjh/dev_ws/install/learning_topic:/home/zjh/dev_ws/install/learning_tf:/home/zjh/dev_ws/install/learning_service:/home/zjh/dev_ws/install/learning_qos:/home/zjh/dev_ws/install/learning_pkg_python:/home/zjh/dev_ws/install/learning_parameter:/home/zjh/dev_ws/install/learning_node:/home/zjh/dev_ws/install/learning_launch:/home/zjh/dev_ws/install/learning_action:/home/zjh/dev_ws/install/learning_gazebo_harmonic:/home/zjh/dev_ws/install/learning_gazebo:/home/zjh/dev_ws/install/learning_cv:/opt/ros/humble GZ_SIM_RESOURCE_PATH=/home/zjh/vrx_ws/install/share/vrx_gazebo/models:/home/zjh/vrx_ws/install/share:${GZ_SIM_RESOURCE_PATH} LD_LIBRARY_PATH=/home/zjh/vrx_ws/install/lib:${LD_LIBRARY_PATH} PYTHONPATH=/home/zjh/vrx_ws/install/local/lib/python3.10/dist-packages:${PYTHONPATH} /usr/bin/cmake --install /home/zjh/vrx_ws/build/wamv_description
[0.489s] Level 1:colcon.colcon_core.environment:create_environment_scripts_only(wamv_description)
[0.489s] Level 1:colcon.colcon_core.environment:checking '/home/zjh/vrx_ws/install' for CMake module files
[0.489s] DEBUG:colcon.colcon_core.event_handler.log_command:Invoked command in '/home/zjh/vrx_ws/build/wamv_description' returned '0': AMENT_PREFIX_PATH=/home/zjh/vrx_ws/install:${AMENT_PREFIX_PATH} CMAKE_PREFIX_PATH=/home/zjh/vrx_ws/install:/home/zjh/dev_ws/install/learning_topic_cpp:/home/zjh/dev_ws/install/learning_tf_cpp:/home/zjh/dev_ws/install/learning_service_cpp:/home/zjh/dev_ws/install/learning_pkg_c:/home/zjh/dev_ws/install/learning_parameter_cpp:/home/zjh/dev_ws/install/learning_node_cpp:/home/zjh/dev_ws/install/learning_action_cpp:/home/zjh/dev_ws/install/learning_interface:/home/zjh/dev_ws/install/learning_urdf:/home/zjh/dev_ws/install/learning_topic:/home/zjh/dev_ws/install/learning_tf:/home/zjh/dev_ws/install/learning_service:/home/zjh/dev_ws/install/learning_qos:/home/zjh/dev_ws/install/learning_pkg_python:/home/zjh/dev_ws/install/learning_parameter:/home/zjh/dev_ws/install/learning_node:/home/zjh/dev_ws/install/learning_launch:/home/zjh/dev_ws/install/learning_action:/home/zjh/dev_ws/install/learning_gazebo_harmonic:/home/zjh/dev_ws/install/learning_gazebo:/home/zjh/dev_ws/install/learning_cv:/opt/ros/humble GZ_SIM_RESOURCE_PATH=/home/zjh/vrx_ws/install/share/vrx_gazebo/models:/home/zjh/vrx_ws/install/share:${GZ_SIM_RESOURCE_PATH} LD_LIBRARY_PATH=/home/zjh/vrx_ws/install/lib:${LD_LIBRARY_PATH} PYTHONPATH=/home/zjh/vrx_ws/install/local/lib/python3.10/dist-packages:${PYTHONPATH} /usr/bin/cmake --install /home/zjh/vrx_ws/build/wamv_description
[0.489s] Level 1:colcon.colcon_core.environment:checking '/home/zjh/vrx_ws/install' for CMake config files
[0.489s] Level 1:colcon.colcon_core.shell:create_environment_hook('wamv_description', 'cmake_prefix_path')
[0.490s] INFO:colcon.colcon_core.shell:Creating environment hook '/home/zjh/vrx_ws/install/share/wamv_description/hook/cmake_prefix_path.ps1'
[0.490s] INFO:colcon.colcon_core.shell:Creating environment descriptor '/home/zjh/vrx_ws/install/share/wamv_description/hook/cmake_prefix_path.dsv'
[0.490s] INFO:colcon.colcon_core.shell:Creating environment hook '/home/zjh/vrx_ws/install/share/wamv_description/hook/cmake_prefix_path.sh'
[0.490s] Level 1:colcon.colcon_core.environment:checking '/home/zjh/vrx_ws/install/lib'
[0.490s] Level 1:colcon.colcon_core.shell:create_environment_hook('wamv_description', 'ld_library_path_lib')
[0.490s] INFO:colcon.colcon_core.shell:Creating environment hook '/home/zjh/vrx_ws/install/share/wamv_description/hook/ld_library_path_lib.ps1'
[0.491s] INFO:colcon.colcon_core.shell:Creating environment descriptor '/home/zjh/vrx_ws/install/share/wamv_description/hook/ld_library_path_lib.dsv'
[0.491s] INFO:colcon.colcon_core.shell:Creating environment hook '/home/zjh/vrx_ws/install/share/wamv_description/hook/ld_library_path_lib.sh'
[0.491s] Level 1:colcon.colcon_core.environment:checking '/home/zjh/vrx_ws/install/bin'
[0.491s] Level 1:colcon.colcon_core.environment:checking '/home/zjh/vrx_ws/install/lib/pkgconfig/wamv_description.pc'
[0.491s] Level 1:colcon.colcon_core.environment:checking '/home/zjh/vrx_ws/install/lib/python3.10/site-packages'
[0.491s] Level 1:colcon.colcon_core.environment:checking '/home/zjh/vrx_ws/install/bin'
[0.491s] INFO:colcon.colcon_core.shell:Creating package script '/home/zjh/vrx_ws/install/share/wamv_description/package.ps1'
[0.492s] INFO:colcon.colcon_core.shell:Creating package descriptor '/home/zjh/vrx_ws/install/share/wamv_description/package.dsv'
[0.492s] INFO:colcon.colcon_core.shell:Creating package script '/home/zjh/vrx_ws/install/share/wamv_description/package.sh'
[0.492s] INFO:colcon.colcon_core.shell:Creating package script '/home/zjh/vrx_ws/install/share/wamv_description/package.bash'
[0.492s] INFO:colcon.colcon_core.shell:Creating package script '/home/zjh/vrx_ws/install/share/wamv_description/package.zsh'
[0.492s] Level 1:colcon.colcon_core.environment:create_file_with_runtime_dependencies(/home/zjh/vrx_ws/install/share/colcon-core/packages/wamv_description)
[0.493s] DEBUG:colcon.colcon_core.event_handler.log_command:Invoked command in '/home/zjh/vrx_ws/build/vrx_gz' returned '0': AMENT_PREFIX_PATH=/home/zjh/vrx_ws/install:${AMENT_PREFIX_PATH} CMAKE_PREFIX_PATH=/home/zjh/vrx_ws/install:/home/zjh/dev_ws/install/learning_topic_cpp:/home/zjh/dev_ws/install/learning_tf_cpp:/home/zjh/dev_ws/install/learning_service_cpp:/home/zjh/dev_ws/install/learning_pkg_c:/home/zjh/dev_ws/install/learning_parameter_cpp:/home/zjh/dev_ws/install/learning_node_cpp:/home/zjh/dev_ws/install/learning_action_cpp:/home/zjh/dev_ws/install/learning_interface:/home/zjh/dev_ws/install/learning_urdf:/home/zjh/dev_ws/install/learning_topic:/home/zjh/dev_ws/install/learning_tf:/home/zjh/dev_ws/install/learning_service:/home/zjh/dev_ws/install/learning_qos:/home/zjh/dev_ws/install/learning_pkg_python:/home/zjh/dev_ws/install/learning_parameter:/home/zjh/dev_ws/install/learning_node:/home/zjh/dev_ws/install/learning_launch:/home/zjh/dev_ws/install/learning_action:/home/zjh/dev_ws/install/learning_gazebo_harmonic:/home/zjh/dev_ws/install/learning_gazebo:/home/zjh/dev_ws/install/learning_cv:/opt/ros/humble LD_LIBRARY_PATH=/home/zjh/vrx_ws/install/lib:${LD_LIBRARY_PATH} /usr/bin/cmake --build /home/zjh/vrx_ws/build/vrx_gz -- -j24 -l24
[0.505s] Level 1:colcon.colcon_core.environment:create_environment_scripts_only(wamv_description)
[0.505s] Level 1:colcon.colcon_core.environment:checking '/home/zjh/vrx_ws/install' for CMake module files
[0.505s] Level 1:colcon.colcon_core.environment:checking '/home/zjh/vrx_ws/install' for CMake config files
[0.505s] Level 1:colcon.colcon_core.shell:create_environment_hook('wamv_description', 'cmake_prefix_path')
[0.505s] INFO:colcon.colcon_core.shell:Creating environment hook '/home/zjh/vrx_ws/install/share/wamv_description/hook/cmake_prefix_path.ps1'
[0.506s] INFO:colcon.colcon_core.shell:Creating environment descriptor '/home/zjh/vrx_ws/install/share/wamv_description/hook/cmake_prefix_path.dsv'
[0.506s] INFO:colcon.colcon_core.shell:Creating environment hook '/home/zjh/vrx_ws/install/share/wamv_description/hook/cmake_prefix_path.sh'
[0.506s] Level 1:colcon.colcon_core.environment:checking '/home/zjh/vrx_ws/install/lib'
[0.506s] Level 1:colcon.colcon_core.shell:create_environment_hook('wamv_description', 'ld_library_path_lib')
[0.506s] INFO:colcon.colcon_core.shell:Creating environment hook '/home/zjh/vrx_ws/install/share/wamv_description/hook/ld_library_path_lib.ps1'
[0.506s] INFO:colcon.colcon_core.shell:Creating environment descriptor '/home/zjh/vrx_ws/install/share/wamv_description/hook/ld_library_path_lib.dsv'
[0.506s] INFO:colcon.colcon_core.shell:Creating environment hook '/home/zjh/vrx_ws/install/share/wamv_description/hook/ld_library_path_lib.sh'
[0.507s] Level 1:colcon.colcon_core.environment:checking '/home/zjh/vrx_ws/install/bin'
[0.507s] Level 1:colcon.colcon_core.environment:checking '/home/zjh/vrx_ws/install/lib/pkgconfig/wamv_description.pc'
[0.507s] Level 1:colcon.colcon_core.environment:checking '/home/zjh/vrx_ws/install/lib/python3.10/site-packages'
[0.507s] Level 1:colcon.colcon_core.environment:checking '/home/zjh/vrx_ws/install/bin'
[0.507s] INFO:colcon.colcon_core.shell:Creating package script '/home/zjh/vrx_ws/install/share/wamv_description/package.ps1'
[0.507s] INFO:colcon.colcon_core.shell:Creating package descriptor '/home/zjh/vrx_ws/install/share/wamv_description/package.dsv'
[0.508s] INFO:colcon.colcon_core.shell:Creating package script '/home/zjh/vrx_ws/install/share/wamv_description/package.sh'
[0.508s] INFO:colcon.colcon_core.shell:Creating package script '/home/zjh/vrx_ws/install/share/wamv_description/package.bash'
[0.508s] INFO:colcon.colcon_core.shell:Creating package script '/home/zjh/vrx_ws/install/share/wamv_description/package.zsh'
[0.508s] Level 1:colcon.colcon_core.environment:create_file_with_runtime_dependencies(/home/zjh/vrx_ws/install/share/colcon-core/packages/wamv_description)
[0.508s] INFO:colcon.colcon_ros.task.ament_cmake.build:Building ROS package in '/home/zjh/vrx_ws/src/vrx/vrx_urdf/wamv_gazebo' with build type 'ament_cmake'
[0.508s] INFO:colcon.colcon_cmake.task.cmake.build:Building CMake package in '/home/zjh/vrx_ws/src/vrx/vrx_urdf/wamv_gazebo'
[0.509s] INFO:colcon.colcon_core.shell:Skip shell extension 'powershell' for command environment: Not usable outside of PowerShell
[0.509s] DEBUG:colcon.colcon_core.shell:Skip shell extension 'dsv' for command environment
[0.514s] DEBUG:colcon.colcon_core.event_handler.log_command:Invoking command in '/home/zjh/vrx_ws/build/wamv_gazebo': AMENT_PREFIX_PATH=/home/zjh/vrx_ws/install:${AMENT_PREFIX_PATH} CMAKE_PREFIX_PATH=/home/zjh/vrx_ws/install:/home/zjh/dev_ws/install/learning_topic_cpp:/home/zjh/dev_ws/install/learning_tf_cpp:/home/zjh/dev_ws/install/learning_service_cpp:/home/zjh/dev_ws/install/learning_pkg_c:/home/zjh/dev_ws/install/learning_parameter_cpp:/home/zjh/dev_ws/install/learning_node_cpp:/home/zjh/dev_ws/install/learning_action_cpp:/home/zjh/dev_ws/install/learning_interface:/home/zjh/dev_ws/install/learning_urdf:/home/zjh/dev_ws/install/learning_topic:/home/zjh/dev_ws/install/learning_tf:/home/zjh/dev_ws/install/learning_service:/home/zjh/dev_ws/install/learning_qos:/home/zjh/dev_ws/install/learning_pkg_python:/home/zjh/dev_ws/install/learning_parameter:/home/zjh/dev_ws/install/learning_node:/home/zjh/dev_ws/install/learning_launch:/home/zjh/dev_ws/install/learning_action:/home/zjh/dev_ws/install/learning_gazebo_harmonic:/home/zjh/dev_ws/install/learning_gazebo:/home/zjh/dev_ws/install/learning_cv:/opt/ros/humble GZ_SIM_RESOURCE_PATH=/home/zjh/vrx_ws/install/share/wamv_description/models:/home/zjh/vrx_ws/install/share/vrx_gazebo/models:/home/zjh/vrx_ws/install/share:${GZ_SIM_RESOURCE_PATH} LD_LIBRARY_PATH=/home/zjh/vrx_ws/install/lib:${LD_LIBRARY_PATH} PYTHONPATH=/home/zjh/vrx_ws/install/local/lib/python3.10/dist-packages:${PYTHONPATH} /usr/bin/cmake --build /home/zjh/vrx_ws/build/wamv_gazebo -- -j24 -l24
[0.533s] DEBUG:colcon.colcon_core.event_handler.log_command:Invoked command in '/home/zjh/vrx_ws/build/wamv_gazebo' returned '0': AMENT_PREFIX_PATH=/home/zjh/vrx_ws/install:${AMENT_PREFIX_PATH} CMAKE_PREFIX_PATH=/home/zjh/vrx_ws/install:/home/zjh/dev_ws/install/learning_topic_cpp:/home/zjh/dev_ws/install/learning_tf_cpp:/home/zjh/dev_ws/install/learning_service_cpp:/home/zjh/dev_ws/install/learning_pkg_c:/home/zjh/dev_ws/install/learning_parameter_cpp:/home/zjh/dev_ws/install/learning_node_cpp:/home/zjh/dev_ws/install/learning_action_cpp:/home/zjh/dev_ws/install/learning_interface:/home/zjh/dev_ws/install/learning_urdf:/home/zjh/dev_ws/install/learning_topic:/home/zjh/dev_ws/install/learning_tf:/home/zjh/dev_ws/install/learning_service:/home/zjh/dev_ws/install/learning_qos:/home/zjh/dev_ws/install/learning_pkg_python:/home/zjh/dev_ws/install/learning_parameter:/home/zjh/dev_ws/install/learning_node:/home/zjh/dev_ws/install/learning_launch:/home/zjh/dev_ws/install/learning_action:/home/zjh/dev_ws/install/learning_gazebo_harmonic:/home/zjh/dev_ws/install/learning_gazebo:/home/zjh/dev_ws/install/learning_cv:/opt/ros/humble GZ_SIM_RESOURCE_PATH=/home/zjh/vrx_ws/install/share/wamv_description/models:/home/zjh/vrx_ws/install/share/vrx_gazebo/models:/home/zjh/vrx_ws/install/share:${GZ_SIM_RESOURCE_PATH} LD_LIBRARY_PATH=/home/zjh/vrx_ws/install/lib:${LD_LIBRARY_PATH} PYTHONPATH=/home/zjh/vrx_ws/install/local/lib/python3.10/dist-packages:${PYTHONPATH} /usr/bin/cmake --build /home/zjh/vrx_ws/build/wamv_gazebo -- -j24 -l24
[0.545s] DEBUG:colcon.colcon_core.event_handler.log_command:Invoking command in '/home/zjh/vrx_ws/build/wamv_gazebo': AMENT_PREFIX_PATH=/home/zjh/vrx_ws/install:${AMENT_PREFIX_PATH} CMAKE_PREFIX_PATH=/home/zjh/vrx_ws/install:/home/zjh/dev_ws/install/learning_topic_cpp:/home/zjh/dev_ws/install/learning_tf_cpp:/home/zjh/dev_ws/install/learning_service_cpp:/home/zjh/dev_ws/install/learning_pkg_c:/home/zjh/dev_ws/install/learning_parameter_cpp:/home/zjh/dev_ws/install/learning_node_cpp:/home/zjh/dev_ws/install/learning_action_cpp:/home/zjh/dev_ws/install/learning_interface:/home/zjh/dev_ws/install/learning_urdf:/home/zjh/dev_ws/install/learning_topic:/home/zjh/dev_ws/install/learning_tf:/home/zjh/dev_ws/install/learning_service:/home/zjh/dev_ws/install/learning_qos:/home/zjh/dev_ws/install/learning_pkg_python:/home/zjh/dev_ws/install/learning_parameter:/home/zjh/dev_ws/install/learning_node:/home/zjh/dev_ws/install/learning_launch:/home/zjh/dev_ws/install/learning_action:/home/zjh/dev_ws/install/learning_gazebo_harmonic:/home/zjh/dev_ws/install/learning_gazebo:/home/zjh/dev_ws/install/learning_cv:/opt/ros/humble GZ_SIM_RESOURCE_PATH=/home/zjh/vrx_ws/install/share/wamv_description/models:/home/zjh/vrx_ws/install/share/vrx_gazebo/models:/home/zjh/vrx_ws/install/share:${GZ_SIM_RESOURCE_PATH} LD_LIBRARY_PATH=/home/zjh/vrx_ws/install/lib:${LD_LIBRARY_PATH} PYTHONPATH=/home/zjh/vrx_ws/install/local/lib/python3.10/dist-packages:${PYTHONPATH} /usr/bin/cmake --install /home/zjh/vrx_ws/build/wamv_gazebo
[0.550s] Level 1:colcon.colcon_core.environment:create_environment_scripts_only(wamv_gazebo)
[0.551s] Level 1:colcon.colcon_core.environment:checking '/home/zjh/vrx_ws/install' for CMake module files
[0.551s] DEBUG:colcon.colcon_core.event_handler.log_command:Invoked command in '/home/zjh/vrx_ws/build/wamv_gazebo' returned '0': AMENT_PREFIX_PATH=/home/zjh/vrx_ws/install:${AMENT_PREFIX_PATH} CMAKE_PREFIX_PATH=/home/zjh/vrx_ws/install:/home/zjh/dev_ws/install/learning_topic_cpp:/home/zjh/dev_ws/install/learning_tf_cpp:/home/zjh/dev_ws/install/learning_service_cpp:/home/zjh/dev_ws/install/learning_pkg_c:/home/zjh/dev_ws/install/learning_parameter_cpp:/home/zjh/dev_ws/install/learning_node_cpp:/home/zjh/dev_ws/install/learning_action_cpp:/home/zjh/dev_ws/install/learning_interface:/home/zjh/dev_ws/install/learning_urdf:/home/zjh/dev_ws/install/learning_topic:/home/zjh/dev_ws/install/learning_tf:/home/zjh/dev_ws/install/learning_service:/home/zjh/dev_ws/install/learning_qos:/home/zjh/dev_ws/install/learning_pkg_python:/home/zjh/dev_ws/install/learning_parameter:/home/zjh/dev_ws/install/learning_node:/home/zjh/dev_ws/install/learning_launch:/home/zjh/dev_ws/install/learning_action:/home/zjh/dev_ws/install/learning_gazebo_harmonic:/home/zjh/dev_ws/install/learning_gazebo:/home/zjh/dev_ws/install/learning_cv:/opt/ros/humble GZ_SIM_RESOURCE_PATH=/home/zjh/vrx_ws/install/share/wamv_description/models:/home/zjh/vrx_ws/install/share/vrx_gazebo/models:/home/zjh/vrx_ws/install/share:${GZ_SIM_RESOURCE_PATH} LD_LIBRARY_PATH=/home/zjh/vrx_ws/install/lib:${LD_LIBRARY_PATH} PYTHONPATH=/home/zjh/vrx_ws/install/local/lib/python3.10/dist-packages:${PYTHONPATH} /usr/bin/cmake --install /home/zjh/vrx_ws/build/wamv_gazebo
[0.552s] Level 1:colcon.colcon_core.environment:checking '/home/zjh/vrx_ws/install' for CMake config files
[0.552s] Level 1:colcon.colcon_core.shell:create_environment_hook('wamv_gazebo', 'cmake_prefix_path')
[0.552s] INFO:colcon.colcon_core.shell:Creating environment hook '/home/zjh/vrx_ws/install/share/wamv_gazebo/hook/cmake_prefix_path.ps1'
[0.552s] INFO:colcon.colcon_core.shell:Creating environment descriptor '/home/zjh/vrx_ws/install/share/wamv_gazebo/hook/cmake_prefix_path.dsv'
[0.552s] INFO:colcon.colcon_core.shell:Creating environment hook '/home/zjh/vrx_ws/install/share/wamv_gazebo/hook/cmake_prefix_path.sh'
[0.553s] Level 1:colcon.colcon_core.environment:checking '/home/zjh/vrx_ws/install/lib'
[0.553s] Level 1:colcon.colcon_core.shell:create_environment_hook('wamv_gazebo', 'ld_library_path_lib')
[0.553s] INFO:colcon.colcon_core.shell:Creating environment hook '/home/zjh/vrx_ws/install/share/wamv_gazebo/hook/ld_library_path_lib.ps1'
[0.553s] INFO:colcon.colcon_core.shell:Creating environment descriptor '/home/zjh/vrx_ws/install/share/wamv_gazebo/hook/ld_library_path_lib.dsv'
[0.553s] INFO:colcon.colcon_core.shell:Creating environment hook '/home/zjh/vrx_ws/install/share/wamv_gazebo/hook/ld_library_path_lib.sh'
[0.553s] Level 1:colcon.colcon_core.environment:checking '/home/zjh/vrx_ws/install/bin'
[0.553s] Level 1:colcon.colcon_core.environment:checking '/home/zjh/vrx_ws/install/lib/pkgconfig/wamv_gazebo.pc'
[0.553s] Level 1:colcon.colcon_core.environment:checking '/home/zjh/vrx_ws/install/lib/python3.10/site-packages'
[0.554s] Level 1:colcon.colcon_core.environment:checking '/home/zjh/vrx_ws/install/bin'
[0.554s] INFO:colcon.colcon_core.shell:Creating package script '/home/zjh/vrx_ws/install/share/wamv_gazebo/package.ps1'
[0.554s] INFO:colcon.colcon_core.shell:Creating package descriptor '/home/zjh/vrx_ws/install/share/wamv_gazebo/package.dsv'
[0.554s] INFO:colcon.colcon_core.shell:Creating package script '/home/zjh/vrx_ws/install/share/wamv_gazebo/package.sh'
[0.554s] INFO:colcon.colcon_core.shell:Creating package script '/home/zjh/vrx_ws/install/share/wamv_gazebo/package.bash'
[0.555s] INFO:colcon.colcon_core.shell:Creating package script '/home/zjh/vrx_ws/install/share/wamv_gazebo/package.zsh'
[0.555s] Level 1:colcon.colcon_core.environment:create_file_with_runtime_dependencies(/home/zjh/vrx_ws/install/share/colcon-core/packages/wamv_gazebo)
[0.556s] DEBUG:colcon.colcon_core.event_handler.log_command:Invoking command in '/home/zjh/vrx_ws/build/vrx_gz': AMENT_PREFIX_PATH=/home/zjh/vrx_ws/install:${AMENT_PREFIX_PATH} CMAKE_PREFIX_PATH=/home/zjh/vrx_ws/install:/home/zjh/dev_ws/install/learning_topic_cpp:/home/zjh/dev_ws/install/learning_tf_cpp:/home/zjh/dev_ws/install/learning_service_cpp:/home/zjh/dev_ws/install/learning_pkg_c:/home/zjh/dev_ws/install/learning_parameter_cpp:/home/zjh/dev_ws/install/learning_node_cpp:/home/zjh/dev_ws/install/learning_action_cpp:/home/zjh/dev_ws/install/learning_interface:/home/zjh/dev_ws/install/learning_urdf:/home/zjh/dev_ws/install/learning_topic:/home/zjh/dev_ws/install/learning_tf:/home/zjh/dev_ws/install/learning_service:/home/zjh/dev_ws/install/learning_qos:/home/zjh/dev_ws/install/learning_pkg_python:/home/zjh/dev_ws/install/learning_parameter:/home/zjh/dev_ws/install/learning_node:/home/zjh/dev_ws/install/learning_launch:/home/zjh/dev_ws/install/learning_action:/home/zjh/dev_ws/install/learning_gazebo_harmonic:/home/zjh/dev_ws/install/learning_gazebo:/home/zjh/dev_ws/install/learning_cv:/opt/ros/humble LD_LIBRARY_PATH=/home/zjh/vrx_ws/install/lib:${LD_LIBRARY_PATH} /usr/bin/cmake --install /home/zjh/vrx_ws/build/vrx_gz
[0.568s] Level 1:colcon.colcon_core.environment:create_environment_scripts_only(wamv_gazebo)
[0.569s] Level 1:colcon.colcon_core.environment:checking '/home/zjh/vrx_ws/install' for CMake module files
[0.569s] Level 1:colcon.colcon_core.environment:checking '/home/zjh/vrx_ws/install' for CMake config files
[0.569s] Level 1:colcon.colcon_core.shell:create_environment_hook('wamv_gazebo', 'cmake_prefix_path')
[0.569s] INFO:colcon.colcon_core.shell:Creating environment hook '/home/zjh/vrx_ws/install/share/wamv_gazebo/hook/cmake_prefix_path.ps1'
[0.569s] INFO:colcon.colcon_core.shell:Creating environment descriptor '/home/zjh/vrx_ws/install/share/wamv_gazebo/hook/cmake_prefix_path.dsv'
[0.570s] INFO:colcon.colcon_core.shell:Creating environment hook '/home/zjh/vrx_ws/install/share/wamv_gazebo/hook/cmake_prefix_path.sh'
[0.570s] Level 1:colcon.colcon_core.environment:checking '/home/zjh/vrx_ws/install/lib'
[0.570s] Level 1:colcon.colcon_core.shell:create_environment_hook('wamv_gazebo', 'ld_library_path_lib')
[0.570s] INFO:colcon.colcon_core.shell:Creating environment hook '/home/zjh/vrx_ws/install/share/wamv_gazebo/hook/ld_library_path_lib.ps1'
[0.570s] INFO:colcon.colcon_core.shell:Creating environment descriptor '/home/zjh/vrx_ws/install/share/wamv_gazebo/hook/ld_library_path_lib.dsv'
[0.570s] INFO:colcon.colcon_core.shell:Creating environment hook '/home/zjh/vrx_ws/install/share/wamv_gazebo/hook/ld_library_path_lib.sh'
[0.570s] Level 1:colcon.colcon_core.environment:checking '/home/zjh/vrx_ws/install/bin'
[0.570s] Level 1:colcon.colcon_core.environment:checking '/home/zjh/vrx_ws/install/lib/pkgconfig/wamv_gazebo.pc'
[0.571s] Level 1:colcon.colcon_core.environment:checking '/home/zjh/vrx_ws/install/lib/python3.10/site-packages'
[0.571s] Level 1:colcon.colcon_core.environment:checking '/home/zjh/vrx_ws/install/bin'
[0.571s] INFO:colcon.colcon_core.shell:Creating package script '/home/zjh/vrx_ws/install/share/wamv_gazebo/package.ps1'
[0.571s] INFO:colcon.colcon_core.shell:Creating package descriptor '/home/zjh/vrx_ws/install/share/wamv_gazebo/package.dsv'
[0.571s] INFO:colcon.colcon_core.shell:Creating package script '/home/zjh/vrx_ws/install/share/wamv_gazebo/package.sh'
[0.572s] INFO:colcon.colcon_core.shell:Creating package script '/home/zjh/vrx_ws/install/share/wamv_gazebo/package.bash'
[0.572s] INFO:colcon.colcon_core.shell:Creating package script '/home/zjh/vrx_ws/install/share/wamv_gazebo/package.zsh'
[0.572s] Level 1:colcon.colcon_core.environment:create_file_with_runtime_dependencies(/home/zjh/vrx_ws/install/share/colcon-core/packages/wamv_gazebo)
[0.590s] Level 1:colcon.colcon_core.environment:create_environment_scripts_only(vrx_gz)
[0.590s] Level 1:colcon.colcon_core.environment:checking '/home/zjh/vrx_ws/install' for CMake module files
[0.590s] DEBUG:colcon.colcon_core.event_handler.log_command:Invoked command in '/home/zjh/vrx_ws/build/vrx_gz' returned '0': AMENT_PREFIX_PATH=/home/zjh/vrx_ws/install:${AMENT_PREFIX_PATH} CMAKE_PREFIX_PATH=/home/zjh/vrx_ws/install:/home/zjh/dev_ws/install/learning_topic_cpp:/home/zjh/dev_ws/install/learning_tf_cpp:/home/zjh/dev_ws/install/learning_service_cpp:/home/zjh/dev_ws/install/learning_pkg_c:/home/zjh/dev_ws/install/learning_parameter_cpp:/home/zjh/dev_ws/install/learning_node_cpp:/home/zjh/dev_ws/install/learning_action_cpp:/home/zjh/dev_ws/install/learning_interface:/home/zjh/dev_ws/install/learning_urdf:/home/zjh/dev_ws/install/learning_topic:/home/zjh/dev_ws/install/learning_tf:/home/zjh/dev_ws/install/learning_service:/home/zjh/dev_ws/install/learning_qos:/home/zjh/dev_ws/install/learning_pkg_python:/home/zjh/dev_ws/install/learning_parameter:/home/zjh/dev_ws/install/learning_node:/home/zjh/dev_ws/install/learning_launch:/home/zjh/dev_ws/install/learning_action:/home/zjh/dev_ws/install/learning_gazebo_harmonic:/home/zjh/dev_ws/install/learning_gazebo:/home/zjh/dev_ws/install/learning_cv:/opt/ros/humble LD_LIBRARY_PATH=/home/zjh/vrx_ws/install/lib:${LD_LIBRARY_PATH} /usr/bin/cmake --install /home/zjh/vrx_ws/build/vrx_gz
[0.590s] Level 1:colcon.colcon_core.environment:checking '/home/zjh/vrx_ws/install' for CMake config files
[0.590s] Level 1:colcon.colcon_core.shell:create_environment_hook('vrx_gz', 'cmake_prefix_path')
[0.591s] INFO:colcon.colcon_core.shell:Creating environment hook '/home/zjh/vrx_ws/install/share/vrx_gz/hook/cmake_prefix_path.ps1'
[0.591s] INFO:colcon.colcon_core.shell:Creating environment descriptor '/home/zjh/vrx_ws/install/share/vrx_gz/hook/cmake_prefix_path.dsv'
[0.591s] INFO:colcon.colcon_core.shell:Creating environment hook '/home/zjh/vrx_ws/install/share/vrx_gz/hook/cmake_prefix_path.sh'
[0.591s] Level 1:colcon.colcon_core.environment:checking '/home/zjh/vrx_ws/install/lib'
[0.591s] Level 1:colcon.colcon_core.shell:create_environment_hook('vrx_gz', 'ld_library_path_lib')
[0.591s] INFO:colcon.colcon_core.shell:Creating environment hook '/home/zjh/vrx_ws/install/share/vrx_gz/hook/ld_library_path_lib.ps1'
[0.592s] INFO:colcon.colcon_core.shell:Creating environment descriptor '/home/zjh/vrx_ws/install/share/vrx_gz/hook/ld_library_path_lib.dsv'
[0.592s] INFO:colcon.colcon_core.shell:Creating environment hook '/home/zjh/vrx_ws/install/share/vrx_gz/hook/ld_library_path_lib.sh'
[0.592s] Level 1:colcon.colcon_core.environment:checking '/home/zjh/vrx_ws/install/bin'
[0.592s] Level 1:colcon.colcon_core.environment:checking '/home/zjh/vrx_ws/install/lib/pkgconfig/vrx_gz.pc'
[0.592s] Level 1:colcon.colcon_core.environment:checking '/home/zjh/vrx_ws/install/lib/python3.10/site-packages'
[0.592s] Level 1:colcon.colcon_core.environment:checking '/home/zjh/vrx_ws/install/bin'
[0.592s] INFO:colcon.colcon_core.shell:Creating package script '/home/zjh/vrx_ws/install/share/vrx_gz/package.ps1'
[0.592s] INFO:colcon.colcon_core.shell:Creating package descriptor '/home/zjh/vrx_ws/install/share/vrx_gz/package.dsv'
[0.593s] INFO:colcon.colcon_core.shell:Creating package script '/home/zjh/vrx_ws/install/share/vrx_gz/package.sh'
[0.593s] INFO:colcon.colcon_core.shell:Creating package script '/home/zjh/vrx_ws/install/share/vrx_gz/package.bash'
[0.593s] INFO:colcon.colcon_core.shell:Creating package script '/home/zjh/vrx_ws/install/share/vrx_gz/package.zsh'
[0.593s] Level 1:colcon.colcon_core.environment:create_file_with_runtime_dependencies(/home/zjh/vrx_ws/install/share/colcon-core/packages/vrx_gz)
[0.653s] Level 1:colcon.colcon_core.environment:create_environment_scripts_only(vrx_gz)
[0.653s] Level 1:colcon.colcon_core.environment:checking '/home/zjh/vrx_ws/install' for CMake module files
[0.654s] Level 1:colcon.colcon_core.environment:checking '/home/zjh/vrx_ws/install' for CMake config files
[0.654s] Level 1:colcon.colcon_core.shell:create_environment_hook('vrx_gz', 'cmake_prefix_path')
[0.654s] INFO:colcon.colcon_core.shell:Creating environment hook '/home/zjh/vrx_ws/install/share/vrx_gz/hook/cmake_prefix_path.ps1'
[0.654s] INFO:colcon.colcon_core.shell:Creating environment descriptor '/home/zjh/vrx_ws/install/share/vrx_gz/hook/cmake_prefix_path.dsv'
[0.654s] INFO:colcon.colcon_core.shell:Creating environment hook '/home/zjh/vrx_ws/install/share/vrx_gz/hook/cmake_prefix_path.sh'
[0.655s] Level 1:colcon.colcon_core.environment:checking '/home/zjh/vrx_ws/install/lib'
[0.655s] Level 1:colcon.colcon_core.shell:create_environment_hook('vrx_gz', 'ld_library_path_lib')
[0.655s] INFO:colcon.colcon_core.shell:Creating environment hook '/home/zjh/vrx_ws/install/share/vrx_gz/hook/ld_library_path_lib.ps1'
[0.655s] INFO:colcon.colcon_core.shell:Creating environment descriptor '/home/zjh/vrx_ws/install/share/vrx_gz/hook/ld_library_path_lib.dsv'
[0.655s] INFO:colcon.colcon_core.shell:Creating environment hook '/home/zjh/vrx_ws/install/share/vrx_gz/hook/ld_library_path_lib.sh'
[0.655s] Level 1:colcon.colcon_core.environment:checking '/home/zjh/vrx_ws/install/bin'
[0.655s] Level 1:colcon.colcon_core.environment:checking '/home/zjh/vrx_ws/install/lib/pkgconfig/vrx_gz.pc'
[0.655s] Level 1:colcon.colcon_core.environment:checking '/home/zjh/vrx_ws/install/lib/python3.10/site-packages'
[0.656s] Level 1:colcon.colcon_core.environment:checking '/home/zjh/vrx_ws/install/bin'
[0.656s] INFO:colcon.colcon_core.shell:Creating package script '/home/zjh/vrx_ws/install/share/vrx_gz/package.ps1'
[0.656s] INFO:colcon.colcon_core.shell:Creating package descriptor '/home/zjh/vrx_ws/install/share/vrx_gz/package.dsv'
[0.656s] INFO:colcon.colcon_core.shell:Creating package script '/home/zjh/vrx_ws/install/share/vrx_gz/package.sh'
[0.656s] INFO:colcon.colcon_core.shell:Creating package script '/home/zjh/vrx_ws/install/share/vrx_gz/package.bash'
[0.657s] INFO:colcon.colcon_core.shell:Creating package script '/home/zjh/vrx_ws/install/share/vrx_gz/package.zsh'
[0.657s] Level 1:colcon.colcon_core.environment:create_file_with_runtime_dependencies(/home/zjh/vrx_ws/install/share/colcon-core/packages/vrx_gz)
[0.657s] DEBUG:colcon.colcon_parallel_executor.executor.parallel:closing loop
[0.657s] DEBUG:colcon.colcon_parallel_executor.executor.parallel:loop closed
[0.657s] DEBUG:colcon.colcon_parallel_executor.executor.parallel:run_until_complete finished with '0'
[0.657s] DEBUG:colcon.colcon_core.event_reactor:joining thread
[0.660s] INFO:colcon.colcon_core.plugin_system:Skipping extension 'colcon_notification.desktop_notification.terminal_notifier': Not used on non-Darwin systems
[0.660s] INFO:colcon.colcon_core.plugin_system:Skipping extension 'colcon_notification.desktop_notification.win32': Not used on non-Windows systems
[0.660s] INFO:colcon.colcon_notification.desktop_notification:Sending desktop notification using 'notify2'
[0.669s] DEBUG:colcon.colcon_core.event_reactor:joined thread
[0.669s] INFO:colcon.colcon_core.shell:Creating prefix script '/home/zjh/vrx_ws/install/local_setup.ps1'
[0.669s] INFO:colcon.colcon_core.shell:Creating prefix util module '/home/zjh/vrx_ws/install/_local_setup_util_ps1.py'
[0.670s] INFO:colcon.colcon_core.shell:Creating prefix chain script '/home/zjh/vrx_ws/install/setup.ps1'
[0.671s] INFO:colcon.colcon_core.shell:Creating prefix script '/home/zjh/vrx_ws/install/local_setup.sh'
[0.671s] INFO:colcon.colcon_core.shell:Creating prefix util module '/home/zjh/vrx_ws/install/_local_setup_util_sh.py'
[0.671s] INFO:colcon.colcon_core.shell:Creating prefix chain script '/home/zjh/vrx_ws/install/setup.sh'
[0.672s] INFO:colcon.colcon_core.shell:Creating prefix script '/home/zjh/vrx_ws/install/local_setup.bash'
[0.672s] INFO:colcon.colcon_core.shell:Creating prefix chain script '/home/zjh/vrx_ws/install/setup.bash'
[0.673s] INFO:colcon.colcon_core.shell:Creating prefix script '/home/zjh/vrx_ws/install/local_setup.zsh'
[0.673s] INFO:colcon.colcon_core.shell:Creating prefix chain script '/home/zjh/vrx_ws/install/setup.zsh'
