[0.007s] Invoking command in '/home/zjh/vrx_ws/build/vrx_ros': CMAKE_PREFIX_PATH=${CMAKE_PREFIX_PATH}:/home/zjh/dev_ws/install/learning_urdf:/home/zjh/dev_ws/install/learning_topic:/home/zjh/dev_ws/install/learning_tf:/home/zjh/dev_ws/install/learning_service:/home/zjh/dev_ws/install/learning_qos:/home/zjh/dev_ws/install/learning_pkg_python:/home/zjh/dev_ws/install/learning_parameter:/home/zjh/dev_ws/install/learning_node:/home/zjh/dev_ws/install/learning_launch:/home/zjh/dev_ws/install/learning_action:/home/zjh/dev_ws/install/learning_gazebo_harmonic:/home/zjh/dev_ws/install/learning_gazebo:/home/zjh/dev_ws/install/learning_cv:/opt/ros/humble /usr/bin/cmake --build /home/zjh/vrx_ws/build/vrx_ros -- -j24 -l24
[0.045s] -- Found ament_cmake: 1.3.11 (/opt/ros/humble/share/ament_cmake/cmake)
[0.124s] -- Found geometry_msgs: 4.2.4 (/opt/ros/humble/share/geometry_msgs/cmake)
[0.144s] -- Found rosidl_generator_c: 3.1.6 (/opt/ros/humble/share/rosidl_generator_c/cmake)
[0.146s] -- Found rosidl_adapter: 3.1.6 (/opt/ros/humble/share/rosidl_adapter/cmake)
[0.151s] -- Found rosidl_generator_cpp: 3.1.6 (/opt/ros/humble/share/rosidl_generator_cpp/cmake)
[0.159s] -- Using all available rosidl_typesupport_c: rosidl_typesupport_fastrtps_c;rosidl_typesupport_introspection_c
[0.168s] -- Using all available rosidl_typesupport_cpp: rosidl_typesupport_fastrtps_cpp;rosidl_typesupport_introspection_cpp
[0.192s] -- Looking for gz-msgs9 -- found version 9.5.1
[0.198s] -- Searching for dependencies of gz-msgs9
[0.212s] -- Looking for gz-math7 -- found version 7.5.1
[0.212s] -- Searching for dependencies of gz-math7
[0.213s] -- Looking for gz-utils2 -- found version 2.2.0
[0.213s] -- Searching for dependencies of gz-utils2
[0.217s] -- Checking for module 'tinyxml2'
[0.227s] --   Found tinyxml2, version 9.0.0
[0.247s] -- Looking for gz-transport12 -- found version 12.2.2
[0.247s] -- Searching for dependencies of gz-transport12
[0.263s] -- Config-file not installed for ZeroMQ -- checking for pkg-config
[0.266s] -- Checking for module 'libzmq >= 4'
[0.275s] --   Found libzmq , version 4.3.4
[0.300s] -- Checking for module 'uuid'
[0.309s] --   Found uuid, version 2.37.2
[0.329s] -- Looking for gz-utils2 -- found version 2.2.0
[0.330s] -- Searching for dependencies of gz-utils2
[0.330s] -- Searching for <gz-utils2> component [cli]
[0.330s] -- Looking for gz-utils2-cli -- found version 2.2.0
[0.330s] -- Searching for dependencies of gz-utils2-cli
[0.331s] -- Looking for gz-msgs9 -- found version 9.5.1
[0.332s] -- Found rclcpp: 16.0.11 (/opt/ros/humble/share/rclcpp/cmake)
[0.353s] -- Found rmw_implementation_cmake: 6.1.2 (/opt/ros/humble/share/rmw_implementation_cmake/cmake)
[0.354s] -- Found rmw_fastrtps_cpp: 6.2.7 (/opt/ros/humble/share/rmw_fastrtps_cpp/cmake)
[0.420s] -- Using RMW implementation 'rmw_fastrtps_cpp' as default
[0.445s] -- Found ros_gz_interfaces: 0.244.11 (/opt/ros/humble/share/ros_gz_interfaces/cmake)
[0.457s] -- Found sensor_msgs: 4.2.4 (/opt/ros/humble/share/sensor_msgs/cmake)
[0.468s] -- Found tf2: 0.25.9 (/opt/ros/humble/share/tf2/cmake)
[0.471s] -- Found tf2_msgs: 0.25.9 (/opt/ros/humble/share/tf2_msgs/cmake)
[0.497s] -- Found tf2_ros: 0.25.9 (/opt/ros/humble/share/tf2_ros/cmake)
[0.564s] -- Configuring done
[0.574s] -- Generating done
[0.575s] -- Build files have been written to: /home/zjh/vrx_ws/build/vrx_ros
[0.593s] [35m[1mConsolidate compiler generated dependencies of target optical_frame_publisher[0m
[0.593s] [35m[1mConsolidate compiler generated dependencies of target pose_tf_broadcaster[0m
[0.618s] [ 25%] [32mBuilding CXX object CMakeFiles/optical_frame_publisher.dir/src/optical_frame_publisher.cc.o[0m
[0.619s] [ 50%] [32mBuilding CXX object CMakeFiles/pose_tf_broadcaster.dir/src/pose_tf_broadcaster.cc.o[0m
[4.738s] [ 75%] [32m[1mLinking CXX executable pose_tf_broadcaster[0m
[4.975s] [ 75%] Built target pose_tf_broadcaster
[6.219s] [100%] [32m[1mLinking CXX executable optical_frame_publisher[0m
[6.525s] [100%] Built target optical_frame_publisher
[6.535s] Invoked command in '/home/zjh/vrx_ws/build/vrx_ros' returned '0': CMAKE_PREFIX_PATH=${CMAKE_PREFIX_PATH}:/home/zjh/dev_ws/install/learning_urdf:/home/zjh/dev_ws/install/learning_topic:/home/zjh/dev_ws/install/learning_tf:/home/zjh/dev_ws/install/learning_service:/home/zjh/dev_ws/install/learning_qos:/home/zjh/dev_ws/install/learning_pkg_python:/home/zjh/dev_ws/install/learning_parameter:/home/zjh/dev_ws/install/learning_node:/home/zjh/dev_ws/install/learning_launch:/home/zjh/dev_ws/install/learning_action:/home/zjh/dev_ws/install/learning_gazebo_harmonic:/home/zjh/dev_ws/install/learning_gazebo:/home/zjh/dev_ws/install/learning_cv:/opt/ros/humble /usr/bin/cmake --build /home/zjh/vrx_ws/build/vrx_ros -- -j24 -l24
[6.556s] Invoking command in '/home/zjh/vrx_ws/build/vrx_ros': CMAKE_PREFIX_PATH=${CMAKE_PREFIX_PATH}:/home/zjh/dev_ws/install/learning_urdf:/home/zjh/dev_ws/install/learning_topic:/home/zjh/dev_ws/install/learning_tf:/home/zjh/dev_ws/install/learning_service:/home/zjh/dev_ws/install/learning_qos:/home/zjh/dev_ws/install/learning_pkg_python:/home/zjh/dev_ws/install/learning_parameter:/home/zjh/dev_ws/install/learning_node:/home/zjh/dev_ws/install/learning_launch:/home/zjh/dev_ws/install/learning_action:/home/zjh/dev_ws/install/learning_gazebo_harmonic:/home/zjh/dev_ws/install/learning_gazebo:/home/zjh/dev_ws/install/learning_cv:/opt/ros/humble /usr/bin/cmake --install /home/zjh/vrx_ws/build/vrx_ros
[6.559s] -- Install configuration: ""
[6.567s] -- Installing: /home/zjh/vrx_ws/install/lib/vrx_ros/optical_frame_publisher
[6.570s] -- Set runtime path of "/home/zjh/vrx_ws/install/lib/vrx_ros/optical_frame_publisher" to ""
[6.570s] -- Installing: /home/zjh/vrx_ws/install/lib/vrx_ros/pose_tf_broadcaster
[6.571s] -- Set runtime path of "/home/zjh/vrx_ws/install/lib/vrx_ros/pose_tf_broadcaster" to ""
[6.571s] -- Up-to-date: /home/zjh/vrx_ws/install/share/vrx_ros/launch
[6.571s] -- Up-to-date: /home/zjh/vrx_ws/install/share/vrx_ros/launch/monitor_sim.py
[6.571s] -- Up-to-date: /home/zjh/vrx_ws/install/share/ament_index/resource_index/package_run_dependencies/vrx_ros
[6.571s] -- Installing: /home/zjh/vrx_ws/install/share/ament_index/resource_index/parent_prefix_path/vrx_ros
[6.572s] -- Installing: /home/zjh/vrx_ws/install/share/vrx_ros/environment/ament_prefix_path.sh
[6.572s] -- Installing: /home/zjh/vrx_ws/install/share/vrx_ros/environment/ament_prefix_path.dsv
[6.572s] -- Installing: /home/zjh/vrx_ws/install/share/vrx_ros/environment/path.sh
[6.572s] -- Installing: /home/zjh/vrx_ws/install/share/vrx_ros/environment/path.dsv
[6.572s] -- Up-to-date: /home/zjh/vrx_ws/install/share/vrx_ros/local_setup.bash
[6.572s] -- Up-to-date: /home/zjh/vrx_ws/install/share/vrx_ros/local_setup.sh
[6.572s] -- Up-to-date: /home/zjh/vrx_ws/install/share/vrx_ros/local_setup.zsh
[6.572s] -- Installing: /home/zjh/vrx_ws/install/share/vrx_ros/local_setup.dsv
[6.572s] -- Installing: /home/zjh/vrx_ws/install/share/vrx_ros/package.dsv
[6.572s] -- Up-to-date: /home/zjh/vrx_ws/install/share/ament_index/resource_index/packages/vrx_ros
[6.572s] -- Up-to-date: /home/zjh/vrx_ws/install/share/vrx_ros/cmake/vrx_rosConfig.cmake
[6.572s] -- Up-to-date: /home/zjh/vrx_ws/install/share/vrx_ros/cmake/vrx_rosConfig-version.cmake
[6.572s] -- Up-to-date: /home/zjh/vrx_ws/install/share/vrx_ros/package.xml
[6.573s] Invoked command in '/home/zjh/vrx_ws/build/vrx_ros' returned '0': CMAKE_PREFIX_PATH=${CMAKE_PREFIX_PATH}:/home/zjh/dev_ws/install/learning_urdf:/home/zjh/dev_ws/install/learning_topic:/home/zjh/dev_ws/install/learning_tf:/home/zjh/dev_ws/install/learning_service:/home/zjh/dev_ws/install/learning_qos:/home/zjh/dev_ws/install/learning_pkg_python:/home/zjh/dev_ws/install/learning_parameter:/home/zjh/dev_ws/install/learning_node:/home/zjh/dev_ws/install/learning_launch:/home/zjh/dev_ws/install/learning_action:/home/zjh/dev_ws/install/learning_gazebo_harmonic:/home/zjh/dev_ws/install/learning_gazebo:/home/zjh/dev_ws/install/learning_cv:/opt/ros/humble /usr/bin/cmake --install /home/zjh/vrx_ws/build/vrx_ros
